[0.017s] Invoking command in '/home/usr/workspaces/ros2_tobii_glasses2/build/tobii_glasses_pkg': /usr/bin/cmake --build /home/usr/workspaces/ros2_tobii_glasses2/build/tobii_glasses_pkg -- -j8 -l8
[0.044s] -- Found ament_cmake: 0.9.9 (/opt/ros/foxy/share/ament_cmake/cmake)
[0.060s] -- Using PYTHON_EXECUTABLE: /usr/bin/python3
[0.200s] -- Found rclpy: 1.0.8 (/opt/ros/foxy/share/rclpy/cmake)
[0.200s] -- Found std_msgs: 2.0.5 (/opt/ros/foxy/share/std_msgs/cmake)
[0.218s] -- Using all available rosidl_typesupport_c: rosidl_typesupport_fastrtps_c;rosidl_typesupport_introspection_c
[0.222s] -- Found rosidl_adapter: 1.2.1 (/opt/ros/foxy/share/rosidl_adapter/cmake)
[0.330s] -- Using all available rosidl_typesupport_cpp: rosidl_typesupport_fastrtps_cpp;rosidl_typesupport_introspection_cpp
[0.376s] -- Found sensor_msgs: 2.0.5 (/opt/ros/foxy/share/sensor_msgs/cmake)
[0.498s] -- Found cv_bridge: 2.2.1 (/opt/ros/foxy/share/cv_bridge/cmake)
[0.517s] -- Found rosidl_default_generators: 1.0.1 (/opt/ros/foxy/share/rosidl_default_generators/cmake)
[0.529s] CMake Error at /opt/ros/foxy/share/ament_cmake_python/cmake/ament_python_install_package.cmake:46 (message):
[0.529s]   ament_python_install_package() the Python package folder
[0.529s]   '/home/usr/workspaces/ros2_tobii_glasses2/tobii_glasses_pkg' doesn't
[0.530s]   contain an '__init__.py' file
[0.530s] Call Stack (most recent call first):
[0.530s]   /opt/ros/foxy/share/ament_cmake_python/cmake/ament_python_install_package.cmake:28 (_ament_cmake_python_install_package)
[0.530s]   CMakeLists.txt:38 (ament_python_install_package)
[0.530s] 
[0.530s] 
[0.531s] -- Configuring incomplete, errors occurred!
[0.531s] See also "/home/usr/workspaces/ros2_tobii_glasses2/build/tobii_glasses_pkg/CMakeFiles/CMakeOutput.log".
[0.535s] make: *** [Makefile:1468: cmake_check_build_system] Error 1
[0.537s] Invoked command in '/home/usr/workspaces/ros2_tobii_glasses2/build/tobii_glasses_pkg' returned '2': /usr/bin/cmake --build /home/usr/workspaces/ros2_tobii_glasses2/build/tobii_glasses_pkg -- -j8 -l8
