[0.018s] Invoking command in '/home/usr/workspaces/ros2_tobii_glasses2/build/tobii_glasses_pkg': /usr/bin/cmake --build /home/usr/workspaces/ros2_tobii_glasses2/build/tobii_glasses_pkg -- -j8 -l8
[0.044s] -- Found ament_cmake: 0.9.9 (/opt/ros/foxy/share/ament_cmake/cmake)
[0.058s] -- Using PYTHON_EXECUTABLE: /usr/bin/python3
[0.194s] -- Found rclpy: 1.0.8 (/opt/ros/foxy/share/rclpy/cmake)
[0.194s] -- Found std_msgs: 2.0.5 (/opt/ros/foxy/share/std_msgs/cmake)
[0.211s] -- Using all available rosidl_typesupport_c: rosidl_typesupport_fastrtps_c;rosidl_typesupport_introspection_c
[0.215s] -- Found rosidl_adapter: 1.2.1 (/opt/ros/foxy/share/rosidl_adapter/cmake)
[0.316s] -- Using all available rosidl_typesupport_cpp: rosidl_typesupport_fastrtps_cpp;rosidl_typesupport_introspection_cpp
[0.359s] -- Found sensor_msgs: 2.0.5 (/opt/ros/foxy/share/sensor_msgs/cmake)
[0.478s] CMake Error at CMakeLists.txt:29 (find_package):
[0.478s]   By not providing "Findcv2.cmake" in CMAKE_MODULE_PATH this project has
[0.478s]   asked CMake to find a package configuration file provided by "cv2", but
[0.478s]   CMake did not find one.
[0.478s] 
[0.478s]   Could not find a package configuration file provided by "cv2" with any of
[0.478s]   the following names:
[0.478s] 
[0.479s]     cv2Config.cmake
[0.479s]     cv2-config.cmake
[0.479s] 
[0.479s]   Add the installation prefix of "cv2" to CMAKE_PREFIX_PATH or set "cv2_DIR"
[0.479s]   to a directory containing one of the above files.  If "cv2" provides a
[0.479s]   separate development package or SDK, be sure it has been installed.
[0.479s] 
[0.479s] 
[0.479s] -- Configuring incomplete, errors occurred!
[0.479s] See also "/home/usr/workspaces/ros2_tobii_glasses2/build/tobii_glasses_pkg/CMakeFiles/CMakeOutput.log".
[0.483s] make: *** [Makefile:1468: cmake_check_build_system] Error 1
[0.485s] Invoked command in '/home/usr/workspaces/ros2_tobii_glasses2/build/tobii_glasses_pkg' returned '2': /usr/bin/cmake --build /home/usr/workspaces/ros2_tobii_glasses2/build/tobii_glasses_pkg -- -j8 -l8
