[0.151s] DEBUG:colcon:Command line arguments: ['/usr/bin/colcon', 'build']
[0.151s] DEBUG:colcon:Parsed command line arguments: Namespace(ament_cmake_args=None, base_paths=['.'], build_base='build', catkin_cmake_args=None, catkin_skip_building_tests=False, cmake_args=None, cmake_clean_cache=False, cmake_clean_first=False, cmake_force_configure=False, cmake_target=None, cmake_target_skip_unavailable=False, continue_on_error=False, event_handlers=None, executor='parallel', ignore_user_meta=False, install_base='install', log_base=None, log_level=None, main=<bound method BuildVerb.main of <colcon_core.verb.build.BuildVerb object at 0x7f7aaedde370>>, merge_install=False, metas=['./colcon.meta'], mixin=None, mixin_files=None, mixin_verb=('build',), packages_above=None, packages_above_and_dependencies=None, packages_above_depth=None, packages_end=None, packages_ignore=None, packages_ignore_regex=None, packages_select=None, packages_select_build_failed=False, packages_select_by_dep=None, packages_select_regex=None, packages_select_test_failures=False, packages_skip=None, packages_skip_build_finished=False, packages_skip_by_dep=None, packages_skip_regex=None, packages_skip_test_passed=False, packages_skip_up_to=None, packages_start=None, packages_up_to=None, packages_up_to_regex=None, parallel_workers=8, paths=None, symlink_install=False, test_result_base=None, verb_extension=<colcon_core.verb.build.BuildVerb object at 0x7f7aaedde370>, verb_name='build', verb_parser=<colcon_mixin.mixin.mixin_argument.MixinArgumentDecorator object at 0x7f7aaedde9d0>)
[0.177s] Level 1:colcon.colcon_core.package_discovery:discover_packages(colcon_meta) check parameters
[0.178s] INFO:colcon.colcon_metadata.package_discovery.colcon_meta:Using configuration from '/root/.colcon/metadata/default/Gazebo.meta'
[0.179s] INFO:colcon.colcon_metadata.package_discovery.colcon_meta:Using configuration from '/root/.colcon/metadata/default/fastrtps.meta'
[0.179s] Level 1:colcon.colcon_core.package_discovery:discover_packages(recursive) check parameters
[0.179s] Level 1:colcon.colcon_core.package_discovery:discover_packages(ignore) check parameters
[0.179s] Level 1:colcon.colcon_core.package_discovery:discover_packages(path) check parameters
[0.179s] Level 1:colcon.colcon_core.package_discovery:discover_packages(colcon_meta) discover
[0.179s] Level 1:colcon.colcon_core.package_discovery:discover_packages(recursive) discover
[0.179s] INFO:colcon.colcon_core.package_discovery:Crawling recursively for packages in '/home/usr/workspaces/ros2_tobii_glasses2'
[0.179s] Level 1:colcon.colcon_core.package_identification:_identify(.) by extensions ['ignore', 'ignore_ament_install']
[0.179s] Level 1:colcon.colcon_core.package_identification:_identify(.) by extension 'ignore'
[0.179s] Level 1:colcon.colcon_core.package_identification:_identify(.) by extension 'ignore_ament_install'
[0.179s] Level 1:colcon.colcon_core.package_identification:_identify(.) by extensions ['colcon_pkg']
[0.179s] Level 1:colcon.colcon_core.package_identification:_identify(.) by extension 'colcon_pkg'
[0.179s] Level 1:colcon.colcon_core.package_identification:_identify(.) by extensions ['colcon_meta']
[0.179s] Level 1:colcon.colcon_core.package_identification:_identify(.) by extension 'colcon_meta'
[0.179s] Level 1:colcon.colcon_core.package_identification:_identify(.) by extensions ['ros']
[0.179s] Level 1:colcon.colcon_core.package_identification:_identify(.) by extension 'ros'
[0.196s] DEBUG:colcon.colcon_core.package_identification:Package '.' with type 'ros.ament_cmake' and name 'tobii_glasses_pkg'
[0.196s] Level 1:colcon.colcon_core.package_discovery:discover_packages(recursive) using defaults
[0.196s] Level 1:colcon.colcon_core.package_discovery:discover_packages(ignore) discover
[0.196s] Level 1:colcon.colcon_core.package_discovery:discover_packages(ignore) using defaults
[0.196s] Level 1:colcon.colcon_core.package_discovery:discover_packages(path) discover
[0.197s] Level 1:colcon.colcon_core.package_discovery:discover_packages(path) using defaults
[0.217s] Level 5:colcon.colcon_core.verb:set package 'tobii_glasses_pkg' build argument 'cmake_args' from command line to 'None'
[0.217s] Level 5:colcon.colcon_core.verb:set package 'tobii_glasses_pkg' build argument 'cmake_target' from command line to 'None'
[0.217s] Level 5:colcon.colcon_core.verb:set package 'tobii_glasses_pkg' build argument 'cmake_target_skip_unavailable' from command line to 'False'
[0.217s] Level 5:colcon.colcon_core.verb:set package 'tobii_glasses_pkg' build argument 'cmake_clean_cache' from command line to 'False'
[0.217s] Level 5:colcon.colcon_core.verb:set package 'tobii_glasses_pkg' build argument 'cmake_clean_first' from command line to 'False'
[0.217s] Level 5:colcon.colcon_core.verb:set package 'tobii_glasses_pkg' build argument 'cmake_force_configure' from command line to 'False'
[0.217s] Level 5:colcon.colcon_core.verb:set package 'tobii_glasses_pkg' build argument 'ament_cmake_args' from command line to 'None'
[0.217s] Level 5:colcon.colcon_core.verb:set package 'tobii_glasses_pkg' build argument 'catkin_cmake_args' from command line to 'None'
[0.217s] Level 5:colcon.colcon_core.verb:set package 'tobii_glasses_pkg' build argument 'catkin_skip_building_tests' from command line to 'False'
[0.217s] DEBUG:colcon.colcon_core.verb:Building package 'tobii_glasses_pkg' with the following arguments: {'ament_cmake_args': None, 'build_base': '/home/usr/workspaces/ros2_tobii_glasses2/build/tobii_glasses_pkg', 'catkin_cmake_args': None, 'catkin_skip_building_tests': False, 'cmake_args': None, 'cmake_clean_cache': False, 'cmake_clean_first': False, 'cmake_force_configure': False, 'cmake_target': None, 'cmake_target_skip_unavailable': False, 'install_base': '/home/usr/workspaces/ros2_tobii_glasses2/install/tobii_glasses_pkg', 'merge_install': False, 'path': '/home/usr/workspaces/ros2_tobii_glasses2', 'symlink_install': False, 'test_result_base': None}
[0.218s] INFO:colcon.colcon_core.executor:Executing jobs using 'parallel' executor
[0.222s] DEBUG:colcon.colcon_parallel_executor.executor.parallel:run_until_complete
[0.222s] INFO:colcon.colcon_ros.task.ament_cmake.build:Building ROS package in '/home/usr/workspaces/ros2_tobii_glasses2' with build type 'ament_cmake'
[0.223s] INFO:colcon.colcon_cmake.task.cmake.build:Building CMake package in '/home/usr/workspaces/ros2_tobii_glasses2'
[0.227s] INFO:colcon.colcon_core.plugin_system:Skipping extension 'colcon_core.shell.bat': Not used on non-Windows systems
[0.227s] INFO:colcon.colcon_core.shell:Skip shell extension 'powershell' for command environment: Not usable outside of PowerShell
[0.227s] DEBUG:colcon.colcon_core.shell:Skip shell extension 'dsv' for command environment
[0.236s] DEBUG:colcon.colcon_core.event_handler.log_command:Invoking command in '/home/usr/workspaces/ros2_tobii_glasses2/build/tobii_glasses_pkg': CMAKE_PREFIX_PATH=/opt/ros/foxy /usr/bin/cmake /home/usr/workspaces/ros2_tobii_glasses2 -DCMAKE_INSTALL_PREFIX=/home/usr/workspaces/ros2_tobii_glasses2/install/tobii_glasses_pkg
[2.635s] DEBUG:colcon.colcon_core.event_handler.log_command:Invoked command in '/home/usr/workspaces/ros2_tobii_glasses2/build/tobii_glasses_pkg' returned '0': CMAKE_PREFIX_PATH=/opt/ros/foxy /usr/bin/cmake /home/usr/workspaces/ros2_tobii_glasses2 -DCMAKE_INSTALL_PREFIX=/home/usr/workspaces/ros2_tobii_glasses2/install/tobii_glasses_pkg
[2.638s] DEBUG:colcon.colcon_core.event_handler.log_command:Invoking command in '/home/usr/workspaces/ros2_tobii_glasses2/build/tobii_glasses_pkg': CMAKE_PREFIX_PATH=/opt/ros/foxy /usr/bin/cmake --build /home/usr/workspaces/ros2_tobii_glasses2/build/tobii_glasses_pkg -- -j8 -l8
[8.344s] DEBUG:colcon.colcon_core.event_handler.log_command:Invoked command in '/home/usr/workspaces/ros2_tobii_glasses2/build/tobii_glasses_pkg' returned '0': CMAKE_PREFIX_PATH=/opt/ros/foxy /usr/bin/cmake --build /home/usr/workspaces/ros2_tobii_glasses2/build/tobii_glasses_pkg -- -j8 -l8
[8.426s] DEBUG:colcon.colcon_core.event_handler.log_command:Invoking command in '/home/usr/workspaces/ros2_tobii_glasses2/build/tobii_glasses_pkg': CMAKE_PREFIX_PATH=/opt/ros/foxy /usr/bin/cmake --install /home/usr/workspaces/ros2_tobii_glasses2/build/tobii_glasses_pkg
[8.531s] Level 1:colcon.colcon_core.environment:create_environment_scripts_only(tobii_glasses_pkg)
[8.531s] DEBUG:colcon.colcon_core.event_handler.log_command:Invoked command in '/home/usr/workspaces/ros2_tobii_glasses2/build/tobii_glasses_pkg' returned '0': CMAKE_PREFIX_PATH=/opt/ros/foxy /usr/bin/cmake --install /home/usr/workspaces/ros2_tobii_glasses2/build/tobii_glasses_pkg
[8.539s] Level 1:colcon.colcon_core.environment:checking '/home/usr/workspaces/ros2_tobii_glasses2/install/tobii_glasses_pkg' for CMake module files
[8.540s] Level 1:colcon.colcon_core.environment:checking '/home/usr/workspaces/ros2_tobii_glasses2/install/tobii_glasses_pkg' for CMake config files
[8.540s] Level 1:colcon.colcon_core.shell:create_environment_hook('tobii_glasses_pkg', 'cmake_prefix_path')
[8.541s] INFO:colcon.colcon_core.shell:Creating environment hook '/home/usr/workspaces/ros2_tobii_glasses2/install/tobii_glasses_pkg/share/tobii_glasses_pkg/hook/cmake_prefix_path.ps1'
[8.542s] INFO:colcon.colcon_core.shell:Creating environment descriptor '/home/usr/workspaces/ros2_tobii_glasses2/install/tobii_glasses_pkg/share/tobii_glasses_pkg/hook/cmake_prefix_path.dsv'
[8.542s] INFO:colcon.colcon_core.shell:Creating environment hook '/home/usr/workspaces/ros2_tobii_glasses2/install/tobii_glasses_pkg/share/tobii_glasses_pkg/hook/cmake_prefix_path.sh'
[8.543s] Level 1:colcon.colcon_core.environment:checking '/home/usr/workspaces/ros2_tobii_glasses2/install/tobii_glasses_pkg/lib'
[8.543s] Level 1:colcon.colcon_core.shell:create_environment_hook('tobii_glasses_pkg', 'ld_library_path_lib')
[8.545s] INFO:colcon.colcon_core.shell:Creating environment hook '/home/usr/workspaces/ros2_tobii_glasses2/install/tobii_glasses_pkg/share/tobii_glasses_pkg/hook/ld_library_path_lib.ps1'
[8.545s] INFO:colcon.colcon_core.shell:Creating environment descriptor '/home/usr/workspaces/ros2_tobii_glasses2/install/tobii_glasses_pkg/share/tobii_glasses_pkg/hook/ld_library_path_lib.dsv'
[8.545s] INFO:colcon.colcon_core.shell:Creating environment hook '/home/usr/workspaces/ros2_tobii_glasses2/install/tobii_glasses_pkg/share/tobii_glasses_pkg/hook/ld_library_path_lib.sh'
[8.545s] Level 1:colcon.colcon_core.environment:checking '/home/usr/workspaces/ros2_tobii_glasses2/install/tobii_glasses_pkg/bin'
[8.545s] Level 1:colcon.colcon_core.environment:checking '/home/usr/workspaces/ros2_tobii_glasses2/install/tobii_glasses_pkg/lib/pkgconfig/tobii_glasses_pkg.pc'
[8.546s] Level 1:colcon.colcon_core.environment:checking '/home/usr/workspaces/ros2_tobii_glasses2/install/tobii_glasses_pkg/lib/python3.8/site-packages'
[8.546s] Level 1:colcon.colcon_core.shell:create_environment_hook('tobii_glasses_pkg', 'pythonpath')
[8.558s] INFO:colcon.colcon_core.shell:Creating environment hook '/home/usr/workspaces/ros2_tobii_glasses2/install/tobii_glasses_pkg/share/tobii_glasses_pkg/hook/pythonpath.ps1'
[8.558s] INFO:colcon.colcon_core.shell:Creating environment descriptor '/home/usr/workspaces/ros2_tobii_glasses2/install/tobii_glasses_pkg/share/tobii_glasses_pkg/hook/pythonpath.dsv'
[8.559s] INFO:colcon.colcon_core.shell:Creating environment hook '/home/usr/workspaces/ros2_tobii_glasses2/install/tobii_glasses_pkg/share/tobii_glasses_pkg/hook/pythonpath.sh'
[8.559s] Level 1:colcon.colcon_core.environment:checking '/home/usr/workspaces/ros2_tobii_glasses2/install/tobii_glasses_pkg/bin'
[8.560s] INFO:colcon.colcon_core.shell:Creating package script '/home/usr/workspaces/ros2_tobii_glasses2/install/tobii_glasses_pkg/share/tobii_glasses_pkg/package.ps1'
[8.561s] INFO:colcon.colcon_core.shell:Creating package descriptor '/home/usr/workspaces/ros2_tobii_glasses2/install/tobii_glasses_pkg/share/tobii_glasses_pkg/package.dsv'
[8.562s] INFO:colcon.colcon_core.shell:Creating package script '/home/usr/workspaces/ros2_tobii_glasses2/install/tobii_glasses_pkg/share/tobii_glasses_pkg/package.sh'
[8.563s] INFO:colcon.colcon_core.shell:Creating package script '/home/usr/workspaces/ros2_tobii_glasses2/install/tobii_glasses_pkg/share/tobii_glasses_pkg/package.bash'
[8.564s] INFO:colcon.colcon_core.shell:Creating package script '/home/usr/workspaces/ros2_tobii_glasses2/install/tobii_glasses_pkg/share/tobii_glasses_pkg/package.zsh'
[8.564s] Level 1:colcon.colcon_core.environment:create_file_with_runtime_dependencies(/home/usr/workspaces/ros2_tobii_glasses2/install/tobii_glasses_pkg/share/colcon-core/packages/tobii_glasses_pkg)
[8.640s] Level 1:colcon.colcon_core.environment:create_environment_scripts_only(tobii_glasses_pkg)
[8.643s] Level 1:colcon.colcon_core.environment:checking '/home/usr/workspaces/ros2_tobii_glasses2/install/tobii_glasses_pkg' for CMake module files
[8.644s] Level 1:colcon.colcon_core.environment:checking '/home/usr/workspaces/ros2_tobii_glasses2/install/tobii_glasses_pkg' for CMake config files
[8.645s] Level 1:colcon.colcon_core.shell:create_environment_hook('tobii_glasses_pkg', 'cmake_prefix_path')
[8.647s] INFO:colcon.colcon_core.shell:Creating environment hook '/home/usr/workspaces/ros2_tobii_glasses2/install/tobii_glasses_pkg/share/tobii_glasses_pkg/hook/cmake_prefix_path.ps1'
[8.647s] INFO:colcon.colcon_core.shell:Creating environment descriptor '/home/usr/workspaces/ros2_tobii_glasses2/install/tobii_glasses_pkg/share/tobii_glasses_pkg/hook/cmake_prefix_path.dsv'
[8.648s] INFO:colcon.colcon_core.shell:Creating environment hook '/home/usr/workspaces/ros2_tobii_glasses2/install/tobii_glasses_pkg/share/tobii_glasses_pkg/hook/cmake_prefix_path.sh'
[8.649s] Level 1:colcon.colcon_core.environment:checking '/home/usr/workspaces/ros2_tobii_glasses2/install/tobii_glasses_pkg/lib'
[8.649s] Level 1:colcon.colcon_core.shell:create_environment_hook('tobii_glasses_pkg', 'ld_library_path_lib')
[8.651s] INFO:colcon.colcon_core.shell:Creating environment hook '/home/usr/workspaces/ros2_tobii_glasses2/install/tobii_glasses_pkg/share/tobii_glasses_pkg/hook/ld_library_path_lib.ps1'
[8.651s] INFO:colcon.colcon_core.shell:Creating environment descriptor '/home/usr/workspaces/ros2_tobii_glasses2/install/tobii_glasses_pkg/share/tobii_glasses_pkg/hook/ld_library_path_lib.dsv'
[8.652s] INFO:colcon.colcon_core.shell:Creating environment hook '/home/usr/workspaces/ros2_tobii_glasses2/install/tobii_glasses_pkg/share/tobii_glasses_pkg/hook/ld_library_path_lib.sh'
[8.652s] Level 1:colcon.colcon_core.environment:checking '/home/usr/workspaces/ros2_tobii_glasses2/install/tobii_glasses_pkg/bin'
[8.652s] Level 1:colcon.colcon_core.environment:checking '/home/usr/workspaces/ros2_tobii_glasses2/install/tobii_glasses_pkg/lib/pkgconfig/tobii_glasses_pkg.pc'
[8.653s] Level 1:colcon.colcon_core.environment:checking '/home/usr/workspaces/ros2_tobii_glasses2/install/tobii_glasses_pkg/lib/python3.8/site-packages'
[8.653s] Level 1:colcon.colcon_core.shell:create_environment_hook('tobii_glasses_pkg', 'pythonpath')
[8.655s] INFO:colcon.colcon_core.shell:Creating environment hook '/home/usr/workspaces/ros2_tobii_glasses2/install/tobii_glasses_pkg/share/tobii_glasses_pkg/hook/pythonpath.ps1'
[8.655s] INFO:colcon.colcon_core.shell:Creating environment descriptor '/home/usr/workspaces/ros2_tobii_glasses2/install/tobii_glasses_pkg/share/tobii_glasses_pkg/hook/pythonpath.dsv'
[8.656s] INFO:colcon.colcon_core.shell:Creating environment hook '/home/usr/workspaces/ros2_tobii_glasses2/install/tobii_glasses_pkg/share/tobii_glasses_pkg/hook/pythonpath.sh'
[8.656s] Level 1:colcon.colcon_core.environment:checking '/home/usr/workspaces/ros2_tobii_glasses2/install/tobii_glasses_pkg/bin'
[8.659s] INFO:colcon.colcon_core.shell:Creating package script '/home/usr/workspaces/ros2_tobii_glasses2/install/tobii_glasses_pkg/share/tobii_glasses_pkg/package.ps1'
[8.659s] INFO:colcon.colcon_core.shell:Creating package descriptor '/home/usr/workspaces/ros2_tobii_glasses2/install/tobii_glasses_pkg/share/tobii_glasses_pkg/package.dsv'
[8.660s] INFO:colcon.colcon_core.shell:Creating package script '/home/usr/workspaces/ros2_tobii_glasses2/install/tobii_glasses_pkg/share/tobii_glasses_pkg/package.sh'
[8.660s] INFO:colcon.colcon_core.shell:Creating package script '/home/usr/workspaces/ros2_tobii_glasses2/install/tobii_glasses_pkg/share/tobii_glasses_pkg/package.bash'
[8.661s] INFO:colcon.colcon_core.shell:Creating package script '/home/usr/workspaces/ros2_tobii_glasses2/install/tobii_glasses_pkg/share/tobii_glasses_pkg/package.zsh'
[8.661s] Level 1:colcon.colcon_core.environment:create_file_with_runtime_dependencies(/home/usr/workspaces/ros2_tobii_glasses2/install/tobii_glasses_pkg/share/colcon-core/packages/tobii_glasses_pkg)
[8.661s] DEBUG:colcon.colcon_parallel_executor.executor.parallel:closing loop
[8.662s] DEBUG:colcon.colcon_parallel_executor.executor.parallel:loop closed
[8.662s] DEBUG:colcon.colcon_parallel_executor.executor.parallel:run_until_complete finished with '0'
[8.662s] DEBUG:colcon.colcon_core.event_reactor:joining thread
[8.669s] INFO:colcon.colcon_core.plugin_system:Skipping extension 'colcon_notification.desktop_notification.notify_send': Could not find 'notify-send'
[8.669s] INFO:colcon.colcon_core.plugin_system:Skipping extension 'colcon_notification.desktop_notification.terminal_notifier': Not used on non-Darwin systems
[8.669s] INFO:colcon.colcon_core.plugin_system:Skipping extension 'colcon_notification.desktop_notification.win32': Not used on non-Windows systems
[8.669s] INFO:colcon.colcon_notification.desktop_notification:Sending desktop notification using 'notify2'
[8.670s] DEBUG:colcon.colcon_notification.desktop_notification.notify2:Failed to initialize notify2: org.freedesktop.DBus.Error.Spawn.ExecFailed: /usr/bin/dbus-launch terminated abnormally without any error message
[8.671s] DEBUG:colcon.colcon_core.event_reactor:joined thread
[8.672s] INFO:colcon.colcon_core.shell:Creating prefix script '/home/usr/workspaces/ros2_tobii_glasses2/install/local_setup.ps1'
[8.673s] INFO:colcon.colcon_core.shell:Creating prefix util module '/home/usr/workspaces/ros2_tobii_glasses2/install/_local_setup_util_ps1.py'
[8.675s] INFO:colcon.colcon_core.shell:Creating prefix chain script '/home/usr/workspaces/ros2_tobii_glasses2/install/setup.ps1'
[8.676s] INFO:colcon.colcon_core.shell:Creating prefix script '/home/usr/workspaces/ros2_tobii_glasses2/install/local_setup.sh'
[8.677s] INFO:colcon.colcon_core.shell:Creating prefix util module '/home/usr/workspaces/ros2_tobii_glasses2/install/_local_setup_util_sh.py'
[8.677s] INFO:colcon.colcon_core.shell:Creating prefix chain script '/home/usr/workspaces/ros2_tobii_glasses2/install/setup.sh'
[8.678s] INFO:colcon.colcon_core.shell:Creating prefix script '/home/usr/workspaces/ros2_tobii_glasses2/install/local_setup.bash'
[8.679s] INFO:colcon.colcon_core.shell:Creating prefix chain script '/home/usr/workspaces/ros2_tobii_glasses2/install/setup.bash'
[8.680s] INFO:colcon.colcon_core.shell:Creating prefix script '/home/usr/workspaces/ros2_tobii_glasses2/install/local_setup.zsh'
[8.680s] INFO:colcon.colcon_core.shell:Creating prefix chain script '/home/usr/workspaces/ros2_tobii_glasses2/install/setup.zsh'
