[0.016s] Invoking command in '/home/usr/workspaces/ros2_tobii_glasses2/build/tobii_glasses_pkg': CMAKE_PREFIX_PATH=${CMAKE_PREFIX_PATH}:/opt/ros/foxy /usr/bin/cmake --build /home/usr/workspaces/ros2_tobii_glasses2/build/tobii_glasses_pkg -- -j8 -l8
[0.043s] -- Found ament_cmake: 0.9.9 (/opt/ros/foxy/share/ament_cmake/cmake)
[0.057s] -- Found PythonInterp: /usr/bin/python3 (found suitable version "3.8.10", minimum required is "3") 
[0.058s] -- Using PYTHON_EXECUTABLE: /usr/bin/python3
[0.190s] -- Found rclpy: 1.0.8 (/opt/ros/foxy/share/rclpy/cmake)
[0.190s] -- Found std_msgs: 2.0.5 (/opt/ros/foxy/share/std_msgs/cmake)
[0.208s] -- Using all available rosidl_typesupport_c: rosidl_typesupport_fastrtps_c;rosidl_typesupport_introspection_c
[0.211s] -- Found rosidl_adapter: 1.2.1 (/opt/ros/foxy/share/rosidl_adapter/cmake)
[0.313s] -- Using all available rosidl_typesupport_cpp: rosidl_typesupport_fastrtps_cpp;rosidl_typesupport_introspection_cpp
[0.356s] -- Found sensor_msgs: 2.0.5 (/opt/ros/foxy/share/sensor_msgs/cmake)
[0.466s] -- Found cv_bridge: 2.2.1 (/opt/ros/foxy/share/cv_bridge/cmake)
[0.480s] -- Found rosidl_default_generators: 1.0.1 (/opt/ros/foxy/share/rosidl_default_generators/cmake)
[0.505s] -- Found PythonInterp: /usr/bin/python3 (found version "3.8.10") 
[0.714s] -- Found ament_cmake_ros: 0.9.2 (/opt/ros/foxy/share/ament_cmake_ros/cmake)
[1.000s] -- Using all available rosidl_typesupport_c: rosidl_typesupport_fastrtps_c;rosidl_typesupport_introspection_c
[1.156s] -- Using all available rosidl_typesupport_cpp: rosidl_typesupport_fastrtps_cpp;rosidl_typesupport_introspection_cpp
[1.179s] -- Found PythonInterp: /usr/bin/python3 (found suitable version "3.8.10", minimum required is "3.5") 
[1.179s] -- Found python_cmake_module: 0.8.1 (/opt/ros/foxy/share/python_cmake_module/cmake)
[1.196s] -- Using PYTHON_EXECUTABLE: /usr/bin/python3
[1.196s] -- Using PYTHON_INCLUDE_DIRS: /usr/include/python3.8
[1.196s] -- Using PYTHON_LIBRARIES: /usr/lib/x86_64-linux-gnu/libpython3.8.so
[1.271s] -- Found ament_lint_auto: 0.9.6 (/opt/ros/foxy/share/ament_lint_auto/cmake)
[1.289s] -- Added test 'copyright' to check source files copyright and LICENSE
[1.344s] -- Added test 'cppcheck' to perform static code analysis on C / C++ code
[1.346s] -- Configured cppcheck include dirs: $<BUILD_INTERFACE:/home/usr/workspaces/ros2_tobii_glasses2/build/tobii_glasses_pkg/rosidl_generator_c>;/home/usr/workspaces/ros2_tobii_glasses2/build/tobii_glasses_pkg/rosidl_generator_c;/home/usr/workspaces/ros2_tobii_glasses2/build/tobii_glasses_pkg/rosidl_generator_cpp;/home/usr/workspaces/ros2_tobii_glasses2/build/tobii_glasses_pkg/rosidl_typesupport_fastrtps_c;/home/usr/workspaces/ros2_tobii_glasses2/build/tobii_glasses_pkg/rosidl_typesupport_fastrtps_cpp;$<BUILD_INTERFACE:/home/usr/workspaces/ros2_tobii_glasses2/build/tobii_glasses_pkg/rosidl_typesupport_introspection_c>;$<BUILD_INTERFACE:/home/usr/workspaces/ros2_tobii_glasses2/build/tobii_glasses_pkg/rosidl_typesupport_c>;$<BUILD_INTERFACE:/home/usr/workspaces/ros2_tobii_glasses2/build/tobii_glasses_pkg/rosidl_generator_cpp>;/home/usr/workspaces/ros2_tobii_glasses2/build/tobii_glasses_pkg/rosidl_generator_py
[1.346s] -- Configured cppcheck exclude dirs and/or files: 
[1.407s] -- Added test 'cpplint' to check C / C++ code against the Google style
[1.407s] -- Configured cpplint exclude dirs and/or files: 
[1.415s] -- Added test 'flake8' to check Python code syntax and style conventions
[1.427s] -- Added test 'lint_cmake' to check CMake code style
[1.433s] -- Added test 'pep257' to check Python code against some of the style conventions in PEP 257
[1.501s] -- Added test 'uncrustify' to check C / C++ code style
[1.501s] -- Configured uncrustify additional arguments: 
[1.511s] -- Added test 'xmllint' to check XML markup files
[1.516s] -- Configuring done
[1.641s] -- Generating done
[1.647s] -- Build files have been written to: /home/usr/workspaces/ros2_tobii_glasses2/build/tobii_glasses_pkg
[1.688s] [  1%] Built target tobii_glasses_pkg__cpp
[1.702s] [ 12%] Built target tobii_glasses_pkg__rosidl_generator_c
[1.726s] [ 27%] Built target tobii_glasses_pkg__rosidl_typesupport_cpp
[1.726s] [ 34%] Built target tobii_glasses_pkg__rosidl_typesupport_introspection_cpp
[1.730s] [ 45%] Built target tobii_glasses_pkg__rosidl_typesupport_fastrtps_cpp
[1.738s] [ 56%] Built target tobii_glasses_pkg__rosidl_typesupport_c
[1.743s] [ 67%] Built target tobii_glasses_pkg__rosidl_typesupport_introspection_c
[1.760s] [ 78%] Built target tobii_glasses_pkg__rosidl_typesupport_fastrtps_c
[1.780s] [ 78%] Built target tobii_glasses_pkg
[1.801s] [ 80%] Built target tobii_glasses_pkg__py
[1.830s] [ 89%] Built target tobii_glasses_pkg__python
[1.860s] [ 96%] Built target tobii_glasses_pkg__rosidl_typesupport_introspection_c__pyext
[1.860s] [ 96%] Built target tobii_glasses_pkg__rosidl_typesupport_c__pyext
[1.870s] [100%] Built target tobii_glasses_pkg__rosidl_typesupport_fastrtps_c__pyext
[1.884s] Invoked command in '/home/usr/workspaces/ros2_tobii_glasses2/build/tobii_glasses_pkg' returned '0': CMAKE_PREFIX_PATH=${CMAKE_PREFIX_PATH}:/opt/ros/foxy /usr/bin/cmake --build /home/usr/workspaces/ros2_tobii_glasses2/build/tobii_glasses_pkg -- -j8 -l8
[1.980s] Invoking command in '/home/usr/workspaces/ros2_tobii_glasses2/build/tobii_glasses_pkg': CMAKE_PREFIX_PATH=${CMAKE_PREFIX_PATH}:/opt/ros/foxy /usr/bin/cmake --install /home/usr/workspaces/ros2_tobii_glasses2/build/tobii_glasses_pkg
[1.991s] -- Install configuration: ""
[1.992s] -- Up-to-date: /home/usr/workspaces/ros2_tobii_glasses2/install/tobii_glasses_pkg/share/tobii_glasses_pkg/environment/pythonpath.sh
[1.992s] -- Installing: /home/usr/workspaces/ros2_tobii_glasses2/install/tobii_glasses_pkg/share/tobii_glasses_pkg/environment/pythonpath.dsv
[1.992s] -- Up-to-date: /home/usr/workspaces/ros2_tobii_glasses2/install/tobii_glasses_pkg/lib/python3.8/site-packages/scripts/
[1.992s] -- Up-to-date: /home/usr/workspaces/ros2_tobii_glasses2/install/tobii_glasses_pkg/lib/python3.8/site-packages/scripts//tobii_glasses_buffer.py
[1.992s] -- Up-to-date: /home/usr/workspaces/ros2_tobii_glasses2/install/tobii_glasses_pkg/lib/python3.8/site-packages/scripts//__init__.py
[1.993s] -- Installing: /home/usr/workspaces/ros2_tobii_glasses2/install/tobii_glasses_pkg/lib/python3.8/site-packages/scripts//tobii_glasses.py
[1.993s] -- Up-to-date: /home/usr/workspaces/ros2_tobii_glasses2/install/tobii_glasses_pkg/lib/python3.8/site-packages/scripts//video_capture.py
[2.027s] Listing '/home/usr/workspaces/ros2_tobii_glasses2/install/tobii_glasses_pkg/lib/python3.8/site-packages/scripts/'...
[2.027s] Compiling '/home/usr/workspaces/ros2_tobii_glasses2/install/tobii_glasses_pkg/lib/python3.8/site-packages/scripts/tobii_glasses.py'...
[2.027s] ***   File "/home/usr/workspaces/ros2_tobii_glasses2/install/tobii_glasses_pkg/lib/python3.8/site-packages/scripts/tobii_glasses.py", line 24
[2.027s]     from video_capture import .VideoCapture
[2.027s]                               ^
[2.027s] SyntaxError: invalid syntax
[2.027s] 
[2.032s] -- Installing: /home/usr/workspaces/ros2_tobii_glasses2/install/tobii_glasses_pkg/lib/tobii_glasses_pkg/tobii_glasses.py
[2.032s] -- Up-to-date: /home/usr/workspaces/ros2_tobii_glasses2/install/tobii_glasses_pkg/share/tobii_glasses_pkg//launch
[2.032s] -- Up-to-date: /home/usr/workspaces/ros2_tobii_glasses2/install/tobii_glasses_pkg/share/tobii_glasses_pkg//launch/pupil.launch.py
[2.034s] -- Up-to-date: /home/usr/workspaces/ros2_tobii_glasses2/install/tobii_glasses_pkg/share/tobii_glasses_pkg//launch/piano_demo.launch.py
[2.035s] -- Up-to-date: /home/usr/workspaces/ros2_tobii_glasses2/install/tobii_glasses_pkg/share/tobii_glasses_pkg//launch/pupil_devel.launch.py
[2.035s] -- Up-to-date: /home/usr/workspaces/ros2_tobii_glasses2/install/tobii_glasses_pkg/share/ament_index/resource_index/rosidl_interfaces/tobii_glasses_pkg
[2.035s] -- Up-to-date: /home/usr/workspaces/ros2_tobii_glasses2/install/tobii_glasses_pkg/include/tobii_glasses_pkg
[2.035s] -- Up-to-date: /home/usr/workspaces/ros2_tobii_glasses2/install/tobii_glasses_pkg/include/tobii_glasses_pkg/msg
[2.035s] -- Up-to-date: /home/usr/workspaces/ros2_tobii_glasses2/install/tobii_glasses_pkg/include/tobii_glasses_pkg/msg/detail
[2.036s] -- Up-to-date: /home/usr/workspaces/ros2_tobii_glasses2/install/tobii_glasses_pkg/include/tobii_glasses_pkg/msg/detail/gaze_position3_d__struct.h
[2.036s] -- Up-to-date: /home/usr/workspaces/ros2_tobii_glasses2/install/tobii_glasses_pkg/include/tobii_glasses_pkg/msg/detail/eye_data__type_support.h
[2.036s] -- Up-to-date: /home/usr/workspaces/ros2_tobii_glasses2/install/tobii_glasses_pkg/include/tobii_glasses_pkg/msg/detail/gaze_position3_d__type_support.h
[2.036s] -- Up-to-date: /home/usr/workspaces/ros2_tobii_glasses2/install/tobii_glasses_pkg/include/tobii_glasses_pkg/msg/detail/eye_data__functions.c
[2.036s] -- Up-to-date: /home/usr/workspaces/ros2_tobii_glasses2/install/tobii_glasses_pkg/include/tobii_glasses_pkg/msg/detail/eye_data__functions.h
[2.036s] -- Up-to-date: /home/usr/workspaces/ros2_tobii_glasses2/install/tobii_glasses_pkg/include/tobii_glasses_pkg/msg/detail/tobii_glasses__functions.h
[2.036s] -- Up-to-date: /home/usr/workspaces/ros2_tobii_glasses2/install/tobii_glasses_pkg/include/tobii_glasses_pkg/msg/detail/gaze_position3_d__functions.c
[2.037s] -- Up-to-date: /home/usr/workspaces/ros2_tobii_glasses2/install/tobii_glasses_pkg/include/tobii_glasses_pkg/msg/detail/eye_data__struct.h
[2.037s] -- Up-to-date: /home/usr/workspaces/ros2_tobii_glasses2/install/tobii_glasses_pkg/include/tobii_glasses_pkg/msg/detail/tobii_glasses__functions.c
[2.037s] -- Up-to-date: /home/usr/workspaces/ros2_tobii_glasses2/install/tobii_glasses_pkg/include/tobii_glasses_pkg/msg/detail/gaze_position3_d__functions.h
[2.037s] -- Up-to-date: /home/usr/workspaces/ros2_tobii_glasses2/install/tobii_glasses_pkg/include/tobii_glasses_pkg/msg/detail/gaze_position__type_support.h
[2.037s] -- Up-to-date: /home/usr/workspaces/ros2_tobii_glasses2/install/tobii_glasses_pkg/include/tobii_glasses_pkg/msg/detail/gaze_position__functions.h
[2.037s] -- Up-to-date: /home/usr/workspaces/ros2_tobii_glasses2/install/tobii_glasses_pkg/include/tobii_glasses_pkg/msg/detail/gaze_position__struct.h
[2.038s] -- Up-to-date: /home/usr/workspaces/ros2_tobii_glasses2/install/tobii_glasses_pkg/include/tobii_glasses_pkg/msg/detail/gaze_position__functions.c
[2.038s] -- Up-to-date: /home/usr/workspaces/ros2_tobii_glasses2/install/tobii_glasses_pkg/include/tobii_glasses_pkg/msg/detail/tobii_glasses__type_support.h
[2.038s] -- Up-to-date: /home/usr/workspaces/ros2_tobii_glasses2/install/tobii_glasses_pkg/include/tobii_glasses_pkg/msg/detail/tobii_glasses__struct.h
[2.038s] -- Up-to-date: /home/usr/workspaces/ros2_tobii_glasses2/install/tobii_glasses_pkg/include/tobii_glasses_pkg/msg/tobii_glasses.h
[2.038s] -- Up-to-date: /home/usr/workspaces/ros2_tobii_glasses2/install/tobii_glasses_pkg/include/tobii_glasses_pkg/msg/rosidl_generator_c__visibility_control.h
[2.038s] -- Up-to-date: /home/usr/workspaces/ros2_tobii_glasses2/install/tobii_glasses_pkg/include/tobii_glasses_pkg/msg/gaze_position.h
[2.039s] -- Up-to-date: /home/usr/workspaces/ros2_tobii_glasses2/install/tobii_glasses_pkg/include/tobii_glasses_pkg/msg/eye_data.h
[2.039s] -- Up-to-date: /home/usr/workspaces/ros2_tobii_glasses2/install/tobii_glasses_pkg/include/tobii_glasses_pkg/msg/gaze_position3_d.h
[2.039s] -- Up-to-date: /home/usr/workspaces/ros2_tobii_glasses2/install/tobii_glasses_pkg/share/tobii_glasses_pkg/environment/library_path.sh
[2.039s] -- Installing: /home/usr/workspaces/ros2_tobii_glasses2/install/tobii_glasses_pkg/share/tobii_glasses_pkg/environment/library_path.dsv
[2.039s] -- Up-to-date: /home/usr/workspaces/ros2_tobii_glasses2/install/tobii_glasses_pkg/lib/libtobii_glasses_pkg__rosidl_generator_c.so
[2.039s] -- Up-to-date: /home/usr/workspaces/ros2_tobii_glasses2/install/tobii_glasses_pkg/include/tobii_glasses_pkg
[2.040s] -- Up-to-date: /home/usr/workspaces/ros2_tobii_glasses2/install/tobii_glasses_pkg/include/tobii_glasses_pkg/msg
[2.040s] -- Up-to-date: /home/usr/workspaces/ros2_tobii_glasses2/install/tobii_glasses_pkg/include/tobii_glasses_pkg/msg/detail
[2.040s] -- Up-to-date: /home/usr/workspaces/ros2_tobii_glasses2/install/tobii_glasses_pkg/include/tobii_glasses_pkg/msg/detail/eye_data__rosidl_typesupport_fastrtps_c.h
[2.040s] -- Up-to-date: /home/usr/workspaces/ros2_tobii_glasses2/install/tobii_glasses_pkg/include/tobii_glasses_pkg/msg/detail/gaze_position__rosidl_typesupport_fastrtps_c.h
[2.040s] -- Up-to-date: /home/usr/workspaces/ros2_tobii_glasses2/install/tobii_glasses_pkg/include/tobii_glasses_pkg/msg/detail/tobii_glasses__rosidl_typesupport_fastrtps_c.h
[2.040s] -- Up-to-date: /home/usr/workspaces/ros2_tobii_glasses2/install/tobii_glasses_pkg/include/tobii_glasses_pkg/msg/detail/gaze_position3_d__rosidl_typesupport_fastrtps_c.h
[2.040s] -- Up-to-date: /home/usr/workspaces/ros2_tobii_glasses2/install/tobii_glasses_pkg/include/tobii_glasses_pkg/msg/rosidl_typesupport_fastrtps_c__visibility_control.h
[2.041s] -- Up-to-date: /home/usr/workspaces/ros2_tobii_glasses2/install/tobii_glasses_pkg/lib/libtobii_glasses_pkg__rosidl_typesupport_fastrtps_c.so
[2.041s] -- Up-to-date: /home/usr/workspaces/ros2_tobii_glasses2/install/tobii_glasses_pkg/include/tobii_glasses_pkg
[2.041s] -- Up-to-date: /home/usr/workspaces/ros2_tobii_glasses2/install/tobii_glasses_pkg/include/tobii_glasses_pkg/msg
[2.041s] -- Up-to-date: /home/usr/workspaces/ros2_tobii_glasses2/install/tobii_glasses_pkg/include/tobii_glasses_pkg/msg/detail
[2.041s] -- Up-to-date: /home/usr/workspaces/ros2_tobii_glasses2/install/tobii_glasses_pkg/include/tobii_glasses_pkg/msg/detail/tobii_glasses__rosidl_typesupport_fastrtps_cpp.hpp
[2.041s] -- Up-to-date: /home/usr/workspaces/ros2_tobii_glasses2/install/tobii_glasses_pkg/include/tobii_glasses_pkg/msg/detail/gaze_position__rosidl_typesupport_fastrtps_cpp.hpp
[2.041s] -- Up-to-date: /home/usr/workspaces/ros2_tobii_glasses2/install/tobii_glasses_pkg/include/tobii_glasses_pkg/msg/detail/gaze_position3_d__rosidl_typesupport_fastrtps_cpp.hpp
[2.041s] -- Up-to-date: /home/usr/workspaces/ros2_tobii_glasses2/install/tobii_glasses_pkg/include/tobii_glasses_pkg/msg/detail/eye_data__rosidl_typesupport_fastrtps_cpp.hpp
[2.042s] -- Up-to-date: /home/usr/workspaces/ros2_tobii_glasses2/install/tobii_glasses_pkg/include/tobii_glasses_pkg/msg/detail/dds_fastrtps
[2.042s] -- Up-to-date: /home/usr/workspaces/ros2_tobii_glasses2/install/tobii_glasses_pkg/include/tobii_glasses_pkg/msg/rosidl_typesupport_fastrtps_cpp__visibility_control.h
[2.042s] -- Up-to-date: /home/usr/workspaces/ros2_tobii_glasses2/install/tobii_glasses_pkg/lib/libtobii_glasses_pkg__rosidl_typesupport_fastrtps_cpp.so
[2.042s] -- Up-to-date: /home/usr/workspaces/ros2_tobii_glasses2/install/tobii_glasses_pkg/include/tobii_glasses_pkg
[2.042s] -- Up-to-date: /home/usr/workspaces/ros2_tobii_glasses2/install/tobii_glasses_pkg/include/tobii_glasses_pkg/msg
[2.042s] -- Up-to-date: /home/usr/workspaces/ros2_tobii_glasses2/install/tobii_glasses_pkg/include/tobii_glasses_pkg/msg/detail
[2.042s] -- Up-to-date: /home/usr/workspaces/ros2_tobii_glasses2/install/tobii_glasses_pkg/include/tobii_glasses_pkg/msg/detail/tobii_glasses__type_support.c
[2.042s] -- Up-to-date: /home/usr/workspaces/ros2_tobii_glasses2/install/tobii_glasses_pkg/include/tobii_glasses_pkg/msg/detail/gaze_position__type_support.c
[2.042s] -- Up-to-date: /home/usr/workspaces/ros2_tobii_glasses2/install/tobii_glasses_pkg/include/tobii_glasses_pkg/msg/detail/eye_data__type_support.c
[2.042s] -- Up-to-date: /home/usr/workspaces/ros2_tobii_glasses2/install/tobii_glasses_pkg/include/tobii_glasses_pkg/msg/detail/gaze_position3_d__type_support.c
[2.042s] -- Up-to-date: /home/usr/workspaces/ros2_tobii_glasses2/install/tobii_glasses_pkg/include/tobii_glasses_pkg/msg/detail/gaze_position3_d__rosidl_typesupport_introspection_c.h
[2.042s] -- Up-to-date: /home/usr/workspaces/ros2_tobii_glasses2/install/tobii_glasses_pkg/include/tobii_glasses_pkg/msg/detail/tobii_glasses__rosidl_typesupport_introspection_c.h
[2.043s] -- Up-to-date: /home/usr/workspaces/ros2_tobii_glasses2/install/tobii_glasses_pkg/include/tobii_glasses_pkg/msg/detail/gaze_position__rosidl_typesupport_introspection_c.h
[2.043s] -- Up-to-date: /home/usr/workspaces/ros2_tobii_glasses2/install/tobii_glasses_pkg/include/tobii_glasses_pkg/msg/detail/eye_data__rosidl_typesupport_introspection_c.h
[2.043s] -- Up-to-date: /home/usr/workspaces/ros2_tobii_glasses2/install/tobii_glasses_pkg/include/tobii_glasses_pkg/msg/rosidl_typesupport_introspection_c__visibility_control.h
[2.043s] -- Up-to-date: /home/usr/workspaces/ros2_tobii_glasses2/install/tobii_glasses_pkg/lib/libtobii_glasses_pkg__rosidl_typesupport_introspection_c.so
[2.043s] -- Up-to-date: /home/usr/workspaces/ros2_tobii_glasses2/install/tobii_glasses_pkg/lib/libtobii_glasses_pkg__rosidl_typesupport_c.so
[2.043s] -- Up-to-date: /home/usr/workspaces/ros2_tobii_glasses2/install/tobii_glasses_pkg/include/tobii_glasses_pkg
[2.043s] -- Up-to-date: /home/usr/workspaces/ros2_tobii_glasses2/install/tobii_glasses_pkg/include/tobii_glasses_pkg/msg
[2.043s] -- Up-to-date: /home/usr/workspaces/ros2_tobii_glasses2/install/tobii_glasses_pkg/include/tobii_glasses_pkg/msg/detail
[2.043s] -- Up-to-date: /home/usr/workspaces/ros2_tobii_glasses2/install/tobii_glasses_pkg/include/tobii_glasses_pkg/msg/detail/tobii_glasses__struct.hpp
[2.043s] -- Up-to-date: /home/usr/workspaces/ros2_tobii_glasses2/install/tobii_glasses_pkg/include/tobii_glasses_pkg/msg/detail/gaze_position__builder.hpp
[2.043s] -- Up-to-date: /home/usr/workspaces/ros2_tobii_glasses2/install/tobii_glasses_pkg/include/tobii_glasses_pkg/msg/detail/gaze_position3_d__traits.hpp
[2.043s] -- Up-to-date: /home/usr/workspaces/ros2_tobii_glasses2/install/tobii_glasses_pkg/include/tobii_glasses_pkg/msg/detail/tobii_glasses__traits.hpp
[2.044s] -- Up-to-date: /home/usr/workspaces/ros2_tobii_glasses2/install/tobii_glasses_pkg/include/tobii_glasses_pkg/msg/detail/gaze_position3_d__struct.hpp
[2.044s] -- Up-to-date: /home/usr/workspaces/ros2_tobii_glasses2/install/tobii_glasses_pkg/include/tobii_glasses_pkg/msg/detail/gaze_position__traits.hpp
[2.044s] -- Up-to-date: /home/usr/workspaces/ros2_tobii_glasses2/install/tobii_glasses_pkg/include/tobii_glasses_pkg/msg/detail/tobii_glasses__builder.hpp
[2.044s] -- Up-to-date: /home/usr/workspaces/ros2_tobii_glasses2/install/tobii_glasses_pkg/include/tobii_glasses_pkg/msg/detail/eye_data__struct.hpp
[2.044s] -- Up-to-date: /home/usr/workspaces/ros2_tobii_glasses2/install/tobii_glasses_pkg/include/tobii_glasses_pkg/msg/detail/eye_data__traits.hpp
[2.044s] -- Up-to-date: /home/usr/workspaces/ros2_tobii_glasses2/install/tobii_glasses_pkg/include/tobii_glasses_pkg/msg/detail/gaze_position__struct.hpp
[2.044s] -- Up-to-date: /home/usr/workspaces/ros2_tobii_glasses2/install/tobii_glasses_pkg/include/tobii_glasses_pkg/msg/detail/eye_data__builder.hpp
[2.044s] -- Up-to-date: /home/usr/workspaces/ros2_tobii_glasses2/install/tobii_glasses_pkg/include/tobii_glasses_pkg/msg/detail/gaze_position3_d__builder.hpp
[2.044s] -- Up-to-date: /home/usr/workspaces/ros2_tobii_glasses2/install/tobii_glasses_pkg/include/tobii_glasses_pkg/msg/gaze_position.hpp
[2.044s] -- Up-to-date: /home/usr/workspaces/ros2_tobii_glasses2/install/tobii_glasses_pkg/include/tobii_glasses_pkg/msg/gaze_position3_d.hpp
[2.044s] -- Up-to-date: /home/usr/workspaces/ros2_tobii_glasses2/install/tobii_glasses_pkg/include/tobii_glasses_pkg/msg/tobii_glasses.hpp
[2.044s] -- Up-to-date: /home/usr/workspaces/ros2_tobii_glasses2/install/tobii_glasses_pkg/include/tobii_glasses_pkg/msg/eye_data.hpp
[2.045s] -- Up-to-date: /home/usr/workspaces/ros2_tobii_glasses2/install/tobii_glasses_pkg/include/tobii_glasses_pkg
[2.045s] -- Up-to-date: /home/usr/workspaces/ros2_tobii_glasses2/install/tobii_glasses_pkg/include/tobii_glasses_pkg/msg
[2.045s] -- Up-to-date: /home/usr/workspaces/ros2_tobii_glasses2/install/tobii_glasses_pkg/include/tobii_glasses_pkg/msg/detail
[2.045s] -- Up-to-date: /home/usr/workspaces/ros2_tobii_glasses2/install/tobii_glasses_pkg/include/tobii_glasses_pkg/msg/detail/gaze_position__rosidl_typesupport_introspection_cpp.hpp
[2.045s] -- Up-to-date: /home/usr/workspaces/ros2_tobii_glasses2/install/tobii_glasses_pkg/include/tobii_glasses_pkg/msg/detail/tobii_glasses__type_support.cpp
[2.045s] -- Up-to-date: /home/usr/workspaces/ros2_tobii_glasses2/install/tobii_glasses_pkg/include/tobii_glasses_pkg/msg/detail/gaze_position3_d__type_support.cpp
[2.045s] -- Up-to-date: /home/usr/workspaces/ros2_tobii_glasses2/install/tobii_glasses_pkg/include/tobii_glasses_pkg/msg/detail/eye_data__rosidl_typesupport_introspection_cpp.hpp
[2.045s] -- Up-to-date: /home/usr/workspaces/ros2_tobii_glasses2/install/tobii_glasses_pkg/include/tobii_glasses_pkg/msg/detail/eye_data__type_support.cpp
[2.045s] -- Up-to-date: /home/usr/workspaces/ros2_tobii_glasses2/install/tobii_glasses_pkg/include/tobii_glasses_pkg/msg/detail/gaze_position__type_support.cpp
[2.045s] -- Up-to-date: /home/usr/workspaces/ros2_tobii_glasses2/install/tobii_glasses_pkg/include/tobii_glasses_pkg/msg/detail/gaze_position3_d__rosidl_typesupport_introspection_cpp.hpp
[2.045s] -- Up-to-date: /home/usr/workspaces/ros2_tobii_glasses2/install/tobii_glasses_pkg/include/tobii_glasses_pkg/msg/detail/tobii_glasses__rosidl_typesupport_introspection_cpp.hpp
[2.045s] -- Up-to-date: /home/usr/workspaces/ros2_tobii_glasses2/install/tobii_glasses_pkg/lib/libtobii_glasses_pkg__rosidl_typesupport_introspection_cpp.so
[2.045s] -- Up-to-date: /home/usr/workspaces/ros2_tobii_glasses2/install/tobii_glasses_pkg/lib/libtobii_glasses_pkg__rosidl_typesupport_cpp.so
[2.046s] -- Installing: /home/usr/workspaces/ros2_tobii_glasses2/install/tobii_glasses_pkg/lib/python3.8/site-packages/tobii_glasses_pkg/__init__.py
[2.070s] Compiling '/home/usr/workspaces/ros2_tobii_glasses2/install/tobii_glasses_pkg/lib/python3.8/site-packages/tobii_glasses_pkg/__init__.py'...
[2.075s] -- Up-to-date: /home/usr/workspaces/ros2_tobii_glasses2/install/tobii_glasses_pkg/lib/python3.8/site-packages/tobii_glasses_pkg/msg
[2.075s] -- Up-to-date: /home/usr/workspaces/ros2_tobii_glasses2/install/tobii_glasses_pkg/lib/python3.8/site-packages/tobii_glasses_pkg/msg/_eye_data_s.c
[2.075s] -- Up-to-date: /home/usr/workspaces/ros2_tobii_glasses2/install/tobii_glasses_pkg/lib/python3.8/site-packages/tobii_glasses_pkg/msg/_gaze_position_s.c
[2.075s] -- Up-to-date: /home/usr/workspaces/ros2_tobii_glasses2/install/tobii_glasses_pkg/lib/python3.8/site-packages/tobii_glasses_pkg/msg/_tobii_glasses.py
[2.076s] -- Up-to-date: /home/usr/workspaces/ros2_tobii_glasses2/install/tobii_glasses_pkg/lib/python3.8/site-packages/tobii_glasses_pkg/msg/_eye_data.py
[2.076s] -- Up-to-date: /home/usr/workspaces/ros2_tobii_glasses2/install/tobii_glasses_pkg/lib/python3.8/site-packages/tobii_glasses_pkg/msg/__init__.py
[2.076s] -- Up-to-date: /home/usr/workspaces/ros2_tobii_glasses2/install/tobii_glasses_pkg/lib/python3.8/site-packages/tobii_glasses_pkg/msg/_tobii_glasses_s.c
[2.076s] -- Up-to-date: /home/usr/workspaces/ros2_tobii_glasses2/install/tobii_glasses_pkg/lib/python3.8/site-packages/tobii_glasses_pkg/msg/_gaze_position.py
[2.076s] -- Up-to-date: /home/usr/workspaces/ros2_tobii_glasses2/install/tobii_glasses_pkg/lib/python3.8/site-packages/tobii_glasses_pkg/msg/_gaze_position3_d_s.c
[2.076s] -- Up-to-date: /home/usr/workspaces/ros2_tobii_glasses2/install/tobii_glasses_pkg/lib/python3.8/site-packages/tobii_glasses_pkg/msg/_gaze_position3_d.py
[2.076s] -- Up-to-date: /home/usr/workspaces/ros2_tobii_glasses2/install/tobii_glasses_pkg/lib/python3.8/site-packages/tobii_glasses_pkg/tobii_glasses_pkg_s__rosidl_typesupport_fastrtps_c.cpython-38-x86_64-linux-gnu.so
[2.076s] -- Up-to-date: /home/usr/workspaces/ros2_tobii_glasses2/install/tobii_glasses_pkg/lib/python3.8/site-packages/tobii_glasses_pkg/tobii_glasses_pkg_s__rosidl_typesupport_introspection_c.cpython-38-x86_64-linux-gnu.so
[2.077s] -- Up-to-date: /home/usr/workspaces/ros2_tobii_glasses2/install/tobii_glasses_pkg/lib/python3.8/site-packages/tobii_glasses_pkg/tobii_glasses_pkg_s__rosidl_typesupport_c.cpython-38-x86_64-linux-gnu.so
[2.077s] -- Up-to-date: /home/usr/workspaces/ros2_tobii_glasses2/install/tobii_glasses_pkg/lib/libtobii_glasses_pkg__python.so
[2.078s] -- Up-to-date: /home/usr/workspaces/ros2_tobii_glasses2/install/tobii_glasses_pkg/share/tobii_glasses_pkg/msg/TobiiGlasses.idl
[2.078s] -- Up-to-date: /home/usr/workspaces/ros2_tobii_glasses2/install/tobii_glasses_pkg/share/tobii_glasses_pkg/msg/GazePosition.idl
[2.078s] -- Up-to-date: /home/usr/workspaces/ros2_tobii_glasses2/install/tobii_glasses_pkg/share/tobii_glasses_pkg/msg/GazePosition3D.idl
[2.078s] -- Up-to-date: /home/usr/workspaces/ros2_tobii_glasses2/install/tobii_glasses_pkg/share/tobii_glasses_pkg/msg/EyeData.idl
[2.078s] -- Up-to-date: /home/usr/workspaces/ros2_tobii_glasses2/install/tobii_glasses_pkg/share/tobii_glasses_pkg/msg/TobiiGlasses.msg
[2.079s] -- Up-to-date: /home/usr/workspaces/ros2_tobii_glasses2/install/tobii_glasses_pkg/share/tobii_glasses_pkg/msg/GazePosition.msg
[2.079s] -- Up-to-date: /home/usr/workspaces/ros2_tobii_glasses2/install/tobii_glasses_pkg/share/tobii_glasses_pkg/msg/GazePosition3D.msg
[2.079s] -- Up-to-date: /home/usr/workspaces/ros2_tobii_glasses2/install/tobii_glasses_pkg/share/tobii_glasses_pkg/msg/EyeData.msg
[2.079s] -- Installing: /home/usr/workspaces/ros2_tobii_glasses2/install/tobii_glasses_pkg/share/ament_index/resource_index/package_run_dependencies/tobii_glasses_pkg
[2.079s] -- Installing: /home/usr/workspaces/ros2_tobii_glasses2/install/tobii_glasses_pkg/share/ament_index/resource_index/parent_prefix_path/tobii_glasses_pkg
[2.079s] -- Up-to-date: /home/usr/workspaces/ros2_tobii_glasses2/install/tobii_glasses_pkg/share/tobii_glasses_pkg/environment/ament_prefix_path.sh
[2.079s] -- Installing: /home/usr/workspaces/ros2_tobii_glasses2/install/tobii_glasses_pkg/share/tobii_glasses_pkg/environment/ament_prefix_path.dsv
[2.080s] -- Up-to-date: /home/usr/workspaces/ros2_tobii_glasses2/install/tobii_glasses_pkg/share/tobii_glasses_pkg/environment/path.sh
[2.080s] -- Installing: /home/usr/workspaces/ros2_tobii_glasses2/install/tobii_glasses_pkg/share/tobii_glasses_pkg/environment/path.dsv
[2.080s] -- Up-to-date: /home/usr/workspaces/ros2_tobii_glasses2/install/tobii_glasses_pkg/share/tobii_glasses_pkg/local_setup.bash
[2.080s] -- Up-to-date: /home/usr/workspaces/ros2_tobii_glasses2/install/tobii_glasses_pkg/share/tobii_glasses_pkg/local_setup.sh
[2.080s] -- Up-to-date: /home/usr/workspaces/ros2_tobii_glasses2/install/tobii_glasses_pkg/share/tobii_glasses_pkg/local_setup.zsh
[2.080s] -- Installing: /home/usr/workspaces/ros2_tobii_glasses2/install/tobii_glasses_pkg/share/tobii_glasses_pkg/local_setup.dsv
[2.080s] -- Installing: /home/usr/workspaces/ros2_tobii_glasses2/install/tobii_glasses_pkg/share/tobii_glasses_pkg/package.dsv
[2.081s] -- Up-to-date: /home/usr/workspaces/ros2_tobii_glasses2/install/tobii_glasses_pkg/share/ament_index/resource_index/packages/tobii_glasses_pkg
[2.081s] -- Up-to-date: /home/usr/workspaces/ros2_tobii_glasses2/install/tobii_glasses_pkg/share/tobii_glasses_pkg/cmake/tobii_glasses_pkg__rosidl_generator_cExport.cmake
[2.081s] -- Installing: /home/usr/workspaces/ros2_tobii_glasses2/install/tobii_glasses_pkg/share/tobii_glasses_pkg/cmake/tobii_glasses_pkg__rosidl_generator_cExport-noconfig.cmake
[2.081s] -- Up-to-date: /home/usr/workspaces/ros2_tobii_glasses2/install/tobii_glasses_pkg/share/tobii_glasses_pkg/cmake/tobii_glasses_pkg__rosidl_typesupport_introspection_cExport.cmake
[2.081s] -- Installing: /home/usr/workspaces/ros2_tobii_glasses2/install/tobii_glasses_pkg/share/tobii_glasses_pkg/cmake/tobii_glasses_pkg__rosidl_typesupport_introspection_cExport-noconfig.cmake
[2.081s] -- Up-to-date: /home/usr/workspaces/ros2_tobii_glasses2/install/tobii_glasses_pkg/share/tobii_glasses_pkg/cmake/tobii_glasses_pkg__rosidl_typesupport_cExport.cmake
[2.081s] -- Installing: /home/usr/workspaces/ros2_tobii_glasses2/install/tobii_glasses_pkg/share/tobii_glasses_pkg/cmake/tobii_glasses_pkg__rosidl_typesupport_cExport-noconfig.cmake
[2.081s] -- Up-to-date: /home/usr/workspaces/ros2_tobii_glasses2/install/tobii_glasses_pkg/share/tobii_glasses_pkg/cmake/tobii_glasses_pkg__rosidl_generator_cppExport.cmake
[2.082s] -- Up-to-date: /home/usr/workspaces/ros2_tobii_glasses2/install/tobii_glasses_pkg/share/tobii_glasses_pkg/cmake/tobii_glasses_pkg__rosidl_typesupport_introspection_cppExport.cmake
[2.082s] -- Installing: /home/usr/workspaces/ros2_tobii_glasses2/install/tobii_glasses_pkg/share/tobii_glasses_pkg/cmake/tobii_glasses_pkg__rosidl_typesupport_introspection_cppExport-noconfig.cmake
[2.082s] -- Up-to-date: /home/usr/workspaces/ros2_tobii_glasses2/install/tobii_glasses_pkg/share/tobii_glasses_pkg/cmake/tobii_glasses_pkg__rosidl_typesupport_cppExport.cmake
[2.082s] -- Installing: /home/usr/workspaces/ros2_tobii_glasses2/install/tobii_glasses_pkg/share/tobii_glasses_pkg/cmake/tobii_glasses_pkg__rosidl_typesupport_cppExport-noconfig.cmake
[2.082s] -- Up-to-date: /home/usr/workspaces/ros2_tobii_glasses2/install/tobii_glasses_pkg/share/tobii_glasses_pkg/cmake/rosidl_cmake-extras.cmake
[2.082s] -- Up-to-date: /home/usr/workspaces/ros2_tobii_glasses2/install/tobii_glasses_pkg/share/tobii_glasses_pkg/cmake/ament_cmake_export_dependencies-extras.cmake
[2.083s] -- Up-to-date: /home/usr/workspaces/ros2_tobii_glasses2/install/tobii_glasses_pkg/share/tobii_glasses_pkg/cmake/ament_cmake_export_libraries-extras.cmake
[2.083s] -- Up-to-date: /home/usr/workspaces/ros2_tobii_glasses2/install/tobii_glasses_pkg/share/tobii_glasses_pkg/cmake/ament_cmake_export_targets-extras.cmake
[2.083s] -- Up-to-date: /home/usr/workspaces/ros2_tobii_glasses2/install/tobii_glasses_pkg/share/tobii_glasses_pkg/cmake/ament_cmake_export_include_directories-extras.cmake
[2.083s] -- Up-to-date: /home/usr/workspaces/ros2_tobii_glasses2/install/tobii_glasses_pkg/share/tobii_glasses_pkg/cmake/rosidl_cmake_export_typesupport_libraries-extras.cmake
[2.083s] -- Up-to-date: /home/usr/workspaces/ros2_tobii_glasses2/install/tobii_glasses_pkg/share/tobii_glasses_pkg/cmake/rosidl_cmake_export_typesupport_targets-extras.cmake
[2.083s] -- Installing: /home/usr/workspaces/ros2_tobii_glasses2/install/tobii_glasses_pkg/share/tobii_glasses_pkg/cmake/tobii_glasses_pkgConfig.cmake
[2.083s] -- Installing: /home/usr/workspaces/ros2_tobii_glasses2/install/tobii_glasses_pkg/share/tobii_glasses_pkg/cmake/tobii_glasses_pkgConfig-version.cmake
[2.083s] -- Installing: /home/usr/workspaces/ros2_tobii_glasses2/install/tobii_glasses_pkg/share/tobii_glasses_pkg/package.xml
[2.085s] Invoked command in '/home/usr/workspaces/ros2_tobii_glasses2/build/tobii_glasses_pkg' returned '0': CMAKE_PREFIX_PATH=${CMAKE_PREFIX_PATH}:/opt/ros/foxy /usr/bin/cmake --install /home/usr/workspaces/ros2_tobii_glasses2/build/tobii_glasses_pkg
