[0.018s] Invoking command in '/home/usr/workspaces/ros2_tobii_glasses2/build/tobii_glasses_pkg': CMAKE_PREFIX_PATH=${CMAKE_PREFIX_PATH}:/opt/ros/foxy /usr/bin/cmake --build /home/usr/workspaces/ros2_tobii_glasses2/build/tobii_glasses_pkg -- -j8 -l8
[0.070s] [  1%] Built target tobii_glasses_pkg__cpp
[0.072s] [ 12%] Built target tobii_glasses_pkg__rosidl_generator_c
[0.098s] [ 23%] Built target tobii_glasses_pkg__rosidl_typesupport_cpp
[0.098s] [ 34%] Built target tobii_glasses_pkg__rosidl_typesupport_fastrtps_cpp
[0.100s] [ 54%] Built target tobii_glasses_pkg__rosidl_typesupport_introspection_cpp
[0.100s] [ 56%] Built target tobii_glasses_pkg__rosidl_typesupport_c
[0.107s] [ 67%] Built target tobii_glasses_pkg__rosidl_typesupport_introspection_c
[0.124s] [ 78%] Built target tobii_glasses_pkg__rosidl_typesupport_fastrtps_c
[0.143s] [ 78%] Built target tobii_glasses_pkg
[0.164s] [ 80%] Built target tobii_glasses_pkg__py
[0.190s] [ 89%] Built target tobii_glasses_pkg__python
[0.215s] [100%] Built target tobii_glasses_pkg__rosidl_typesupport_c__pyext
[0.216s] [100%] Built target tobii_glasses_pkg__rosidl_typesupport_fastrtps_c__pyext
[0.216s] [100%] Built target tobii_glasses_pkg__rosidl_typesupport_introspection_c__pyext
[0.226s] Invoked command in '/home/usr/workspaces/ros2_tobii_glasses2/build/tobii_glasses_pkg' returned '0': CMAKE_PREFIX_PATH=${CMAKE_PREFIX_PATH}:/opt/ros/foxy /usr/bin/cmake --build /home/usr/workspaces/ros2_tobii_glasses2/build/tobii_glasses_pkg -- -j8 -l8
[0.309s] Invoking command in '/home/usr/workspaces/ros2_tobii_glasses2/build/tobii_glasses_pkg': CMAKE_PREFIX_PATH=${CMAKE_PREFIX_PATH}:/opt/ros/foxy /usr/bin/cmake --install /home/usr/workspaces/ros2_tobii_glasses2/build/tobii_glasses_pkg
[0.318s] -- Install configuration: ""
[0.318s] -- Up-to-date: /home/usr/workspaces/ros2_tobii_glasses2/install/tobii_glasses_pkg/share/tobii_glasses_pkg/environment/pythonpath.sh
[0.318s] -- Up-to-date: /home/usr/workspaces/ros2_tobii_glasses2/install/tobii_glasses_pkg/share/tobii_glasses_pkg/environment/pythonpath.dsv
[0.318s] -- Up-to-date: /home/usr/workspaces/ros2_tobii_glasses2/install/tobii_glasses_pkg/lib/python3.8/site-packages/scripts/
[0.318s] -- Up-to-date: /home/usr/workspaces/ros2_tobii_glasses2/install/tobii_glasses_pkg/lib/python3.8/site-packages/scripts//tobii_glasses_buffer.py
[0.318s] -- Up-to-date: /home/usr/workspaces/ros2_tobii_glasses2/install/tobii_glasses_pkg/lib/python3.8/site-packages/scripts//__init__.py
[0.319s] -- Installing: /home/usr/workspaces/ros2_tobii_glasses2/install/tobii_glasses_pkg/lib/python3.8/site-packages/scripts//tobii_glasses.py
[0.319s] -- Up-to-date: /home/usr/workspaces/ros2_tobii_glasses2/install/tobii_glasses_pkg/lib/python3.8/site-packages/scripts//video_capture.py
[0.347s] Listing '/home/usr/workspaces/ros2_tobii_glasses2/install/tobii_glasses_pkg/lib/python3.8/site-packages/scripts/'...
[0.347s] Compiling '/home/usr/workspaces/ros2_tobii_glasses2/install/tobii_glasses_pkg/lib/python3.8/site-packages/scripts/tobii_glasses.py'...
[0.347s] ***   File "/home/usr/workspaces/ros2_tobii_glasses2/install/tobii_glasses_pkg/lib/python3.8/site-packages/scripts/tobii_glasses.py", line 24
[0.347s]     from video_capture import tobii_glasses_pkg.VideoCapture
[0.347s]                                                ^
[0.348s] SyntaxError: invalid syntax
[0.348s] 
[0.352s] -- Installing: /home/usr/workspaces/ros2_tobii_glasses2/install/tobii_glasses_pkg/lib/tobii_glasses_pkg/tobii_glasses.py
[0.352s] -- Up-to-date: /home/usr/workspaces/ros2_tobii_glasses2/install/tobii_glasses_pkg/share/tobii_glasses_pkg//launch
[0.352s] -- Up-to-date: /home/usr/workspaces/ros2_tobii_glasses2/install/tobii_glasses_pkg/share/tobii_glasses_pkg//launch/pupil.launch.py
[0.354s] -- Up-to-date: /home/usr/workspaces/ros2_tobii_glasses2/install/tobii_glasses_pkg/share/tobii_glasses_pkg//launch/piano_demo.launch.py
[0.354s] -- Up-to-date: /home/usr/workspaces/ros2_tobii_glasses2/install/tobii_glasses_pkg/share/tobii_glasses_pkg//launch/pupil_devel.launch.py
[0.354s] -- Up-to-date: /home/usr/workspaces/ros2_tobii_glasses2/install/tobii_glasses_pkg/share/ament_index/resource_index/rosidl_interfaces/tobii_glasses_pkg
[0.354s] -- Up-to-date: /home/usr/workspaces/ros2_tobii_glasses2/install/tobii_glasses_pkg/include/tobii_glasses_pkg
[0.355s] -- Up-to-date: /home/usr/workspaces/ros2_tobii_glasses2/install/tobii_glasses_pkg/include/tobii_glasses_pkg/msg
[0.355s] -- Up-to-date: /home/usr/workspaces/ros2_tobii_glasses2/install/tobii_glasses_pkg/include/tobii_glasses_pkg/msg/detail
[0.355s] -- Up-to-date: /home/usr/workspaces/ros2_tobii_glasses2/install/tobii_glasses_pkg/include/tobii_glasses_pkg/msg/detail/gaze_position3_d__struct.h
[0.355s] -- Up-to-date: /home/usr/workspaces/ros2_tobii_glasses2/install/tobii_glasses_pkg/include/tobii_glasses_pkg/msg/detail/eye_data__type_support.h
[0.355s] -- Up-to-date: /home/usr/workspaces/ros2_tobii_glasses2/install/tobii_glasses_pkg/include/tobii_glasses_pkg/msg/detail/gaze_position3_d__type_support.h
[0.355s] -- Up-to-date: /home/usr/workspaces/ros2_tobii_glasses2/install/tobii_glasses_pkg/include/tobii_glasses_pkg/msg/detail/eye_data__functions.c
[0.355s] -- Up-to-date: /home/usr/workspaces/ros2_tobii_glasses2/install/tobii_glasses_pkg/include/tobii_glasses_pkg/msg/detail/eye_data__functions.h
[0.356s] -- Up-to-date: /home/usr/workspaces/ros2_tobii_glasses2/install/tobii_glasses_pkg/include/tobii_glasses_pkg/msg/detail/tobii_glasses__functions.h
[0.356s] -- Up-to-date: /home/usr/workspaces/ros2_tobii_glasses2/install/tobii_glasses_pkg/include/tobii_glasses_pkg/msg/detail/gaze_position3_d__functions.c
[0.356s] -- Up-to-date: /home/usr/workspaces/ros2_tobii_glasses2/install/tobii_glasses_pkg/include/tobii_glasses_pkg/msg/detail/eye_data__struct.h
[0.356s] -- Up-to-date: /home/usr/workspaces/ros2_tobii_glasses2/install/tobii_glasses_pkg/include/tobii_glasses_pkg/msg/detail/tobii_glasses__functions.c
[0.356s] -- Up-to-date: /home/usr/workspaces/ros2_tobii_glasses2/install/tobii_glasses_pkg/include/tobii_glasses_pkg/msg/detail/gaze_position3_d__functions.h
[0.356s] -- Up-to-date: /home/usr/workspaces/ros2_tobii_glasses2/install/tobii_glasses_pkg/include/tobii_glasses_pkg/msg/detail/gaze_position__type_support.h
[0.356s] -- Up-to-date: /home/usr/workspaces/ros2_tobii_glasses2/install/tobii_glasses_pkg/include/tobii_glasses_pkg/msg/detail/gaze_position__functions.h
[0.357s] -- Up-to-date: /home/usr/workspaces/ros2_tobii_glasses2/install/tobii_glasses_pkg/include/tobii_glasses_pkg/msg/detail/gaze_position__struct.h
[0.357s] -- Up-to-date: /home/usr/workspaces/ros2_tobii_glasses2/install/tobii_glasses_pkg/include/tobii_glasses_pkg/msg/detail/gaze_position__functions.c
[0.357s] -- Up-to-date: /home/usr/workspaces/ros2_tobii_glasses2/install/tobii_glasses_pkg/include/tobii_glasses_pkg/msg/detail/tobii_glasses__type_support.h
[0.357s] -- Up-to-date: /home/usr/workspaces/ros2_tobii_glasses2/install/tobii_glasses_pkg/include/tobii_glasses_pkg/msg/detail/tobii_glasses__struct.h
[0.357s] -- Up-to-date: /home/usr/workspaces/ros2_tobii_glasses2/install/tobii_glasses_pkg/include/tobii_glasses_pkg/msg/tobii_glasses.h
[0.357s] -- Up-to-date: /home/usr/workspaces/ros2_tobii_glasses2/install/tobii_glasses_pkg/include/tobii_glasses_pkg/msg/rosidl_generator_c__visibility_control.h
[0.357s] -- Up-to-date: /home/usr/workspaces/ros2_tobii_glasses2/install/tobii_glasses_pkg/include/tobii_glasses_pkg/msg/gaze_position.h
[0.358s] -- Up-to-date: /home/usr/workspaces/ros2_tobii_glasses2/install/tobii_glasses_pkg/include/tobii_glasses_pkg/msg/eye_data.h
[0.358s] -- Up-to-date: /home/usr/workspaces/ros2_tobii_glasses2/install/tobii_glasses_pkg/include/tobii_glasses_pkg/msg/gaze_position3_d.h
[0.358s] -- Up-to-date: /home/usr/workspaces/ros2_tobii_glasses2/install/tobii_glasses_pkg/share/tobii_glasses_pkg/environment/library_path.sh
[0.358s] -- Up-to-date: /home/usr/workspaces/ros2_tobii_glasses2/install/tobii_glasses_pkg/share/tobii_glasses_pkg/environment/library_path.dsv
[0.358s] -- Up-to-date: /home/usr/workspaces/ros2_tobii_glasses2/install/tobii_glasses_pkg/lib/libtobii_glasses_pkg__rosidl_generator_c.so
[0.358s] -- Up-to-date: /home/usr/workspaces/ros2_tobii_glasses2/install/tobii_glasses_pkg/include/tobii_glasses_pkg
[0.358s] -- Up-to-date: /home/usr/workspaces/ros2_tobii_glasses2/install/tobii_glasses_pkg/include/tobii_glasses_pkg/msg
[0.358s] -- Up-to-date: /home/usr/workspaces/ros2_tobii_glasses2/install/tobii_glasses_pkg/include/tobii_glasses_pkg/msg/detail
[0.358s] -- Up-to-date: /home/usr/workspaces/ros2_tobii_glasses2/install/tobii_glasses_pkg/include/tobii_glasses_pkg/msg/detail/eye_data__rosidl_typesupport_fastrtps_c.h
[0.359s] -- Up-to-date: /home/usr/workspaces/ros2_tobii_glasses2/install/tobii_glasses_pkg/include/tobii_glasses_pkg/msg/detail/gaze_position__rosidl_typesupport_fastrtps_c.h
[0.359s] -- Up-to-date: /home/usr/workspaces/ros2_tobii_glasses2/install/tobii_glasses_pkg/include/tobii_glasses_pkg/msg/detail/tobii_glasses__rosidl_typesupport_fastrtps_c.h
[0.359s] -- Up-to-date: /home/usr/workspaces/ros2_tobii_glasses2/install/tobii_glasses_pkg/include/tobii_glasses_pkg/msg/detail/gaze_position3_d__rosidl_typesupport_fastrtps_c.h
[0.359s] -- Up-to-date: /home/usr/workspaces/ros2_tobii_glasses2/install/tobii_glasses_pkg/include/tobii_glasses_pkg/msg/rosidl_typesupport_fastrtps_c__visibility_control.h
[0.359s] -- Up-to-date: /home/usr/workspaces/ros2_tobii_glasses2/install/tobii_glasses_pkg/lib/libtobii_glasses_pkg__rosidl_typesupport_fastrtps_c.so
[0.359s] -- Up-to-date: /home/usr/workspaces/ros2_tobii_glasses2/install/tobii_glasses_pkg/include/tobii_glasses_pkg
[0.359s] -- Up-to-date: /home/usr/workspaces/ros2_tobii_glasses2/install/tobii_glasses_pkg/include/tobii_glasses_pkg/msg
[0.359s] -- Up-to-date: /home/usr/workspaces/ros2_tobii_glasses2/install/tobii_glasses_pkg/include/tobii_glasses_pkg/msg/detail
[0.359s] -- Up-to-date: /home/usr/workspaces/ros2_tobii_glasses2/install/tobii_glasses_pkg/include/tobii_glasses_pkg/msg/detail/tobii_glasses__rosidl_typesupport_fastrtps_cpp.hpp
[0.360s] -- Up-to-date: /home/usr/workspaces/ros2_tobii_glasses2/install/tobii_glasses_pkg/include/tobii_glasses_pkg/msg/detail/gaze_position__rosidl_typesupport_fastrtps_cpp.hpp
[0.360s] -- Up-to-date: /home/usr/workspaces/ros2_tobii_glasses2/install/tobii_glasses_pkg/include/tobii_glasses_pkg/msg/detail/gaze_position3_d__rosidl_typesupport_fastrtps_cpp.hpp
[0.360s] -- Up-to-date: /home/usr/workspaces/ros2_tobii_glasses2/install/tobii_glasses_pkg/include/tobii_glasses_pkg/msg/detail/eye_data__rosidl_typesupport_fastrtps_cpp.hpp
[0.360s] -- Up-to-date: /home/usr/workspaces/ros2_tobii_glasses2/install/tobii_glasses_pkg/include/tobii_glasses_pkg/msg/detail/dds_fastrtps
[0.360s] -- Up-to-date: /home/usr/workspaces/ros2_tobii_glasses2/install/tobii_glasses_pkg/include/tobii_glasses_pkg/msg/rosidl_typesupport_fastrtps_cpp__visibility_control.h
[0.360s] -- Up-to-date: /home/usr/workspaces/ros2_tobii_glasses2/install/tobii_glasses_pkg/lib/libtobii_glasses_pkg__rosidl_typesupport_fastrtps_cpp.so
[0.360s] -- Up-to-date: /home/usr/workspaces/ros2_tobii_glasses2/install/tobii_glasses_pkg/include/tobii_glasses_pkg
[0.360s] -- Up-to-date: /home/usr/workspaces/ros2_tobii_glasses2/install/tobii_glasses_pkg/include/tobii_glasses_pkg/msg
[0.360s] -- Up-to-date: /home/usr/workspaces/ros2_tobii_glasses2/install/tobii_glasses_pkg/include/tobii_glasses_pkg/msg/detail
[0.360s] -- Up-to-date: /home/usr/workspaces/ros2_tobii_glasses2/install/tobii_glasses_pkg/include/tobii_glasses_pkg/msg/detail/tobii_glasses__type_support.c
[0.361s] -- Up-to-date: /home/usr/workspaces/ros2_tobii_glasses2/install/tobii_glasses_pkg/include/tobii_glasses_pkg/msg/detail/gaze_position__type_support.c
[0.361s] -- Up-to-date: /home/usr/workspaces/ros2_tobii_glasses2/install/tobii_glasses_pkg/include/tobii_glasses_pkg/msg/detail/eye_data__type_support.c
[0.361s] -- Up-to-date: /home/usr/workspaces/ros2_tobii_glasses2/install/tobii_glasses_pkg/include/tobii_glasses_pkg/msg/detail/gaze_position3_d__type_support.c
[0.361s] -- Up-to-date: /home/usr/workspaces/ros2_tobii_glasses2/install/tobii_glasses_pkg/include/tobii_glasses_pkg/msg/detail/gaze_position3_d__rosidl_typesupport_introspection_c.h
[0.361s] -- Up-to-date: /home/usr/workspaces/ros2_tobii_glasses2/install/tobii_glasses_pkg/include/tobii_glasses_pkg/msg/detail/tobii_glasses__rosidl_typesupport_introspection_c.h
[0.361s] -- Up-to-date: /home/usr/workspaces/ros2_tobii_glasses2/install/tobii_glasses_pkg/include/tobii_glasses_pkg/msg/detail/gaze_position__rosidl_typesupport_introspection_c.h
[0.361s] -- Up-to-date: /home/usr/workspaces/ros2_tobii_glasses2/install/tobii_glasses_pkg/include/tobii_glasses_pkg/msg/detail/eye_data__rosidl_typesupport_introspection_c.h
[0.361s] -- Up-to-date: /home/usr/workspaces/ros2_tobii_glasses2/install/tobii_glasses_pkg/include/tobii_glasses_pkg/msg/rosidl_typesupport_introspection_c__visibility_control.h
[0.361s] -- Up-to-date: /home/usr/workspaces/ros2_tobii_glasses2/install/tobii_glasses_pkg/lib/libtobii_glasses_pkg__rosidl_typesupport_introspection_c.so
[0.361s] -- Up-to-date: /home/usr/workspaces/ros2_tobii_glasses2/install/tobii_glasses_pkg/lib/libtobii_glasses_pkg__rosidl_typesupport_c.so
[0.361s] -- Up-to-date: /home/usr/workspaces/ros2_tobii_glasses2/install/tobii_glasses_pkg/include/tobii_glasses_pkg
[0.361s] -- Up-to-date: /home/usr/workspaces/ros2_tobii_glasses2/install/tobii_glasses_pkg/include/tobii_glasses_pkg/msg
[0.361s] -- Up-to-date: /home/usr/workspaces/ros2_tobii_glasses2/install/tobii_glasses_pkg/include/tobii_glasses_pkg/msg/detail
[0.361s] -- Up-to-date: /home/usr/workspaces/ros2_tobii_glasses2/install/tobii_glasses_pkg/include/tobii_glasses_pkg/msg/detail/tobii_glasses__struct.hpp
[0.361s] -- Up-to-date: /home/usr/workspaces/ros2_tobii_glasses2/install/tobii_glasses_pkg/include/tobii_glasses_pkg/msg/detail/gaze_position__builder.hpp
[0.362s] -- Up-to-date: /home/usr/workspaces/ros2_tobii_glasses2/install/tobii_glasses_pkg/include/tobii_glasses_pkg/msg/detail/gaze_position3_d__traits.hpp
[0.362s] -- Up-to-date: /home/usr/workspaces/ros2_tobii_glasses2/install/tobii_glasses_pkg/include/tobii_glasses_pkg/msg/detail/tobii_glasses__traits.hpp
[0.362s] -- Up-to-date: /home/usr/workspaces/ros2_tobii_glasses2/install/tobii_glasses_pkg/include/tobii_glasses_pkg/msg/detail/gaze_position3_d__struct.hpp
[0.362s] -- Up-to-date: /home/usr/workspaces/ros2_tobii_glasses2/install/tobii_glasses_pkg/include/tobii_glasses_pkg/msg/detail/gaze_position__traits.hpp
[0.362s] -- Up-to-date: /home/usr/workspaces/ros2_tobii_glasses2/install/tobii_glasses_pkg/include/tobii_glasses_pkg/msg/detail/tobii_glasses__builder.hpp
[0.362s] -- Up-to-date: /home/usr/workspaces/ros2_tobii_glasses2/install/tobii_glasses_pkg/include/tobii_glasses_pkg/msg/detail/eye_data__struct.hpp
[0.362s] -- Up-to-date: /home/usr/workspaces/ros2_tobii_glasses2/install/tobii_glasses_pkg/include/tobii_glasses_pkg/msg/detail/eye_data__traits.hpp
[0.362s] -- Up-to-date: /home/usr/workspaces/ros2_tobii_glasses2/install/tobii_glasses_pkg/include/tobii_glasses_pkg/msg/detail/gaze_position__struct.hpp
[0.362s] -- Up-to-date: /home/usr/workspaces/ros2_tobii_glasses2/install/tobii_glasses_pkg/include/tobii_glasses_pkg/msg/detail/eye_data__builder.hpp
[0.362s] -- Up-to-date: /home/usr/workspaces/ros2_tobii_glasses2/install/tobii_glasses_pkg/include/tobii_glasses_pkg/msg/detail/gaze_position3_d__builder.hpp
[0.362s] -- Up-to-date: /home/usr/workspaces/ros2_tobii_glasses2/install/tobii_glasses_pkg/include/tobii_glasses_pkg/msg/gaze_position.hpp
[0.362s] -- Up-to-date: /home/usr/workspaces/ros2_tobii_glasses2/install/tobii_glasses_pkg/include/tobii_glasses_pkg/msg/gaze_position3_d.hpp
[0.362s] -- Up-to-date: /home/usr/workspaces/ros2_tobii_glasses2/install/tobii_glasses_pkg/include/tobii_glasses_pkg/msg/tobii_glasses.hpp
[0.362s] -- Up-to-date: /home/usr/workspaces/ros2_tobii_glasses2/install/tobii_glasses_pkg/include/tobii_glasses_pkg/msg/eye_data.hpp
[0.362s] -- Up-to-date: /home/usr/workspaces/ros2_tobii_glasses2/install/tobii_glasses_pkg/include/tobii_glasses_pkg
[0.363s] -- Up-to-date: /home/usr/workspaces/ros2_tobii_glasses2/install/tobii_glasses_pkg/include/tobii_glasses_pkg/msg
[0.363s] -- Up-to-date: /home/usr/workspaces/ros2_tobii_glasses2/install/tobii_glasses_pkg/include/tobii_glasses_pkg/msg/detail
[0.363s] -- Up-to-date: /home/usr/workspaces/ros2_tobii_glasses2/install/tobii_glasses_pkg/include/tobii_glasses_pkg/msg/detail/gaze_position__rosidl_typesupport_introspection_cpp.hpp
[0.363s] -- Up-to-date: /home/usr/workspaces/ros2_tobii_glasses2/install/tobii_glasses_pkg/include/tobii_glasses_pkg/msg/detail/tobii_glasses__type_support.cpp
[0.363s] -- Up-to-date: /home/usr/workspaces/ros2_tobii_glasses2/install/tobii_glasses_pkg/include/tobii_glasses_pkg/msg/detail/gaze_position3_d__type_support.cpp
[0.363s] -- Up-to-date: /home/usr/workspaces/ros2_tobii_glasses2/install/tobii_glasses_pkg/include/tobii_glasses_pkg/msg/detail/eye_data__rosidl_typesupport_introspection_cpp.hpp
[0.363s] -- Up-to-date: /home/usr/workspaces/ros2_tobii_glasses2/install/tobii_glasses_pkg/include/tobii_glasses_pkg/msg/detail/eye_data__type_support.cpp
[0.363s] -- Up-to-date: /home/usr/workspaces/ros2_tobii_glasses2/install/tobii_glasses_pkg/include/tobii_glasses_pkg/msg/detail/gaze_position__type_support.cpp
[0.363s] -- Up-to-date: /home/usr/workspaces/ros2_tobii_glasses2/install/tobii_glasses_pkg/include/tobii_glasses_pkg/msg/detail/gaze_position3_d__rosidl_typesupport_introspection_cpp.hpp
[0.363s] -- Up-to-date: /home/usr/workspaces/ros2_tobii_glasses2/install/tobii_glasses_pkg/include/tobii_glasses_pkg/msg/detail/tobii_glasses__rosidl_typesupport_introspection_cpp.hpp
[0.363s] -- Up-to-date: /home/usr/workspaces/ros2_tobii_glasses2/install/tobii_glasses_pkg/lib/libtobii_glasses_pkg__rosidl_typesupport_introspection_cpp.so
[0.363s] -- Up-to-date: /home/usr/workspaces/ros2_tobii_glasses2/install/tobii_glasses_pkg/lib/libtobii_glasses_pkg__rosidl_typesupport_cpp.so
[0.363s] -- Up-to-date: /home/usr/workspaces/ros2_tobii_glasses2/install/tobii_glasses_pkg/lib/python3.8/site-packages/tobii_glasses_pkg/__init__.py
[0.390s] -- Up-to-date: /home/usr/workspaces/ros2_tobii_glasses2/install/tobii_glasses_pkg/lib/python3.8/site-packages/tobii_glasses_pkg/msg
[0.390s] -- Up-to-date: /home/usr/workspaces/ros2_tobii_glasses2/install/tobii_glasses_pkg/lib/python3.8/site-packages/tobii_glasses_pkg/msg/_eye_data_s.c
[0.390s] -- Up-to-date: /home/usr/workspaces/ros2_tobii_glasses2/install/tobii_glasses_pkg/lib/python3.8/site-packages/tobii_glasses_pkg/msg/_gaze_position_s.c
[0.390s] -- Up-to-date: /home/usr/workspaces/ros2_tobii_glasses2/install/tobii_glasses_pkg/lib/python3.8/site-packages/tobii_glasses_pkg/msg/_tobii_glasses.py
[0.390s] -- Up-to-date: /home/usr/workspaces/ros2_tobii_glasses2/install/tobii_glasses_pkg/lib/python3.8/site-packages/tobii_glasses_pkg/msg/_eye_data.py
[0.390s] -- Up-to-date: /home/usr/workspaces/ros2_tobii_glasses2/install/tobii_glasses_pkg/lib/python3.8/site-packages/tobii_glasses_pkg/msg/__init__.py
[0.390s] -- Up-to-date: /home/usr/workspaces/ros2_tobii_glasses2/install/tobii_glasses_pkg/lib/python3.8/site-packages/tobii_glasses_pkg/msg/_tobii_glasses_s.c
[0.390s] -- Up-to-date: /home/usr/workspaces/ros2_tobii_glasses2/install/tobii_glasses_pkg/lib/python3.8/site-packages/tobii_glasses_pkg/msg/_gaze_position.py
[0.390s] -- Up-to-date: /home/usr/workspaces/ros2_tobii_glasses2/install/tobii_glasses_pkg/lib/python3.8/site-packages/tobii_glasses_pkg/msg/_gaze_position3_d_s.c
[0.390s] -- Up-to-date: /home/usr/workspaces/ros2_tobii_glasses2/install/tobii_glasses_pkg/lib/python3.8/site-packages/tobii_glasses_pkg/msg/_gaze_position3_d.py
[0.390s] -- Up-to-date: /home/usr/workspaces/ros2_tobii_glasses2/install/tobii_glasses_pkg/lib/python3.8/site-packages/tobii_glasses_pkg/tobii_glasses_pkg_s__rosidl_typesupport_fastrtps_c.cpython-38-x86_64-linux-gnu.so
[0.391s] -- Up-to-date: /home/usr/workspaces/ros2_tobii_glasses2/install/tobii_glasses_pkg/lib/python3.8/site-packages/tobii_glasses_pkg/tobii_glasses_pkg_s__rosidl_typesupport_introspection_c.cpython-38-x86_64-linux-gnu.so
[0.391s] -- Up-to-date: /home/usr/workspaces/ros2_tobii_glasses2/install/tobii_glasses_pkg/lib/python3.8/site-packages/tobii_glasses_pkg/tobii_glasses_pkg_s__rosidl_typesupport_c.cpython-38-x86_64-linux-gnu.so
[0.392s] -- Up-to-date: /home/usr/workspaces/ros2_tobii_glasses2/install/tobii_glasses_pkg/lib/libtobii_glasses_pkg__python.so
[0.392s] -- Up-to-date: /home/usr/workspaces/ros2_tobii_glasses2/install/tobii_glasses_pkg/share/tobii_glasses_pkg/msg/TobiiGlasses.idl
[0.392s] -- Up-to-date: /home/usr/workspaces/ros2_tobii_glasses2/install/tobii_glasses_pkg/share/tobii_glasses_pkg/msg/GazePosition.idl
[0.393s] -- Up-to-date: /home/usr/workspaces/ros2_tobii_glasses2/install/tobii_glasses_pkg/share/tobii_glasses_pkg/msg/GazePosition3D.idl
[0.393s] -- Up-to-date: /home/usr/workspaces/ros2_tobii_glasses2/install/tobii_glasses_pkg/share/tobii_glasses_pkg/msg/EyeData.idl
[0.393s] -- Up-to-date: /home/usr/workspaces/ros2_tobii_glasses2/install/tobii_glasses_pkg/share/tobii_glasses_pkg/msg/TobiiGlasses.msg
[0.393s] -- Up-to-date: /home/usr/workspaces/ros2_tobii_glasses2/install/tobii_glasses_pkg/share/tobii_glasses_pkg/msg/GazePosition.msg
[0.393s] -- Up-to-date: /home/usr/workspaces/ros2_tobii_glasses2/install/tobii_glasses_pkg/share/tobii_glasses_pkg/msg/GazePosition3D.msg
[0.393s] -- Up-to-date: /home/usr/workspaces/ros2_tobii_glasses2/install/tobii_glasses_pkg/share/tobii_glasses_pkg/msg/EyeData.msg
[0.393s] -- Up-to-date: /home/usr/workspaces/ros2_tobii_glasses2/install/tobii_glasses_pkg/share/ament_index/resource_index/package_run_dependencies/tobii_glasses_pkg
[0.393s] -- Up-to-date: /home/usr/workspaces/ros2_tobii_glasses2/install/tobii_glasses_pkg/share/ament_index/resource_index/parent_prefix_path/tobii_glasses_pkg
[0.393s] -- Up-to-date: /home/usr/workspaces/ros2_tobii_glasses2/install/tobii_glasses_pkg/share/tobii_glasses_pkg/environment/ament_prefix_path.sh
[0.394s] -- Up-to-date: /home/usr/workspaces/ros2_tobii_glasses2/install/tobii_glasses_pkg/share/tobii_glasses_pkg/environment/ament_prefix_path.dsv
[0.394s] -- Up-to-date: /home/usr/workspaces/ros2_tobii_glasses2/install/tobii_glasses_pkg/share/tobii_glasses_pkg/environment/path.sh
[0.394s] -- Up-to-date: /home/usr/workspaces/ros2_tobii_glasses2/install/tobii_glasses_pkg/share/tobii_glasses_pkg/environment/path.dsv
[0.394s] -- Up-to-date: /home/usr/workspaces/ros2_tobii_glasses2/install/tobii_glasses_pkg/share/tobii_glasses_pkg/local_setup.bash
[0.394s] -- Up-to-date: /home/usr/workspaces/ros2_tobii_glasses2/install/tobii_glasses_pkg/share/tobii_glasses_pkg/local_setup.sh
[0.394s] -- Up-to-date: /home/usr/workspaces/ros2_tobii_glasses2/install/tobii_glasses_pkg/share/tobii_glasses_pkg/local_setup.zsh
[0.394s] -- Up-to-date: /home/usr/workspaces/ros2_tobii_glasses2/install/tobii_glasses_pkg/share/tobii_glasses_pkg/local_setup.dsv
[0.394s] -- Installing: /home/usr/workspaces/ros2_tobii_glasses2/install/tobii_glasses_pkg/share/tobii_glasses_pkg/package.dsv
[0.394s] -- Up-to-date: /home/usr/workspaces/ros2_tobii_glasses2/install/tobii_glasses_pkg/share/ament_index/resource_index/packages/tobii_glasses_pkg
[0.395s] -- Up-to-date: /home/usr/workspaces/ros2_tobii_glasses2/install/tobii_glasses_pkg/share/tobii_glasses_pkg/cmake/tobii_glasses_pkg__rosidl_generator_cExport.cmake
[0.395s] -- Up-to-date: /home/usr/workspaces/ros2_tobii_glasses2/install/tobii_glasses_pkg/share/tobii_glasses_pkg/cmake/tobii_glasses_pkg__rosidl_generator_cExport-noconfig.cmake
[0.395s] -- Up-to-date: /home/usr/workspaces/ros2_tobii_glasses2/install/tobii_glasses_pkg/share/tobii_glasses_pkg/cmake/tobii_glasses_pkg__rosidl_typesupport_introspection_cExport.cmake
[0.395s] -- Up-to-date: /home/usr/workspaces/ros2_tobii_glasses2/install/tobii_glasses_pkg/share/tobii_glasses_pkg/cmake/tobii_glasses_pkg__rosidl_typesupport_introspection_cExport-noconfig.cmake
[0.395s] -- Up-to-date: /home/usr/workspaces/ros2_tobii_glasses2/install/tobii_glasses_pkg/share/tobii_glasses_pkg/cmake/tobii_glasses_pkg__rosidl_typesupport_cExport.cmake
[0.395s] -- Up-to-date: /home/usr/workspaces/ros2_tobii_glasses2/install/tobii_glasses_pkg/share/tobii_glasses_pkg/cmake/tobii_glasses_pkg__rosidl_typesupport_cExport-noconfig.cmake
[0.395s] -- Up-to-date: /home/usr/workspaces/ros2_tobii_glasses2/install/tobii_glasses_pkg/share/tobii_glasses_pkg/cmake/tobii_glasses_pkg__rosidl_generator_cppExport.cmake
[0.395s] -- Up-to-date: /home/usr/workspaces/ros2_tobii_glasses2/install/tobii_glasses_pkg/share/tobii_glasses_pkg/cmake/tobii_glasses_pkg__rosidl_typesupport_introspection_cppExport.cmake
[0.396s] -- Up-to-date: /home/usr/workspaces/ros2_tobii_glasses2/install/tobii_glasses_pkg/share/tobii_glasses_pkg/cmake/tobii_glasses_pkg__rosidl_typesupport_introspection_cppExport-noconfig.cmake
[0.396s] -- Up-to-date: /home/usr/workspaces/ros2_tobii_glasses2/install/tobii_glasses_pkg/share/tobii_glasses_pkg/cmake/tobii_glasses_pkg__rosidl_typesupport_cppExport.cmake
[0.396s] -- Up-to-date: /home/usr/workspaces/ros2_tobii_glasses2/install/tobii_glasses_pkg/share/tobii_glasses_pkg/cmake/tobii_glasses_pkg__rosidl_typesupport_cppExport-noconfig.cmake
[0.396s] -- Up-to-date: /home/usr/workspaces/ros2_tobii_glasses2/install/tobii_glasses_pkg/share/tobii_glasses_pkg/cmake/rosidl_cmake-extras.cmake
[0.396s] -- Up-to-date: /home/usr/workspaces/ros2_tobii_glasses2/install/tobii_glasses_pkg/share/tobii_glasses_pkg/cmake/ament_cmake_export_dependencies-extras.cmake
[0.396s] -- Up-to-date: /home/usr/workspaces/ros2_tobii_glasses2/install/tobii_glasses_pkg/share/tobii_glasses_pkg/cmake/ament_cmake_export_libraries-extras.cmake
[0.396s] -- Up-to-date: /home/usr/workspaces/ros2_tobii_glasses2/install/tobii_glasses_pkg/share/tobii_glasses_pkg/cmake/ament_cmake_export_targets-extras.cmake
[0.396s] -- Up-to-date: /home/usr/workspaces/ros2_tobii_glasses2/install/tobii_glasses_pkg/share/tobii_glasses_pkg/cmake/ament_cmake_export_include_directories-extras.cmake
[0.396s] -- Up-to-date: /home/usr/workspaces/ros2_tobii_glasses2/install/tobii_glasses_pkg/share/tobii_glasses_pkg/cmake/rosidl_cmake_export_typesupport_libraries-extras.cmake
[0.396s] -- Up-to-date: /home/usr/workspaces/ros2_tobii_glasses2/install/tobii_glasses_pkg/share/tobii_glasses_pkg/cmake/rosidl_cmake_export_typesupport_targets-extras.cmake
[0.396s] -- Up-to-date: /home/usr/workspaces/ros2_tobii_glasses2/install/tobii_glasses_pkg/share/tobii_glasses_pkg/cmake/tobii_glasses_pkgConfig.cmake
[0.396s] -- Up-to-date: /home/usr/workspaces/ros2_tobii_glasses2/install/tobii_glasses_pkg/share/tobii_glasses_pkg/cmake/tobii_glasses_pkgConfig-version.cmake
[0.397s] -- Up-to-date: /home/usr/workspaces/ros2_tobii_glasses2/install/tobii_glasses_pkg/share/tobii_glasses_pkg/package.xml
[0.399s] Invoked command in '/home/usr/workspaces/ros2_tobii_glasses2/build/tobii_glasses_pkg' returned '0': CMAKE_PREFIX_PATH=${CMAKE_PREFIX_PATH}:/opt/ros/foxy /usr/bin/cmake --install /home/usr/workspaces/ros2_tobii_glasses2/build/tobii_glasses_pkg
