[0.123s] DEBUG:colcon:Command line arguments: ['/usr/bin/colcon', 'build']
[0.123s] DEBUG:colcon:Parsed command line arguments: Namespace(ament_cmake_args=None, base_paths=['.'], build_base='build', catkin_cmake_args=None, catkin_skip_building_tests=False, cmake_args=None, cmake_clean_cache=False, cmake_clean_first=False, cmake_force_configure=False, cmake_target=None, cmake_target_skip_unavailable=False, continue_on_error=False, event_handlers=None, executor='parallel', ignore_user_meta=False, install_base='install', log_base=None, log_level=None, main=<bound method BuildVerb.main of <colcon_core.verb.build.BuildVerb object at 0x7f81897395e0>>, merge_install=False, metas=['./colcon.meta'], mixin=None, mixin_files=None, mixin_verb=('build',), packages_above=None, packages_above_and_dependencies=None, packages_above_depth=None, packages_end=None, packages_ignore=None, packages_ignore_regex=None, packages_select=None, packages_select_build_failed=False, packages_select_by_dep=None, packages_select_regex=None, packages_select_test_failures=False, packages_skip=None, packages_skip_build_finished=False, packages_skip_by_dep=None, packages_skip_regex=None, packages_skip_test_passed=False, packages_skip_up_to=None, packages_start=None, packages_up_to=None, packages_up_to_regex=None, parallel_workers=12, paths=None, symlink_install=False, test_result_base=None, verb_extension=<colcon_core.verb.build.BuildVerb object at 0x7f81897395e0>, verb_name='build', verb_parser=<colcon_mixin.mixin.mixin_argument.MixinArgumentDecorator object at 0x7f8189739c40>)
[0.144s] Level 1:colcon.colcon_core.package_discovery:discover_packages(colcon_meta) check parameters
[0.145s] INFO:colcon.colcon_metadata.package_discovery.colcon_meta:Using configuration from '/root/.colcon/metadata/default/Gazebo.meta'
[0.146s] INFO:colcon.colcon_metadata.package_discovery.colcon_meta:Using configuration from '/root/.colcon/metadata/default/fastrtps.meta'
[0.146s] Level 1:colcon.colcon_core.package_discovery:discover_packages(recursive) check parameters
[0.146s] Level 1:colcon.colcon_core.package_discovery:discover_packages(ignore) check parameters
[0.146s] Level 1:colcon.colcon_core.package_discovery:discover_packages(path) check parameters
[0.146s] Level 1:colcon.colcon_core.package_discovery:discover_packages(colcon_meta) discover
[0.146s] Level 1:colcon.colcon_core.package_discovery:discover_packages(recursive) discover
[0.146s] INFO:colcon.colcon_core.package_discovery:Crawling recursively for packages in '/home/ema/workspaces/ros2_tobii_glasses2'
[0.146s] Level 1:colcon.colcon_core.package_identification:_identify(.) by extensions ['ignore', 'ignore_ament_install']
[0.146s] Level 1:colcon.colcon_core.package_identification:_identify(.) by extension 'ignore'
[0.146s] Level 1:colcon.colcon_core.package_identification:_identify(.) by extension 'ignore_ament_install'
[0.146s] Level 1:colcon.colcon_core.package_identification:_identify(.) by extensions ['colcon_pkg']
[0.146s] Level 1:colcon.colcon_core.package_identification:_identify(.) by extension 'colcon_pkg'
[0.146s] Level 1:colcon.colcon_core.package_identification:_identify(.) by extensions ['colcon_meta']
[0.146s] Level 1:colcon.colcon_core.package_identification:_identify(.) by extension 'colcon_meta'
[0.146s] Level 1:colcon.colcon_core.package_identification:_identify(.) by extensions ['ros']
[0.146s] Level 1:colcon.colcon_core.package_identification:_identify(.) by extension 'ros'
[0.157s] DEBUG:colcon.colcon_core.package_identification:Package '.' with type 'ros.ament_cmake' and name 'tobii_glasses_pkg'
[0.157s] Level 1:colcon.colcon_core.package_discovery:discover_packages(recursive) using defaults
[0.157s] Level 1:colcon.colcon_core.package_discovery:discover_packages(ignore) discover
[0.157s] Level 1:colcon.colcon_core.package_discovery:discover_packages(ignore) using defaults
[0.157s] Level 1:colcon.colcon_core.package_discovery:discover_packages(path) discover
[0.157s] Level 1:colcon.colcon_core.package_discovery:discover_packages(path) using defaults
[0.172s] Level 5:colcon.colcon_core.verb:set package 'tobii_glasses_pkg' build argument 'cmake_args' from command line to 'None'
[0.172s] Level 5:colcon.colcon_core.verb:set package 'tobii_glasses_pkg' build argument 'cmake_target' from command line to 'None'
[0.172s] Level 5:colcon.colcon_core.verb:set package 'tobii_glasses_pkg' build argument 'cmake_target_skip_unavailable' from command line to 'False'
[0.172s] Level 5:colcon.colcon_core.verb:set package 'tobii_glasses_pkg' build argument 'cmake_clean_cache' from command line to 'False'
[0.172s] Level 5:colcon.colcon_core.verb:set package 'tobii_glasses_pkg' build argument 'cmake_clean_first' from command line to 'False'
[0.172s] Level 5:colcon.colcon_core.verb:set package 'tobii_glasses_pkg' build argument 'cmake_force_configure' from command line to 'False'
[0.172s] Level 5:colcon.colcon_core.verb:set package 'tobii_glasses_pkg' build argument 'ament_cmake_args' from command line to 'None'
[0.172s] Level 5:colcon.colcon_core.verb:set package 'tobii_glasses_pkg' build argument 'catkin_cmake_args' from command line to 'None'
[0.172s] Level 5:colcon.colcon_core.verb:set package 'tobii_glasses_pkg' build argument 'catkin_skip_building_tests' from command line to 'False'
[0.172s] DEBUG:colcon.colcon_core.verb:Building package 'tobii_glasses_pkg' with the following arguments: {'ament_cmake_args': None, 'build_base': '/home/ema/workspaces/ros2_tobii_glasses2/build/tobii_glasses_pkg', 'catkin_cmake_args': None, 'catkin_skip_building_tests': False, 'cmake_args': None, 'cmake_clean_cache': False, 'cmake_clean_first': False, 'cmake_force_configure': False, 'cmake_target': None, 'cmake_target_skip_unavailable': False, 'install_base': '/home/ema/workspaces/ros2_tobii_glasses2/install/tobii_glasses_pkg', 'merge_install': False, 'path': '/home/ema/workspaces/ros2_tobii_glasses2', 'symlink_install': False, 'test_result_base': None}
[0.173s] INFO:colcon.colcon_core.executor:Executing jobs using 'parallel' executor
[0.176s] DEBUG:colcon.colcon_parallel_executor.executor.parallel:run_until_complete
[0.176s] INFO:colcon.colcon_ros.task.ament_cmake.build:Building ROS package in '/home/ema/workspaces/ros2_tobii_glasses2' with build type 'ament_cmake'
[0.176s] INFO:colcon.colcon_cmake.task.cmake.build:Building CMake package in '/home/ema/workspaces/ros2_tobii_glasses2'
[0.180s] INFO:colcon.colcon_core.plugin_system:Skipping extension 'colcon_core.shell.bat': Not used on non-Windows systems
[0.180s] INFO:colcon.colcon_core.shell:Skip shell extension 'powershell' for command environment: Not usable outside of PowerShell
[0.180s] DEBUG:colcon.colcon_core.shell:Skip shell extension 'dsv' for command environment
[0.187s] DEBUG:colcon.colcon_core.event_handler.log_command:Invoking command in '/home/ema/workspaces/ros2_tobii_glasses2/build/tobii_glasses_pkg': CMAKE_PREFIX_PATH=/opt/ros/foxy /usr/bin/cmake /home/ema/workspaces/ros2_tobii_glasses2 -DCMAKE_INSTALL_PREFIX=/home/ema/workspaces/ros2_tobii_glasses2/install/tobii_glasses_pkg
[1.744s] DEBUG:colcon.colcon_core.event_handler.log_command:Invoked command in '/home/ema/workspaces/ros2_tobii_glasses2/build/tobii_glasses_pkg' returned '0': CMAKE_PREFIX_PATH=/opt/ros/foxy /usr/bin/cmake /home/ema/workspaces/ros2_tobii_glasses2 -DCMAKE_INSTALL_PREFIX=/home/ema/workspaces/ros2_tobii_glasses2/install/tobii_glasses_pkg
[1.747s] DEBUG:colcon.colcon_core.event_handler.log_command:Invoking command in '/home/ema/workspaces/ros2_tobii_glasses2/build/tobii_glasses_pkg': CMAKE_PREFIX_PATH=/opt/ros/foxy /usr/bin/cmake --build /home/ema/workspaces/ros2_tobii_glasses2/build/tobii_glasses_pkg -- -j12 -l12
[5.060s] DEBUG:colcon.colcon_core.event_handler.log_command:Invoked command in '/home/ema/workspaces/ros2_tobii_glasses2/build/tobii_glasses_pkg' returned '0': CMAKE_PREFIX_PATH=/opt/ros/foxy /usr/bin/cmake --build /home/ema/workspaces/ros2_tobii_glasses2/build/tobii_glasses_pkg -- -j12 -l12
[5.205s] DEBUG:colcon.colcon_core.event_handler.log_command:Invoking command in '/home/ema/workspaces/ros2_tobii_glasses2/build/tobii_glasses_pkg': CMAKE_PREFIX_PATH=/opt/ros/foxy /usr/bin/cmake --install /home/ema/workspaces/ros2_tobii_glasses2/build/tobii_glasses_pkg
[5.303s] Level 1:colcon.colcon_core.environment:create_environment_scripts_only(tobii_glasses_pkg)
[5.304s] DEBUG:colcon.colcon_core.event_handler.log_command:Invoked command in '/home/ema/workspaces/ros2_tobii_glasses2/build/tobii_glasses_pkg' returned '0': CMAKE_PREFIX_PATH=/opt/ros/foxy /usr/bin/cmake --install /home/ema/workspaces/ros2_tobii_glasses2/build/tobii_glasses_pkg
[5.309s] Level 1:colcon.colcon_core.environment:checking '/home/ema/workspaces/ros2_tobii_glasses2/install/tobii_glasses_pkg' for CMake module files
[5.309s] Level 1:colcon.colcon_core.environment:checking '/home/ema/workspaces/ros2_tobii_glasses2/install/tobii_glasses_pkg' for CMake config files
[5.309s] Level 1:colcon.colcon_core.shell:create_environment_hook('tobii_glasses_pkg', 'cmake_prefix_path')
[5.310s] INFO:colcon.colcon_core.shell:Creating environment hook '/home/ema/workspaces/ros2_tobii_glasses2/install/tobii_glasses_pkg/share/tobii_glasses_pkg/hook/cmake_prefix_path.ps1'
[5.311s] INFO:colcon.colcon_core.shell:Creating environment descriptor '/home/ema/workspaces/ros2_tobii_glasses2/install/tobii_glasses_pkg/share/tobii_glasses_pkg/hook/cmake_prefix_path.dsv'
[5.311s] INFO:colcon.colcon_core.shell:Creating environment hook '/home/ema/workspaces/ros2_tobii_glasses2/install/tobii_glasses_pkg/share/tobii_glasses_pkg/hook/cmake_prefix_path.sh'
[5.312s] Level 1:colcon.colcon_core.environment:checking '/home/ema/workspaces/ros2_tobii_glasses2/install/tobii_glasses_pkg/lib'
[5.312s] Level 1:colcon.colcon_core.shell:create_environment_hook('tobii_glasses_pkg', 'ld_library_path_lib')
[5.313s] INFO:colcon.colcon_core.shell:Creating environment hook '/home/ema/workspaces/ros2_tobii_glasses2/install/tobii_glasses_pkg/share/tobii_glasses_pkg/hook/ld_library_path_lib.ps1'
[5.313s] INFO:colcon.colcon_core.shell:Creating environment descriptor '/home/ema/workspaces/ros2_tobii_glasses2/install/tobii_glasses_pkg/share/tobii_glasses_pkg/hook/ld_library_path_lib.dsv'
[5.313s] INFO:colcon.colcon_core.shell:Creating environment hook '/home/ema/workspaces/ros2_tobii_glasses2/install/tobii_glasses_pkg/share/tobii_glasses_pkg/hook/ld_library_path_lib.sh'
[5.314s] Level 1:colcon.colcon_core.environment:checking '/home/ema/workspaces/ros2_tobii_glasses2/install/tobii_glasses_pkg/bin'
[5.314s] Level 1:colcon.colcon_core.environment:checking '/home/ema/workspaces/ros2_tobii_glasses2/install/tobii_glasses_pkg/lib/pkgconfig/tobii_glasses_pkg.pc'
[5.314s] Level 1:colcon.colcon_core.environment:checking '/home/ema/workspaces/ros2_tobii_glasses2/install/tobii_glasses_pkg/lib/python3.8/site-packages'
[5.314s] Level 1:colcon.colcon_core.shell:create_environment_hook('tobii_glasses_pkg', 'pythonpath')
[5.323s] INFO:colcon.colcon_core.shell:Creating environment hook '/home/ema/workspaces/ros2_tobii_glasses2/install/tobii_glasses_pkg/share/tobii_glasses_pkg/hook/pythonpath.ps1'
[5.323s] INFO:colcon.colcon_core.shell:Creating environment descriptor '/home/ema/workspaces/ros2_tobii_glasses2/install/tobii_glasses_pkg/share/tobii_glasses_pkg/hook/pythonpath.dsv'
[5.323s] INFO:colcon.colcon_core.shell:Creating environment hook '/home/ema/workspaces/ros2_tobii_glasses2/install/tobii_glasses_pkg/share/tobii_glasses_pkg/hook/pythonpath.sh'
[5.324s] Level 1:colcon.colcon_core.environment:checking '/home/ema/workspaces/ros2_tobii_glasses2/install/tobii_glasses_pkg/bin'
[5.325s] INFO:colcon.colcon_core.shell:Creating package script '/home/ema/workspaces/ros2_tobii_glasses2/install/tobii_glasses_pkg/share/tobii_glasses_pkg/package.ps1'
[5.325s] INFO:colcon.colcon_core.shell:Creating package descriptor '/home/ema/workspaces/ros2_tobii_glasses2/install/tobii_glasses_pkg/share/tobii_glasses_pkg/package.dsv'
[5.326s] INFO:colcon.colcon_core.shell:Creating package script '/home/ema/workspaces/ros2_tobii_glasses2/install/tobii_glasses_pkg/share/tobii_glasses_pkg/package.sh'
[5.326s] INFO:colcon.colcon_core.shell:Creating package script '/home/ema/workspaces/ros2_tobii_glasses2/install/tobii_glasses_pkg/share/tobii_glasses_pkg/package.bash'
[5.327s] INFO:colcon.colcon_core.shell:Creating package script '/home/ema/workspaces/ros2_tobii_glasses2/install/tobii_glasses_pkg/share/tobii_glasses_pkg/package.zsh'
[5.327s] Level 1:colcon.colcon_core.environment:create_file_with_runtime_dependencies(/home/ema/workspaces/ros2_tobii_glasses2/install/tobii_glasses_pkg/share/colcon-core/packages/tobii_glasses_pkg)
[5.398s] Level 1:colcon.colcon_core.environment:create_environment_scripts_only(tobii_glasses_pkg)
[5.400s] Level 1:colcon.colcon_core.environment:checking '/home/ema/workspaces/ros2_tobii_glasses2/install/tobii_glasses_pkg' for CMake module files
[5.400s] Level 1:colcon.colcon_core.environment:checking '/home/ema/workspaces/ros2_tobii_glasses2/install/tobii_glasses_pkg' for CMake config files
[5.400s] Level 1:colcon.colcon_core.shell:create_environment_hook('tobii_glasses_pkg', 'cmake_prefix_path')
[5.401s] INFO:colcon.colcon_core.shell:Creating environment hook '/home/ema/workspaces/ros2_tobii_glasses2/install/tobii_glasses_pkg/share/tobii_glasses_pkg/hook/cmake_prefix_path.ps1'
[5.402s] INFO:colcon.colcon_core.shell:Creating environment descriptor '/home/ema/workspaces/ros2_tobii_glasses2/install/tobii_glasses_pkg/share/tobii_glasses_pkg/hook/cmake_prefix_path.dsv'
[5.402s] INFO:colcon.colcon_core.shell:Creating environment hook '/home/ema/workspaces/ros2_tobii_glasses2/install/tobii_glasses_pkg/share/tobii_glasses_pkg/hook/cmake_prefix_path.sh'
[5.402s] Level 1:colcon.colcon_core.environment:checking '/home/ema/workspaces/ros2_tobii_glasses2/install/tobii_glasses_pkg/lib'
[5.403s] Level 1:colcon.colcon_core.shell:create_environment_hook('tobii_glasses_pkg', 'ld_library_path_lib')
[5.403s] INFO:colcon.colcon_core.shell:Creating environment hook '/home/ema/workspaces/ros2_tobii_glasses2/install/tobii_glasses_pkg/share/tobii_glasses_pkg/hook/ld_library_path_lib.ps1'
[5.404s] INFO:colcon.colcon_core.shell:Creating environment descriptor '/home/ema/workspaces/ros2_tobii_glasses2/install/tobii_glasses_pkg/share/tobii_glasses_pkg/hook/ld_library_path_lib.dsv'
[5.404s] INFO:colcon.colcon_core.shell:Creating environment hook '/home/ema/workspaces/ros2_tobii_glasses2/install/tobii_glasses_pkg/share/tobii_glasses_pkg/hook/ld_library_path_lib.sh'
[5.404s] Level 1:colcon.colcon_core.environment:checking '/home/ema/workspaces/ros2_tobii_glasses2/install/tobii_glasses_pkg/bin'
[5.404s] Level 1:colcon.colcon_core.environment:checking '/home/ema/workspaces/ros2_tobii_glasses2/install/tobii_glasses_pkg/lib/pkgconfig/tobii_glasses_pkg.pc'
[5.404s] Level 1:colcon.colcon_core.environment:checking '/home/ema/workspaces/ros2_tobii_glasses2/install/tobii_glasses_pkg/lib/python3.8/site-packages'
[5.404s] Level 1:colcon.colcon_core.shell:create_environment_hook('tobii_glasses_pkg', 'pythonpath')
[5.405s] INFO:colcon.colcon_core.shell:Creating environment hook '/home/ema/workspaces/ros2_tobii_glasses2/install/tobii_glasses_pkg/share/tobii_glasses_pkg/hook/pythonpath.ps1'
[5.406s] INFO:colcon.colcon_core.shell:Creating environment descriptor '/home/ema/workspaces/ros2_tobii_glasses2/install/tobii_glasses_pkg/share/tobii_glasses_pkg/hook/pythonpath.dsv'
[5.406s] INFO:colcon.colcon_core.shell:Creating environment hook '/home/ema/workspaces/ros2_tobii_glasses2/install/tobii_glasses_pkg/share/tobii_glasses_pkg/hook/pythonpath.sh'
[5.406s] Level 1:colcon.colcon_core.environment:checking '/home/ema/workspaces/ros2_tobii_glasses2/install/tobii_glasses_pkg/bin'
[5.407s] INFO:colcon.colcon_core.shell:Creating package script '/home/ema/workspaces/ros2_tobii_glasses2/install/tobii_glasses_pkg/share/tobii_glasses_pkg/package.ps1'
[5.408s] INFO:colcon.colcon_core.shell:Creating package descriptor '/home/ema/workspaces/ros2_tobii_glasses2/install/tobii_glasses_pkg/share/tobii_glasses_pkg/package.dsv'
[5.408s] INFO:colcon.colcon_core.shell:Creating package script '/home/ema/workspaces/ros2_tobii_glasses2/install/tobii_glasses_pkg/share/tobii_glasses_pkg/package.sh'
[5.408s] INFO:colcon.colcon_core.shell:Creating package script '/home/ema/workspaces/ros2_tobii_glasses2/install/tobii_glasses_pkg/share/tobii_glasses_pkg/package.bash'
[5.409s] INFO:colcon.colcon_core.shell:Creating package script '/home/ema/workspaces/ros2_tobii_glasses2/install/tobii_glasses_pkg/share/tobii_glasses_pkg/package.zsh'
[5.409s] Level 1:colcon.colcon_core.environment:create_file_with_runtime_dependencies(/home/ema/workspaces/ros2_tobii_glasses2/install/tobii_glasses_pkg/share/colcon-core/packages/tobii_glasses_pkg)
[5.409s] DEBUG:colcon.colcon_parallel_executor.executor.parallel:closing loop
[5.409s] DEBUG:colcon.colcon_parallel_executor.executor.parallel:loop closed
[5.410s] DEBUG:colcon.colcon_parallel_executor.executor.parallel:run_until_complete finished with '0'
[5.410s] DEBUG:colcon.colcon_core.event_reactor:joining thread
[5.415s] INFO:colcon.colcon_core.plugin_system:Skipping extension 'colcon_notification.desktop_notification.notify_send': Could not find 'notify-send'
[5.415s] INFO:colcon.colcon_core.plugin_system:Skipping extension 'colcon_notification.desktop_notification.terminal_notifier': Not used on non-Darwin systems
[5.415s] INFO:colcon.colcon_core.plugin_system:Skipping extension 'colcon_notification.desktop_notification.win32': Not used on non-Windows systems
[5.415s] INFO:colcon.colcon_notification.desktop_notification:Sending desktop notification using 'notify2'
[5.416s] DEBUG:colcon.colcon_notification.desktop_notification.notify2:Failed to initialize notify2: org.freedesktop.DBus.Error.Spawn.ExecFailed: /usr/bin/dbus-launch terminated abnormally without any error message
[5.416s] DEBUG:colcon.colcon_core.event_reactor:joined thread
[5.419s] INFO:colcon.colcon_core.shell:Creating prefix script '/home/ema/workspaces/ros2_tobii_glasses2/install/local_setup.ps1'
[5.420s] INFO:colcon.colcon_core.shell:Creating prefix util module '/home/ema/workspaces/ros2_tobii_glasses2/install/_local_setup_util_ps1.py'
[5.422s] INFO:colcon.colcon_core.shell:Creating prefix chain script '/home/ema/workspaces/ros2_tobii_glasses2/install/setup.ps1'
[5.423s] INFO:colcon.colcon_core.shell:Creating prefix script '/home/ema/workspaces/ros2_tobii_glasses2/install/local_setup.sh'
[5.423s] INFO:colcon.colcon_core.shell:Creating prefix util module '/home/ema/workspaces/ros2_tobii_glasses2/install/_local_setup_util_sh.py'
[5.423s] INFO:colcon.colcon_core.shell:Creating prefix chain script '/home/ema/workspaces/ros2_tobii_glasses2/install/setup.sh'
[5.424s] INFO:colcon.colcon_core.shell:Creating prefix script '/home/ema/workspaces/ros2_tobii_glasses2/install/local_setup.bash'
[5.425s] INFO:colcon.colcon_core.shell:Creating prefix chain script '/home/ema/workspaces/ros2_tobii_glasses2/install/setup.bash'
[5.426s] INFO:colcon.colcon_core.shell:Creating prefix script '/home/ema/workspaces/ros2_tobii_glasses2/install/local_setup.zsh'
[5.426s] INFO:colcon.colcon_core.shell:Creating prefix chain script '/home/ema/workspaces/ros2_tobii_glasses2/install/setup.zsh'
