[  1%] Built target tobii_glasses_pkg__cpp
[ 12%] Built target tobii_glasses_pkg__rosidl_generator_c
[ 23%] Built target tobii_glasses_pkg__rosidl_typesupport_introspection_cpp
[ 34%] Built target tobii_glasses_pkg__rosidl_typesupport_fastrtps_cpp
[ 45%] Built target tobii_glasses_pkg__rosidl_typesupport_cpp
[ 56%] Built target tobii_glasses_pkg__rosidl_typesupport_c
[ 67%] Built target tobii_glasses_pkg__rosidl_typesupport_introspection_c
[ 78%] Built target tobii_glasses_pkg__rosidl_typesupport_fastrtps_c
[ 78%] Built target tobii_glasses_pkg
[ 80%] Built target tobii_glasses_pkg__py
[ 89%] Built target tobii_glasses_pkg__python
[100%] Built target tobii_glasses_pkg__rosidl_typesupport_fastrtps_c__pyext
[100%] Built target tobii_glasses_pkg__rosidl_typesupport_c__pyext
[100%] Built target tobii_glasses_pkg__rosidl_typesupport_introspection_c__pyext
-- Install configuration: ""
-- Up-to-date: /home/usr/workspaces/ros2_tobii_glasses2/install/tobii_glasses_pkg/share/tobii_glasses_pkg//launch
-- Up-to-date: /home/usr/workspaces/ros2_tobii_glasses2/install/tobii_glasses_pkg/share/tobii_glasses_pkg//launch/pupil.launch.py
-- Up-to-date: /home/usr/workspaces/ros2_tobii_glasses2/install/tobii_glasses_pkg/share/tobii_glasses_pkg//launch/piano_demo.launch.py
-- Up-to-date: /home/usr/workspaces/ros2_tobii_glasses2/install/tobii_glasses_pkg/share/tobii_glasses_pkg//launch/pupil_devel.launch.py
-- Up-to-date: /home/usr/workspaces/ros2_tobii_glasses2/install/tobii_glasses_pkg/share/tobii_glasses_pkg/environment/pythonpath.sh
-- Up-to-date: /home/usr/workspaces/ros2_tobii_glasses2/install/tobii_glasses_pkg/share/tobii_glasses_pkg/environment/pythonpath.dsv
-- Up-to-date: /home/usr/workspaces/ros2_tobii_glasses2/install/tobii_glasses_pkg/lib/python3.8/site-packages/tobii_glasses_pkg
-- Up-to-date: /home/usr/workspaces/ros2_tobii_glasses2/install/tobii_glasses_pkg/lib/python3.8/site-packages/tobii_glasses_pkg/tobii_glasses_buffer.py
-- Installing: /home/usr/workspaces/ros2_tobii_glasses2/install/tobii_glasses_pkg/lib/python3.8/site-packages/tobii_glasses_pkg/__init__.py
-- Up-to-date: /home/usr/workspaces/ros2_tobii_glasses2/install/tobii_glasses_pkg/lib/python3.8/site-packages/tobii_glasses_pkg/video_capture.py
Listing '/home/usr/workspaces/ros2_tobii_glasses2/install/tobii_glasses_pkg/lib/python3.8/site-packages/tobii_glasses_pkg'...
Compiling '/home/usr/workspaces/ros2_tobii_glasses2/install/tobii_glasses_pkg/lib/python3.8/site-packages/tobii_glasses_pkg/__init__.py'...
Listing '/home/usr/workspaces/ros2_tobii_glasses2/install/tobii_glasses_pkg/lib/python3.8/site-packages/tobii_glasses_pkg/msg'...
-- Installing: /home/usr/workspaces/ros2_tobii_glasses2/install/tobii_glasses_pkg/lib/tobii_glasses_pkg/tobii_glasses.py
-- Up-to-date: /home/usr/workspaces/ros2_tobii_glasses2/install/tobii_glasses_pkg/share/ament_index/resource_index/rosidl_interfaces/tobii_glasses_pkg
-- Up-to-date: /home/usr/workspaces/ros2_tobii_glasses2/install/tobii_glasses_pkg/include/tobii_glasses_pkg
-- Up-to-date: /home/usr/workspaces/ros2_tobii_glasses2/install/tobii_glasses_pkg/include/tobii_glasses_pkg/msg
-- Up-to-date: /home/usr/workspaces/ros2_tobii_glasses2/install/tobii_glasses_pkg/include/tobii_glasses_pkg/msg/detail
-- Up-to-date: /home/usr/workspaces/ros2_tobii_glasses2/install/tobii_glasses_pkg/include/tobii_glasses_pkg/msg/detail/gaze_position3_d__struct.h
-- Up-to-date: /home/usr/workspaces/ros2_tobii_glasses2/install/tobii_glasses_pkg/include/tobii_glasses_pkg/msg/detail/eye_data__type_support.h
-- Up-to-date: /home/usr/workspaces/ros2_tobii_glasses2/install/tobii_glasses_pkg/include/tobii_glasses_pkg/msg/detail/gaze_position3_d__type_support.h
-- Up-to-date: /home/usr/workspaces/ros2_tobii_glasses2/install/tobii_glasses_pkg/include/tobii_glasses_pkg/msg/detail/eye_data__functions.c
-- Up-to-date: /home/usr/workspaces/ros2_tobii_glasses2/install/tobii_glasses_pkg/include/tobii_glasses_pkg/msg/detail/eye_data__functions.h
-- Up-to-date: /home/usr/workspaces/ros2_tobii_glasses2/install/tobii_glasses_pkg/include/tobii_glasses_pkg/msg/detail/tobii_glasses__functions.h
-- Up-to-date: /home/usr/workspaces/ros2_tobii_glasses2/install/tobii_glasses_pkg/include/tobii_glasses_pkg/msg/detail/gaze_position3_d__functions.c
-- Up-to-date: /home/usr/workspaces/ros2_tobii_glasses2/install/tobii_glasses_pkg/include/tobii_glasses_pkg/msg/detail/eye_data__struct.h
-- Up-to-date: /home/usr/workspaces/ros2_tobii_glasses2/install/tobii_glasses_pkg/include/tobii_glasses_pkg/msg/detail/tobii_glasses__functions.c
-- Up-to-date: /home/usr/workspaces/ros2_tobii_glasses2/install/tobii_glasses_pkg/include/tobii_glasses_pkg/msg/detail/gaze_position3_d__functions.h
-- Up-to-date: /home/usr/workspaces/ros2_tobii_glasses2/install/tobii_glasses_pkg/include/tobii_glasses_pkg/msg/detail/gaze_position__type_support.h
-- Up-to-date: /home/usr/workspaces/ros2_tobii_glasses2/install/tobii_glasses_pkg/include/tobii_glasses_pkg/msg/detail/gaze_position__functions.h
-- Up-to-date: /home/usr/workspaces/ros2_tobii_glasses2/install/tobii_glasses_pkg/include/tobii_glasses_pkg/msg/detail/gaze_position__struct.h
-- Up-to-date: /home/usr/workspaces/ros2_tobii_glasses2/install/tobii_glasses_pkg/include/tobii_glasses_pkg/msg/detail/gaze_position__functions.c
-- Up-to-date: /home/usr/workspaces/ros2_tobii_glasses2/install/tobii_glasses_pkg/include/tobii_glasses_pkg/msg/detail/tobii_glasses__type_support.h
-- Up-to-date: /home/usr/workspaces/ros2_tobii_glasses2/install/tobii_glasses_pkg/include/tobii_glasses_pkg/msg/detail/tobii_glasses__struct.h
-- Up-to-date: /home/usr/workspaces/ros2_tobii_glasses2/install/tobii_glasses_pkg/include/tobii_glasses_pkg/msg/tobii_glasses.h
-- Up-to-date: /home/usr/workspaces/ros2_tobii_glasses2/install/tobii_glasses_pkg/include/tobii_glasses_pkg/msg/rosidl_generator_c__visibility_control.h
-- Up-to-date: /home/usr/workspaces/ros2_tobii_glasses2/install/tobii_glasses_pkg/include/tobii_glasses_pkg/msg/gaze_position.h
-- Up-to-date: /home/usr/workspaces/ros2_tobii_glasses2/install/tobii_glasses_pkg/include/tobii_glasses_pkg/msg/eye_data.h
-- Up-to-date: /home/usr/workspaces/ros2_tobii_glasses2/install/tobii_glasses_pkg/include/tobii_glasses_pkg/msg/gaze_position3_d.h
-- Up-to-date: /home/usr/workspaces/ros2_tobii_glasses2/install/tobii_glasses_pkg/share/tobii_glasses_pkg/environment/library_path.sh
-- Up-to-date: /home/usr/workspaces/ros2_tobii_glasses2/install/tobii_glasses_pkg/share/tobii_glasses_pkg/environment/library_path.dsv
-- Up-to-date: /home/usr/workspaces/ros2_tobii_glasses2/install/tobii_glasses_pkg/lib/libtobii_glasses_pkg__rosidl_generator_c.so
-- Up-to-date: /home/usr/workspaces/ros2_tobii_glasses2/install/tobii_glasses_pkg/include/tobii_glasses_pkg
-- Up-to-date: /home/usr/workspaces/ros2_tobii_glasses2/install/tobii_glasses_pkg/include/tobii_glasses_pkg/msg
-- Up-to-date: /home/usr/workspaces/ros2_tobii_glasses2/install/tobii_glasses_pkg/include/tobii_glasses_pkg/msg/detail
-- Up-to-date: /home/usr/workspaces/ros2_tobii_glasses2/install/tobii_glasses_pkg/include/tobii_glasses_pkg/msg/detail/eye_data__rosidl_typesupport_fastrtps_c.h
-- Up-to-date: /home/usr/workspaces/ros2_tobii_glasses2/install/tobii_glasses_pkg/include/tobii_glasses_pkg/msg/detail/gaze_position__rosidl_typesupport_fastrtps_c.h
-- Up-to-date: /home/usr/workspaces/ros2_tobii_glasses2/install/tobii_glasses_pkg/include/tobii_glasses_pkg/msg/detail/tobii_glasses__rosidl_typesupport_fastrtps_c.h
-- Up-to-date: /home/usr/workspaces/ros2_tobii_glasses2/install/tobii_glasses_pkg/include/tobii_glasses_pkg/msg/detail/gaze_position3_d__rosidl_typesupport_fastrtps_c.h
-- Up-to-date: /home/usr/workspaces/ros2_tobii_glasses2/install/tobii_glasses_pkg/include/tobii_glasses_pkg/msg/rosidl_typesupport_fastrtps_c__visibility_control.h
-- Up-to-date: /home/usr/workspaces/ros2_tobii_glasses2/install/tobii_glasses_pkg/lib/libtobii_glasses_pkg__rosidl_typesupport_fastrtps_c.so
-- Up-to-date: /home/usr/workspaces/ros2_tobii_glasses2/install/tobii_glasses_pkg/include/tobii_glasses_pkg
-- Up-to-date: /home/usr/workspaces/ros2_tobii_glasses2/install/tobii_glasses_pkg/include/tobii_glasses_pkg/msg
-- Up-to-date: /home/usr/workspaces/ros2_tobii_glasses2/install/tobii_glasses_pkg/include/tobii_glasses_pkg/msg/detail
-- Up-to-date: /home/usr/workspaces/ros2_tobii_glasses2/install/tobii_glasses_pkg/include/tobii_glasses_pkg/msg/detail/tobii_glasses__rosidl_typesupport_fastrtps_cpp.hpp
-- Up-to-date: /home/usr/workspaces/ros2_tobii_glasses2/install/tobii_glasses_pkg/include/tobii_glasses_pkg/msg/detail/gaze_position__rosidl_typesupport_fastrtps_cpp.hpp
-- Up-to-date: /home/usr/workspaces/ros2_tobii_glasses2/install/tobii_glasses_pkg/include/tobii_glasses_pkg/msg/detail/gaze_position3_d__rosidl_typesupport_fastrtps_cpp.hpp
-- Up-to-date: /home/usr/workspaces/ros2_tobii_glasses2/install/tobii_glasses_pkg/include/tobii_glasses_pkg/msg/detail/eye_data__rosidl_typesupport_fastrtps_cpp.hpp
-- Up-to-date: /home/usr/workspaces/ros2_tobii_glasses2/install/tobii_glasses_pkg/include/tobii_glasses_pkg/msg/detail/dds_fastrtps
-- Up-to-date: /home/usr/workspaces/ros2_tobii_glasses2/install/tobii_glasses_pkg/include/tobii_glasses_pkg/msg/rosidl_typesupport_fastrtps_cpp__visibility_control.h
-- Up-to-date: /home/usr/workspaces/ros2_tobii_glasses2/install/tobii_glasses_pkg/lib/libtobii_glasses_pkg__rosidl_typesupport_fastrtps_cpp.so
-- Up-to-date: /home/usr/workspaces/ros2_tobii_glasses2/install/tobii_glasses_pkg/include/tobii_glasses_pkg
-- Up-to-date: /home/usr/workspaces/ros2_tobii_glasses2/install/tobii_glasses_pkg/include/tobii_glasses_pkg/msg
-- Up-to-date: /home/usr/workspaces/ros2_tobii_glasses2/install/tobii_glasses_pkg/include/tobii_glasses_pkg/msg/detail
-- Up-to-date: /home/usr/workspaces/ros2_tobii_glasses2/install/tobii_glasses_pkg/include/tobii_glasses_pkg/msg/detail/tobii_glasses__type_support.c
-- Up-to-date: /home/usr/workspaces/ros2_tobii_glasses2/install/tobii_glasses_pkg/include/tobii_glasses_pkg/msg/detail/gaze_position__type_support.c
-- Up-to-date: /home/usr/workspaces/ros2_tobii_glasses2/install/tobii_glasses_pkg/include/tobii_glasses_pkg/msg/detail/eye_data__type_support.c
-- Up-to-date: /home/usr/workspaces/ros2_tobii_glasses2/install/tobii_glasses_pkg/include/tobii_glasses_pkg/msg/detail/gaze_position3_d__type_support.c
-- Up-to-date: /home/usr/workspaces/ros2_tobii_glasses2/install/tobii_glasses_pkg/include/tobii_glasses_pkg/msg/detail/gaze_position3_d__rosidl_typesupport_introspection_c.h
-- Up-to-date: /home/usr/workspaces/ros2_tobii_glasses2/install/tobii_glasses_pkg/include/tobii_glasses_pkg/msg/detail/tobii_glasses__rosidl_typesupport_introspection_c.h
-- Up-to-date: /home/usr/workspaces/ros2_tobii_glasses2/install/tobii_glasses_pkg/include/tobii_glasses_pkg/msg/detail/gaze_position__rosidl_typesupport_introspection_c.h
-- Up-to-date: /home/usr/workspaces/ros2_tobii_glasses2/install/tobii_glasses_pkg/include/tobii_glasses_pkg/msg/detail/eye_data__rosidl_typesupport_introspection_c.h
-- Up-to-date: /home/usr/workspaces/ros2_tobii_glasses2/install/tobii_glasses_pkg/include/tobii_glasses_pkg/msg/rosidl_typesupport_introspection_c__visibility_control.h
-- Up-to-date: /home/usr/workspaces/ros2_tobii_glasses2/install/tobii_glasses_pkg/lib/libtobii_glasses_pkg__rosidl_typesupport_introspection_c.so
-- Up-to-date: /home/usr/workspaces/ros2_tobii_glasses2/install/tobii_glasses_pkg/lib/libtobii_glasses_pkg__rosidl_typesupport_c.so
-- Up-to-date: /home/usr/workspaces/ros2_tobii_glasses2/install/tobii_glasses_pkg/include/tobii_glasses_pkg
-- Up-to-date: /home/usr/workspaces/ros2_tobii_glasses2/install/tobii_glasses_pkg/include/tobii_glasses_pkg/msg
-- Up-to-date: /home/usr/workspaces/ros2_tobii_glasses2/install/tobii_glasses_pkg/include/tobii_glasses_pkg/msg/detail
-- Up-to-date: /home/usr/workspaces/ros2_tobii_glasses2/install/tobii_glasses_pkg/include/tobii_glasses_pkg/msg/detail/tobii_glasses__struct.hpp
-- Up-to-date: /home/usr/workspaces/ros2_tobii_glasses2/install/tobii_glasses_pkg/include/tobii_glasses_pkg/msg/detail/gaze_position__builder.hpp
-- Up-to-date: /home/usr/workspaces/ros2_tobii_glasses2/install/tobii_glasses_pkg/include/tobii_glasses_pkg/msg/detail/gaze_position3_d__traits.hpp
-- Up-to-date: /home/usr/workspaces/ros2_tobii_glasses2/install/tobii_glasses_pkg/include/tobii_glasses_pkg/msg/detail/tobii_glasses__traits.hpp
-- Up-to-date: /home/usr/workspaces/ros2_tobii_glasses2/install/tobii_glasses_pkg/include/tobii_glasses_pkg/msg/detail/gaze_position3_d__struct.hpp
-- Up-to-date: /home/usr/workspaces/ros2_tobii_glasses2/install/tobii_glasses_pkg/include/tobii_glasses_pkg/msg/detail/gaze_position__traits.hpp
-- Up-to-date: /home/usr/workspaces/ros2_tobii_glasses2/install/tobii_glasses_pkg/include/tobii_glasses_pkg/msg/detail/tobii_glasses__builder.hpp
-- Up-to-date: /home/usr/workspaces/ros2_tobii_glasses2/install/tobii_glasses_pkg/include/tobii_glasses_pkg/msg/detail/eye_data__struct.hpp
-- Up-to-date: /home/usr/workspaces/ros2_tobii_glasses2/install/tobii_glasses_pkg/include/tobii_glasses_pkg/msg/detail/eye_data__traits.hpp
-- Up-to-date: /home/usr/workspaces/ros2_tobii_glasses2/install/tobii_glasses_pkg/include/tobii_glasses_pkg/msg/detail/gaze_position__struct.hpp
-- Up-to-date: /home/usr/workspaces/ros2_tobii_glasses2/install/tobii_glasses_pkg/include/tobii_glasses_pkg/msg/detail/eye_data__builder.hpp
-- Up-to-date: /home/usr/workspaces/ros2_tobii_glasses2/install/tobii_glasses_pkg/include/tobii_glasses_pkg/msg/detail/gaze_position3_d__builder.hpp
-- Up-to-date: /home/usr/workspaces/ros2_tobii_glasses2/install/tobii_glasses_pkg/include/tobii_glasses_pkg/msg/gaze_position.hpp
-- Up-to-date: /home/usr/workspaces/ros2_tobii_glasses2/install/tobii_glasses_pkg/include/tobii_glasses_pkg/msg/gaze_position3_d.hpp
-- Up-to-date: /home/usr/workspaces/ros2_tobii_glasses2/install/tobii_glasses_pkg/include/tobii_glasses_pkg/msg/tobii_glasses.hpp
-- Up-to-date: /home/usr/workspaces/ros2_tobii_glasses2/install/tobii_glasses_pkg/include/tobii_glasses_pkg/msg/eye_data.hpp
-- Up-to-date: /home/usr/workspaces/ros2_tobii_glasses2/install/tobii_glasses_pkg/include/tobii_glasses_pkg
-- Up-to-date: /home/usr/workspaces/ros2_tobii_glasses2/install/tobii_glasses_pkg/include/tobii_glasses_pkg/msg
-- Up-to-date: /home/usr/workspaces/ros2_tobii_glasses2/install/tobii_glasses_pkg/include/tobii_glasses_pkg/msg/detail
-- Up-to-date: /home/usr/workspaces/ros2_tobii_glasses2/install/tobii_glasses_pkg/include/tobii_glasses_pkg/msg/detail/gaze_position__rosidl_typesupport_introspection_cpp.hpp
-- Up-to-date: /home/usr/workspaces/ros2_tobii_glasses2/install/tobii_glasses_pkg/include/tobii_glasses_pkg/msg/detail/tobii_glasses__type_support.cpp
-- Up-to-date: /home/usr/workspaces/ros2_tobii_glasses2/install/tobii_glasses_pkg/include/tobii_glasses_pkg/msg/detail/gaze_position3_d__type_support.cpp
-- Up-to-date: /home/usr/workspaces/ros2_tobii_glasses2/install/tobii_glasses_pkg/include/tobii_glasses_pkg/msg/detail/eye_data__rosidl_typesupport_introspection_cpp.hpp
-- Up-to-date: /home/usr/workspaces/ros2_tobii_glasses2/install/tobii_glasses_pkg/include/tobii_glasses_pkg/msg/detail/eye_data__type_support.cpp
-- Up-to-date: /home/usr/workspaces/ros2_tobii_glasses2/install/tobii_glasses_pkg/include/tobii_glasses_pkg/msg/detail/gaze_position__type_support.cpp
-- Up-to-date: /home/usr/workspaces/ros2_tobii_glasses2/install/tobii_glasses_pkg/include/tobii_glasses_pkg/msg/detail/gaze_position3_d__rosidl_typesupport_introspection_cpp.hpp
-- Up-to-date: /home/usr/workspaces/ros2_tobii_glasses2/install/tobii_glasses_pkg/include/tobii_glasses_pkg/msg/detail/tobii_glasses__rosidl_typesupport_introspection_cpp.hpp
-- Up-to-date: /home/usr/workspaces/ros2_tobii_glasses2/install/tobii_glasses_pkg/lib/libtobii_glasses_pkg__rosidl_typesupport_introspection_cpp.so
-- Up-to-date: /home/usr/workspaces/ros2_tobii_glasses2/install/tobii_glasses_pkg/lib/libtobii_glasses_pkg__rosidl_typesupport_cpp.so
-- Installing: /home/usr/workspaces/ros2_tobii_glasses2/install/tobii_glasses_pkg/lib/python3.8/site-packages/tobii_glasses_pkg/__init__.py
Compiling '/home/usr/workspaces/ros2_tobii_glasses2/install/tobii_glasses_pkg/lib/python3.8/site-packages/tobii_glasses_pkg/__init__.py'...
-- Up-to-date: /home/usr/workspaces/ros2_tobii_glasses2/install/tobii_glasses_pkg/lib/python3.8/site-packages/tobii_glasses_pkg/msg
-- Up-to-date: /home/usr/workspaces/ros2_tobii_glasses2/install/tobii_glasses_pkg/lib/python3.8/site-packages/tobii_glasses_pkg/msg/_eye_data_s.c
-- Up-to-date: /home/usr/workspaces/ros2_tobii_glasses2/install/tobii_glasses_pkg/lib/python3.8/site-packages/tobii_glasses_pkg/msg/_gaze_position_s.c
-- Up-to-date: /home/usr/workspaces/ros2_tobii_glasses2/install/tobii_glasses_pkg/lib/python3.8/site-packages/tobii_glasses_pkg/msg/_tobii_glasses.py
-- Up-to-date: /home/usr/workspaces/ros2_tobii_glasses2/install/tobii_glasses_pkg/lib/python3.8/site-packages/tobii_glasses_pkg/msg/_eye_data.py
-- Up-to-date: /home/usr/workspaces/ros2_tobii_glasses2/install/tobii_glasses_pkg/lib/python3.8/site-packages/tobii_glasses_pkg/msg/__init__.py
-- Up-to-date: /home/usr/workspaces/ros2_tobii_glasses2/install/tobii_glasses_pkg/lib/python3.8/site-packages/tobii_glasses_pkg/msg/_tobii_glasses_s.c
-- Up-to-date: /home/usr/workspaces/ros2_tobii_glasses2/install/tobii_glasses_pkg/lib/python3.8/site-packages/tobii_glasses_pkg/msg/_gaze_position.py
-- Up-to-date: /home/usr/workspaces/ros2_tobii_glasses2/install/tobii_glasses_pkg/lib/python3.8/site-packages/tobii_glasses_pkg/msg/_gaze_position3_d_s.c
-- Up-to-date: /home/usr/workspaces/ros2_tobii_glasses2/install/tobii_glasses_pkg/lib/python3.8/site-packages/tobii_glasses_pkg/msg/_gaze_position3_d.py
-- Up-to-date: /home/usr/workspaces/ros2_tobii_glasses2/install/tobii_glasses_pkg/lib/python3.8/site-packages/tobii_glasses_pkg/tobii_glasses_pkg_s__rosidl_typesupport_fastrtps_c.cpython-38-x86_64-linux-gnu.so
-- Up-to-date: /home/usr/workspaces/ros2_tobii_glasses2/install/tobii_glasses_pkg/lib/python3.8/site-packages/tobii_glasses_pkg/tobii_glasses_pkg_s__rosidl_typesupport_introspection_c.cpython-38-x86_64-linux-gnu.so
-- Up-to-date: /home/usr/workspaces/ros2_tobii_glasses2/install/tobii_glasses_pkg/lib/python3.8/site-packages/tobii_glasses_pkg/tobii_glasses_pkg_s__rosidl_typesupport_c.cpython-38-x86_64-linux-gnu.so
-- Up-to-date: /home/usr/workspaces/ros2_tobii_glasses2/install/tobii_glasses_pkg/lib/libtobii_glasses_pkg__python.so
-- Up-to-date: /home/usr/workspaces/ros2_tobii_glasses2/install/tobii_glasses_pkg/share/tobii_glasses_pkg/msg/TobiiGlasses.idl
-- Up-to-date: /home/usr/workspaces/ros2_tobii_glasses2/install/tobii_glasses_pkg/share/tobii_glasses_pkg/msg/GazePosition.idl
-- Up-to-date: /home/usr/workspaces/ros2_tobii_glasses2/install/tobii_glasses_pkg/share/tobii_glasses_pkg/msg/GazePosition3D.idl
-- Up-to-date: /home/usr/workspaces/ros2_tobii_glasses2/install/tobii_glasses_pkg/share/tobii_glasses_pkg/msg/EyeData.idl
-- Up-to-date: /home/usr/workspaces/ros2_tobii_glasses2/install/tobii_glasses_pkg/share/tobii_glasses_pkg/msg/TobiiGlasses.msg
-- Up-to-date: /home/usr/workspaces/ros2_tobii_glasses2/install/tobii_glasses_pkg/share/tobii_glasses_pkg/msg/GazePosition.msg
-- Up-to-date: /home/usr/workspaces/ros2_tobii_glasses2/install/tobii_glasses_pkg/share/tobii_glasses_pkg/msg/GazePosition3D.msg
-- Up-to-date: /home/usr/workspaces/ros2_tobii_glasses2/install/tobii_glasses_pkg/share/tobii_glasses_pkg/msg/EyeData.msg
-- Up-to-date: /home/usr/workspaces/ros2_tobii_glasses2/install/tobii_glasses_pkg/share/ament_index/resource_index/package_run_dependencies/tobii_glasses_pkg
-- Up-to-date: /home/usr/workspaces/ros2_tobii_glasses2/install/tobii_glasses_pkg/share/ament_index/resource_index/parent_prefix_path/tobii_glasses_pkg
-- Up-to-date: /home/usr/workspaces/ros2_tobii_glasses2/install/tobii_glasses_pkg/share/tobii_glasses_pkg/environment/ament_prefix_path.sh
-- Up-to-date: /home/usr/workspaces/ros2_tobii_glasses2/install/tobii_glasses_pkg/share/tobii_glasses_pkg/environment/ament_prefix_path.dsv
-- Up-to-date: /home/usr/workspaces/ros2_tobii_glasses2/install/tobii_glasses_pkg/share/tobii_glasses_pkg/environment/path.sh
-- Up-to-date: /home/usr/workspaces/ros2_tobii_glasses2/install/tobii_glasses_pkg/share/tobii_glasses_pkg/environment/path.dsv
-- Up-to-date: /home/usr/workspaces/ros2_tobii_glasses2/install/tobii_glasses_pkg/share/tobii_glasses_pkg/local_setup.bash
-- Up-to-date: /home/usr/workspaces/ros2_tobii_glasses2/install/tobii_glasses_pkg/share/tobii_glasses_pkg/local_setup.sh
-- Up-to-date: /home/usr/workspaces/ros2_tobii_glasses2/install/tobii_glasses_pkg/share/tobii_glasses_pkg/local_setup.zsh
-- Up-to-date: /home/usr/workspaces/ros2_tobii_glasses2/install/tobii_glasses_pkg/share/tobii_glasses_pkg/local_setup.dsv
-- Installing: /home/usr/workspaces/ros2_tobii_glasses2/install/tobii_glasses_pkg/share/tobii_glasses_pkg/package.dsv
-- Up-to-date: /home/usr/workspaces/ros2_tobii_glasses2/install/tobii_glasses_pkg/share/ament_index/resource_index/packages/tobii_glasses_pkg
-- Up-to-date: /home/usr/workspaces/ros2_tobii_glasses2/install/tobii_glasses_pkg/share/tobii_glasses_pkg/cmake/tobii_glasses_pkg__rosidl_generator_cExport.cmake
-- Up-to-date: /home/usr/workspaces/ros2_tobii_glasses2/install/tobii_glasses_pkg/share/tobii_glasses_pkg/cmake/tobii_glasses_pkg__rosidl_generator_cExport-noconfig.cmake
-- Up-to-date: /home/usr/workspaces/ros2_tobii_glasses2/install/tobii_glasses_pkg/share/tobii_glasses_pkg/cmake/tobii_glasses_pkg__rosidl_typesupport_introspection_cExport.cmake
-- Up-to-date: /home/usr/workspaces/ros2_tobii_glasses2/install/tobii_glasses_pkg/share/tobii_glasses_pkg/cmake/tobii_glasses_pkg__rosidl_typesupport_introspection_cExport-noconfig.cmake
-- Up-to-date: /home/usr/workspaces/ros2_tobii_glasses2/install/tobii_glasses_pkg/share/tobii_glasses_pkg/cmake/tobii_glasses_pkg__rosidl_typesupport_cExport.cmake
-- Up-to-date: /home/usr/workspaces/ros2_tobii_glasses2/install/tobii_glasses_pkg/share/tobii_glasses_pkg/cmake/tobii_glasses_pkg__rosidl_typesupport_cExport-noconfig.cmake
-- Up-to-date: /home/usr/workspaces/ros2_tobii_glasses2/install/tobii_glasses_pkg/share/tobii_glasses_pkg/cmake/tobii_glasses_pkg__rosidl_generator_cppExport.cmake
-- Up-to-date: /home/usr/workspaces/ros2_tobii_glasses2/install/tobii_glasses_pkg/share/tobii_glasses_pkg/cmake/tobii_glasses_pkg__rosidl_typesupport_introspection_cppExport.cmake
-- Up-to-date: /home/usr/workspaces/ros2_tobii_glasses2/install/tobii_glasses_pkg/share/tobii_glasses_pkg/cmake/tobii_glasses_pkg__rosidl_typesupport_introspection_cppExport-noconfig.cmake
-- Up-to-date: /home/usr/workspaces/ros2_tobii_glasses2/install/tobii_glasses_pkg/share/tobii_glasses_pkg/cmake/tobii_glasses_pkg__rosidl_typesupport_cppExport.cmake
-- Up-to-date: /home/usr/workspaces/ros2_tobii_glasses2/install/tobii_glasses_pkg/share/tobii_glasses_pkg/cmake/tobii_glasses_pkg__rosidl_typesupport_cppExport-noconfig.cmake
-- Up-to-date: /home/usr/workspaces/ros2_tobii_glasses2/install/tobii_glasses_pkg/share/tobii_glasses_pkg/cmake/rosidl_cmake-extras.cmake
-- Up-to-date: /home/usr/workspaces/ros2_tobii_glasses2/install/tobii_glasses_pkg/share/tobii_glasses_pkg/cmake/ament_cmake_export_dependencies-extras.cmake
-- Up-to-date: /home/usr/workspaces/ros2_tobii_glasses2/install/tobii_glasses_pkg/share/tobii_glasses_pkg/cmake/ament_cmake_export_libraries-extras.cmake
-- Up-to-date: /home/usr/workspaces/ros2_tobii_glasses2/install/tobii_glasses_pkg/share/tobii_glasses_pkg/cmake/ament_cmake_export_targets-extras.cmake
-- Up-to-date: /home/usr/workspaces/ros2_tobii_glasses2/install/tobii_glasses_pkg/share/tobii_glasses_pkg/cmake/ament_cmake_export_include_directories-extras.cmake
-- Up-to-date: /home/usr/workspaces/ros2_tobii_glasses2/install/tobii_glasses_pkg/share/tobii_glasses_pkg/cmake/rosidl_cmake_export_typesupport_libraries-extras.cmake
-- Up-to-date: /home/usr/workspaces/ros2_tobii_glasses2/install/tobii_glasses_pkg/share/tobii_glasses_pkg/cmake/rosidl_cmake_export_typesupport_targets-extras.cmake
-- Up-to-date: /home/usr/workspaces/ros2_tobii_glasses2/install/tobii_glasses_pkg/share/tobii_glasses_pkg/cmake/tobii_glasses_pkgConfig.cmake
-- Up-to-date: /home/usr/workspaces/ros2_tobii_glasses2/install/tobii_glasses_pkg/share/tobii_glasses_pkg/cmake/tobii_glasses_pkgConfig-version.cmake
-- Up-to-date: /home/usr/workspaces/ros2_tobii_glasses2/install/tobii_glasses_pkg/share/tobii_glasses_pkg/package.xml
