[0.017s] Invoking command in '/home/usr/workspaces/ros2_tobii_glasses2/build/tobii_glasses_pkg': CMAKE_PREFIX_PATH=${CMAKE_PREFIX_PATH}:/opt/ros/foxy /usr/bin/cmake --build /home/usr/workspaces/ros2_tobii_glasses2/build/tobii_glasses_pkg -- -j8 -l8
[0.043s] -- Found ament_cmake: 0.9.9 (/opt/ros/foxy/share/ament_cmake/cmake)
[0.058s] -- Found PythonInterp: /usr/bin/python3 (found suitable version "3.8.10", minimum required is "3") 
[0.058s] -- Using PYTHON_EXECUTABLE: /usr/bin/python3
[0.190s] -- Found rclpy: 1.0.8 (/opt/ros/foxy/share/rclpy/cmake)
[0.190s] -- Found std_msgs: 2.0.5 (/opt/ros/foxy/share/std_msgs/cmake)
[0.207s] -- Using all available rosidl_typesupport_c: rosidl_typesupport_fastrtps_c;rosidl_typesupport_introspection_c
[0.211s] -- Found rosidl_adapter: 1.2.1 (/opt/ros/foxy/share/rosidl_adapter/cmake)
[0.313s] -- Using all available rosidl_typesupport_cpp: rosidl_typesupport_fastrtps_cpp;rosidl_typesupport_introspection_cpp
[0.356s] -- Found sensor_msgs: 2.0.5 (/opt/ros/foxy/share/sensor_msgs/cmake)
[0.466s] -- Found cv_bridge: 2.2.1 (/opt/ros/foxy/share/cv_bridge/cmake)
[0.480s] -- Found rosidl_default_generators: 1.0.1 (/opt/ros/foxy/share/rosidl_default_generators/cmake)
[0.505s] -- Found PythonInterp: /usr/bin/python3 (found version "3.8.10") 
[0.700s] -- Found ament_cmake_ros: 0.9.2 (/opt/ros/foxy/share/ament_cmake_ros/cmake)
[0.991s] -- Using all available rosidl_typesupport_c: rosidl_typesupport_fastrtps_c;rosidl_typesupport_introspection_c
[1.148s] -- Using all available rosidl_typesupport_cpp: rosidl_typesupport_fastrtps_cpp;rosidl_typesupport_introspection_cpp
[1.171s] -- Found PythonInterp: /usr/bin/python3 (found suitable version "3.8.10", minimum required is "3.5") 
[1.172s] -- Found python_cmake_module: 0.8.1 (/opt/ros/foxy/share/python_cmake_module/cmake)
[1.189s] -- Using PYTHON_EXECUTABLE: /usr/bin/python3
[1.189s] -- Using PYTHON_INCLUDE_DIRS: /usr/include/python3.8
[1.189s] -- Using PYTHON_LIBRARIES: /usr/lib/x86_64-linux-gnu/libpython3.8.so
[1.263s] -- Found ament_lint_auto: 0.9.6 (/opt/ros/foxy/share/ament_lint_auto/cmake)
[1.277s] -- Added test 'copyright' to check source files copyright and LICENSE
[1.339s] -- Added test 'cppcheck' to perform static code analysis on C / C++ code
[1.344s] -- Configured cppcheck include dirs: $<BUILD_INTERFACE:/home/usr/workspaces/ros2_tobii_glasses2/build/tobii_glasses_pkg/rosidl_generator_c>;/home/usr/workspaces/ros2_tobii_glasses2/build/tobii_glasses_pkg/rosidl_generator_c;/home/usr/workspaces/ros2_tobii_glasses2/build/tobii_glasses_pkg/rosidl_generator_cpp;/home/usr/workspaces/ros2_tobii_glasses2/build/tobii_glasses_pkg/rosidl_typesupport_fastrtps_c;/home/usr/workspaces/ros2_tobii_glasses2/build/tobii_glasses_pkg/rosidl_typesupport_fastrtps_cpp;$<BUILD_INTERFACE:/home/usr/workspaces/ros2_tobii_glasses2/build/tobii_glasses_pkg/rosidl_typesupport_introspection_c>;$<BUILD_INTERFACE:/home/usr/workspaces/ros2_tobii_glasses2/build/tobii_glasses_pkg/rosidl_typesupport_c>;$<BUILD_INTERFACE:/home/usr/workspaces/ros2_tobii_glasses2/build/tobii_glasses_pkg/rosidl_generator_cpp>;/home/usr/workspaces/ros2_tobii_glasses2/build/tobii_glasses_pkg/rosidl_generator_py
[1.344s] -- Configured cppcheck exclude dirs and/or files: 
[1.411s] -- Added test 'cpplint' to check C / C++ code against the Google style
[1.411s] -- Configured cpplint exclude dirs and/or files: 
[1.421s] -- Added test 'flake8' to check Python code syntax and style conventions
[1.432s] -- Added test 'lint_cmake' to check CMake code style
[1.441s] -- Added test 'pep257' to check Python code against some of the style conventions in PEP 257
[1.483s] -- Added test 'uncrustify' to check C / C++ code style
[1.484s] -- Configured uncrustify additional arguments: 
[1.490s] -- Added test 'xmllint' to check XML markup files
[1.495s] -- Configuring done
[1.582s] -- Generating done
[1.587s] -- Build files have been written to: /home/usr/workspaces/ros2_tobii_glasses2/build/tobii_glasses_pkg
[1.626s] [  1%] Built target tobii_glasses_pkg__cpp
[1.630s] [ 12%] Built target tobii_glasses_pkg__rosidl_generator_c
[1.656s] [ 23%] Built target tobii_glasses_pkg__rosidl_typesupport_cpp
[1.658s] [ 34%] Built target tobii_glasses_pkg__rosidl_typesupport_fastrtps_cpp
[1.660s] [ 47%] Built target tobii_glasses_pkg__rosidl_typesupport_introspection_cpp
[1.660s] [ 56%] Built target tobii_glasses_pkg__rosidl_typesupport_c
[1.665s] [ 67%] Built target tobii_glasses_pkg__rosidl_typesupport_introspection_c
[1.684s] [ 78%] Built target tobii_glasses_pkg__rosidl_typesupport_fastrtps_c
[1.703s] [ 78%] Built target tobii_glasses_pkg
[1.724s] [ 80%] Built target tobii_glasses_pkg__py
[1.751s] [ 89%] Built target tobii_glasses_pkg__python
[1.777s] [100%] Built target tobii_glasses_pkg__rosidl_typesupport_fastrtps_c__pyext
[1.777s] [100%] Built target tobii_glasses_pkg__rosidl_typesupport_introspection_c__pyext
[1.777s] [100%] Built target tobii_glasses_pkg__rosidl_typesupport_c__pyext
[1.788s] Invoked command in '/home/usr/workspaces/ros2_tobii_glasses2/build/tobii_glasses_pkg' returned '0': CMAKE_PREFIX_PATH=${CMAKE_PREFIX_PATH}:/opt/ros/foxy /usr/bin/cmake --build /home/usr/workspaces/ros2_tobii_glasses2/build/tobii_glasses_pkg -- -j8 -l8
[1.877s] Invoking command in '/home/usr/workspaces/ros2_tobii_glasses2/build/tobii_glasses_pkg': CMAKE_PREFIX_PATH=${CMAKE_PREFIX_PATH}:/opt/ros/foxy /usr/bin/cmake --install /home/usr/workspaces/ros2_tobii_glasses2/build/tobii_glasses_pkg
[1.886s] -- Install configuration: ""
[1.886s] -- Up-to-date: /home/usr/workspaces/ros2_tobii_glasses2/install/tobii_glasses_pkg/share/tobii_glasses_pkg//launch
[1.886s] -- Up-to-date: /home/usr/workspaces/ros2_tobii_glasses2/install/tobii_glasses_pkg/share/tobii_glasses_pkg//launch/pupil.launch.py
[1.886s] -- Up-to-date: /home/usr/workspaces/ros2_tobii_glasses2/install/tobii_glasses_pkg/share/tobii_glasses_pkg//launch/piano_demo.launch.py
[1.887s] -- Up-to-date: /home/usr/workspaces/ros2_tobii_glasses2/install/tobii_glasses_pkg/share/tobii_glasses_pkg//launch/pupil_devel.launch.py
[1.887s] -- Up-to-date: /home/usr/workspaces/ros2_tobii_glasses2/install/tobii_glasses_pkg/share/tobii_glasses_pkg/environment/pythonpath.sh
[1.887s] -- Installing: /home/usr/workspaces/ros2_tobii_glasses2/install/tobii_glasses_pkg/share/tobii_glasses_pkg/environment/pythonpath.dsv
[1.887s] -- Up-to-date: /home/usr/workspaces/ros2_tobii_glasses2/install/tobii_glasses_pkg/lib/python3.8/site-packages/scripts/
[1.887s] -- Up-to-date: /home/usr/workspaces/ros2_tobii_glasses2/install/tobii_glasses_pkg/lib/python3.8/site-packages/scripts//tobii_glasses_buffer.py
[1.887s] -- Up-to-date: /home/usr/workspaces/ros2_tobii_glasses2/install/tobii_glasses_pkg/lib/python3.8/site-packages/scripts//__init__.py
[1.888s] -- Up-to-date: /home/usr/workspaces/ros2_tobii_glasses2/install/tobii_glasses_pkg/lib/python3.8/site-packages/scripts//tobii_glasses.py
[1.888s] -- Up-to-date: /home/usr/workspaces/ros2_tobii_glasses2/install/tobii_glasses_pkg/lib/python3.8/site-packages/scripts//video_capture.py
[1.916s] Listing '/home/usr/workspaces/ros2_tobii_glasses2/install/tobii_glasses_pkg/lib/python3.8/site-packages/scripts/'...
[1.916s] Compiling '/home/usr/workspaces/ros2_tobii_glasses2/install/tobii_glasses_pkg/lib/python3.8/site-packages/scripts/tobii_glasses.py'...
[1.916s] ***   File "/home/usr/workspaces/ros2_tobii_glasses2/install/tobii_glasses_pkg/lib/python3.8/site-packages/scripts/tobii_glasses.py", line 24
[1.916s]     from video_capture import tobii_glasses_pkg.VideoCapture
[1.916s]                                                ^
[1.917s] SyntaxError: invalid syntax
[1.917s] 
[1.921s] -- Up-to-date: /home/usr/workspaces/ros2_tobii_glasses2/install/tobii_glasses_pkg/lib/tobii_glasses_pkg/tobii_glasses.py
[1.923s] -- Up-to-date: /home/usr/workspaces/ros2_tobii_glasses2/install/tobii_glasses_pkg/share/ament_index/resource_index/rosidl_interfaces/tobii_glasses_pkg
[1.923s] -- Up-to-date: /home/usr/workspaces/ros2_tobii_glasses2/install/tobii_glasses_pkg/include/tobii_glasses_pkg
[1.923s] -- Up-to-date: /home/usr/workspaces/ros2_tobii_glasses2/install/tobii_glasses_pkg/include/tobii_glasses_pkg/msg
[1.924s] -- Up-to-date: /home/usr/workspaces/ros2_tobii_glasses2/install/tobii_glasses_pkg/include/tobii_glasses_pkg/msg/detail
[1.924s] -- Up-to-date: /home/usr/workspaces/ros2_tobii_glasses2/install/tobii_glasses_pkg/include/tobii_glasses_pkg/msg/detail/gaze_position3_d__struct.h
[1.924s] -- Up-to-date: /home/usr/workspaces/ros2_tobii_glasses2/install/tobii_glasses_pkg/include/tobii_glasses_pkg/msg/detail/eye_data__type_support.h
[1.924s] -- Up-to-date: /home/usr/workspaces/ros2_tobii_glasses2/install/tobii_glasses_pkg/include/tobii_glasses_pkg/msg/detail/gaze_position3_d__type_support.h
[1.924s] -- Up-to-date: /home/usr/workspaces/ros2_tobii_glasses2/install/tobii_glasses_pkg/include/tobii_glasses_pkg/msg/detail/eye_data__functions.c
[1.924s] -- Up-to-date: /home/usr/workspaces/ros2_tobii_glasses2/install/tobii_glasses_pkg/include/tobii_glasses_pkg/msg/detail/eye_data__functions.h
[1.925s] -- Up-to-date: /home/usr/workspaces/ros2_tobii_glasses2/install/tobii_glasses_pkg/include/tobii_glasses_pkg/msg/detail/tobii_glasses__functions.h
[1.925s] -- Up-to-date: /home/usr/workspaces/ros2_tobii_glasses2/install/tobii_glasses_pkg/include/tobii_glasses_pkg/msg/detail/gaze_position3_d__functions.c
[1.925s] -- Up-to-date: /home/usr/workspaces/ros2_tobii_glasses2/install/tobii_glasses_pkg/include/tobii_glasses_pkg/msg/detail/eye_data__struct.h
[1.925s] -- Up-to-date: /home/usr/workspaces/ros2_tobii_glasses2/install/tobii_glasses_pkg/include/tobii_glasses_pkg/msg/detail/tobii_glasses__functions.c
[1.926s] -- Up-to-date: /home/usr/workspaces/ros2_tobii_glasses2/install/tobii_glasses_pkg/include/tobii_glasses_pkg/msg/detail/gaze_position3_d__functions.h
[1.926s] -- Up-to-date: /home/usr/workspaces/ros2_tobii_glasses2/install/tobii_glasses_pkg/include/tobii_glasses_pkg/msg/detail/gaze_position__type_support.h
[1.926s] -- Up-to-date: /home/usr/workspaces/ros2_tobii_glasses2/install/tobii_glasses_pkg/include/tobii_glasses_pkg/msg/detail/gaze_position__functions.h
[1.926s] -- Up-to-date: /home/usr/workspaces/ros2_tobii_glasses2/install/tobii_glasses_pkg/include/tobii_glasses_pkg/msg/detail/gaze_position__struct.h
[1.926s] -- Up-to-date: /home/usr/workspaces/ros2_tobii_glasses2/install/tobii_glasses_pkg/include/tobii_glasses_pkg/msg/detail/gaze_position__functions.c
[1.926s] -- Up-to-date: /home/usr/workspaces/ros2_tobii_glasses2/install/tobii_glasses_pkg/include/tobii_glasses_pkg/msg/detail/tobii_glasses__type_support.h
[1.927s] -- Up-to-date: /home/usr/workspaces/ros2_tobii_glasses2/install/tobii_glasses_pkg/include/tobii_glasses_pkg/msg/detail/tobii_glasses__struct.h
[1.927s] -- Up-to-date: /home/usr/workspaces/ros2_tobii_glasses2/install/tobii_glasses_pkg/include/tobii_glasses_pkg/msg/tobii_glasses.h
[1.927s] -- Up-to-date: /home/usr/workspaces/ros2_tobii_glasses2/install/tobii_glasses_pkg/include/tobii_glasses_pkg/msg/rosidl_generator_c__visibility_control.h
[1.927s] -- Up-to-date: /home/usr/workspaces/ros2_tobii_glasses2/install/tobii_glasses_pkg/include/tobii_glasses_pkg/msg/gaze_position.h
[1.927s] -- Up-to-date: /home/usr/workspaces/ros2_tobii_glasses2/install/tobii_glasses_pkg/include/tobii_glasses_pkg/msg/eye_data.h
[1.927s] -- Up-to-date: /home/usr/workspaces/ros2_tobii_glasses2/install/tobii_glasses_pkg/include/tobii_glasses_pkg/msg/gaze_position3_d.h
[1.927s] -- Up-to-date: /home/usr/workspaces/ros2_tobii_glasses2/install/tobii_glasses_pkg/share/tobii_glasses_pkg/environment/library_path.sh
[1.928s] -- Installing: /home/usr/workspaces/ros2_tobii_glasses2/install/tobii_glasses_pkg/share/tobii_glasses_pkg/environment/library_path.dsv
[1.928s] -- Up-to-date: /home/usr/workspaces/ros2_tobii_glasses2/install/tobii_glasses_pkg/lib/libtobii_glasses_pkg__rosidl_generator_c.so
[1.928s] -- Up-to-date: /home/usr/workspaces/ros2_tobii_glasses2/install/tobii_glasses_pkg/include/tobii_glasses_pkg
[1.928s] -- Up-to-date: /home/usr/workspaces/ros2_tobii_glasses2/install/tobii_glasses_pkg/include/tobii_glasses_pkg/msg
[1.928s] -- Up-to-date: /home/usr/workspaces/ros2_tobii_glasses2/install/tobii_glasses_pkg/include/tobii_glasses_pkg/msg/detail
[1.928s] -- Up-to-date: /home/usr/workspaces/ros2_tobii_glasses2/install/tobii_glasses_pkg/include/tobii_glasses_pkg/msg/detail/eye_data__rosidl_typesupport_fastrtps_c.h
[1.928s] -- Up-to-date: /home/usr/workspaces/ros2_tobii_glasses2/install/tobii_glasses_pkg/include/tobii_glasses_pkg/msg/detail/gaze_position__rosidl_typesupport_fastrtps_c.h
[1.929s] -- Up-to-date: /home/usr/workspaces/ros2_tobii_glasses2/install/tobii_glasses_pkg/include/tobii_glasses_pkg/msg/detail/tobii_glasses__rosidl_typesupport_fastrtps_c.h
[1.929s] -- Up-to-date: /home/usr/workspaces/ros2_tobii_glasses2/install/tobii_glasses_pkg/include/tobii_glasses_pkg/msg/detail/gaze_position3_d__rosidl_typesupport_fastrtps_c.h
[1.929s] -- Up-to-date: /home/usr/workspaces/ros2_tobii_glasses2/install/tobii_glasses_pkg/include/tobii_glasses_pkg/msg/rosidl_typesupport_fastrtps_c__visibility_control.h
[1.929s] -- Up-to-date: /home/usr/workspaces/ros2_tobii_glasses2/install/tobii_glasses_pkg/lib/libtobii_glasses_pkg__rosidl_typesupport_fastrtps_c.so
[1.929s] -- Up-to-date: /home/usr/workspaces/ros2_tobii_glasses2/install/tobii_glasses_pkg/include/tobii_glasses_pkg
[1.929s] -- Up-to-date: /home/usr/workspaces/ros2_tobii_glasses2/install/tobii_glasses_pkg/include/tobii_glasses_pkg/msg
[1.929s] -- Up-to-date: /home/usr/workspaces/ros2_tobii_glasses2/install/tobii_glasses_pkg/include/tobii_glasses_pkg/msg/detail
[1.930s] -- Up-to-date: /home/usr/workspaces/ros2_tobii_glasses2/install/tobii_glasses_pkg/include/tobii_glasses_pkg/msg/detail/tobii_glasses__rosidl_typesupport_fastrtps_cpp.hpp
[1.930s] -- Up-to-date: /home/usr/workspaces/ros2_tobii_glasses2/install/tobii_glasses_pkg/include/tobii_glasses_pkg/msg/detail/gaze_position__rosidl_typesupport_fastrtps_cpp.hpp
[1.930s] -- Up-to-date: /home/usr/workspaces/ros2_tobii_glasses2/install/tobii_glasses_pkg/include/tobii_glasses_pkg/msg/detail/gaze_position3_d__rosidl_typesupport_fastrtps_cpp.hpp
[1.930s] -- Up-to-date: /home/usr/workspaces/ros2_tobii_glasses2/install/tobii_glasses_pkg/include/tobii_glasses_pkg/msg/detail/eye_data__rosidl_typesupport_fastrtps_cpp.hpp
[1.930s] -- Up-to-date: /home/usr/workspaces/ros2_tobii_glasses2/install/tobii_glasses_pkg/include/tobii_glasses_pkg/msg/detail/dds_fastrtps
[1.930s] -- Up-to-date: /home/usr/workspaces/ros2_tobii_glasses2/install/tobii_glasses_pkg/include/tobii_glasses_pkg/msg/rosidl_typesupport_fastrtps_cpp__visibility_control.h
[1.930s] -- Up-to-date: /home/usr/workspaces/ros2_tobii_glasses2/install/tobii_glasses_pkg/lib/libtobii_glasses_pkg__rosidl_typesupport_fastrtps_cpp.so
[1.930s] -- Up-to-date: /home/usr/workspaces/ros2_tobii_glasses2/install/tobii_glasses_pkg/include/tobii_glasses_pkg
[1.931s] -- Up-to-date: /home/usr/workspaces/ros2_tobii_glasses2/install/tobii_glasses_pkg/include/tobii_glasses_pkg/msg
[1.931s] -- Up-to-date: /home/usr/workspaces/ros2_tobii_glasses2/install/tobii_glasses_pkg/include/tobii_glasses_pkg/msg/detail
[1.931s] -- Up-to-date: /home/usr/workspaces/ros2_tobii_glasses2/install/tobii_glasses_pkg/include/tobii_glasses_pkg/msg/detail/tobii_glasses__type_support.c
[1.931s] -- Up-to-date: /home/usr/workspaces/ros2_tobii_glasses2/install/tobii_glasses_pkg/include/tobii_glasses_pkg/msg/detail/gaze_position__type_support.c
[1.931s] -- Up-to-date: /home/usr/workspaces/ros2_tobii_glasses2/install/tobii_glasses_pkg/include/tobii_glasses_pkg/msg/detail/eye_data__type_support.c
[1.931s] -- Up-to-date: /home/usr/workspaces/ros2_tobii_glasses2/install/tobii_glasses_pkg/include/tobii_glasses_pkg/msg/detail/gaze_position3_d__type_support.c
[1.931s] -- Up-to-date: /home/usr/workspaces/ros2_tobii_glasses2/install/tobii_glasses_pkg/include/tobii_glasses_pkg/msg/detail/gaze_position3_d__rosidl_typesupport_introspection_c.h
[1.932s] -- Up-to-date: /home/usr/workspaces/ros2_tobii_glasses2/install/tobii_glasses_pkg/include/tobii_glasses_pkg/msg/detail/tobii_glasses__rosidl_typesupport_introspection_c.h
[1.932s] -- Up-to-date: /home/usr/workspaces/ros2_tobii_glasses2/install/tobii_glasses_pkg/include/tobii_glasses_pkg/msg/detail/gaze_position__rosidl_typesupport_introspection_c.h
[1.932s] -- Up-to-date: /home/usr/workspaces/ros2_tobii_glasses2/install/tobii_glasses_pkg/include/tobii_glasses_pkg/msg/detail/eye_data__rosidl_typesupport_introspection_c.h
[1.932s] -- Up-to-date: /home/usr/workspaces/ros2_tobii_glasses2/install/tobii_glasses_pkg/include/tobii_glasses_pkg/msg/rosidl_typesupport_introspection_c__visibility_control.h
[1.932s] -- Up-to-date: /home/usr/workspaces/ros2_tobii_glasses2/install/tobii_glasses_pkg/lib/libtobii_glasses_pkg__rosidl_typesupport_introspection_c.so
[1.932s] -- Up-to-date: /home/usr/workspaces/ros2_tobii_glasses2/install/tobii_glasses_pkg/lib/libtobii_glasses_pkg__rosidl_typesupport_c.so
[1.932s] -- Up-to-date: /home/usr/workspaces/ros2_tobii_glasses2/install/tobii_glasses_pkg/include/tobii_glasses_pkg
[1.933s] -- Up-to-date: /home/usr/workspaces/ros2_tobii_glasses2/install/tobii_glasses_pkg/include/tobii_glasses_pkg/msg
[1.933s] -- Up-to-date: /home/usr/workspaces/ros2_tobii_glasses2/install/tobii_glasses_pkg/include/tobii_glasses_pkg/msg/detail
[1.933s] -- Up-to-date: /home/usr/workspaces/ros2_tobii_glasses2/install/tobii_glasses_pkg/include/tobii_glasses_pkg/msg/detail/tobii_glasses__struct.hpp
[1.933s] -- Up-to-date: /home/usr/workspaces/ros2_tobii_glasses2/install/tobii_glasses_pkg/include/tobii_glasses_pkg/msg/detail/gaze_position__builder.hpp
[1.933s] -- Up-to-date: /home/usr/workspaces/ros2_tobii_glasses2/install/tobii_glasses_pkg/include/tobii_glasses_pkg/msg/detail/gaze_position3_d__traits.hpp
[1.933s] -- Up-to-date: /home/usr/workspaces/ros2_tobii_glasses2/install/tobii_glasses_pkg/include/tobii_glasses_pkg/msg/detail/tobii_glasses__traits.hpp
[1.933s] -- Up-to-date: /home/usr/workspaces/ros2_tobii_glasses2/install/tobii_glasses_pkg/include/tobii_glasses_pkg/msg/detail/gaze_position3_d__struct.hpp
[1.934s] -- Up-to-date: /home/usr/workspaces/ros2_tobii_glasses2/install/tobii_glasses_pkg/include/tobii_glasses_pkg/msg/detail/gaze_position__traits.hpp
[1.934s] -- Up-to-date: /home/usr/workspaces/ros2_tobii_glasses2/install/tobii_glasses_pkg/include/tobii_glasses_pkg/msg/detail/tobii_glasses__builder.hpp
[1.934s] -- Up-to-date: /home/usr/workspaces/ros2_tobii_glasses2/install/tobii_glasses_pkg/include/tobii_glasses_pkg/msg/detail/eye_data__struct.hpp
[1.934s] -- Up-to-date: /home/usr/workspaces/ros2_tobii_glasses2/install/tobii_glasses_pkg/include/tobii_glasses_pkg/msg/detail/eye_data__traits.hpp
[1.934s] -- Up-to-date: /home/usr/workspaces/ros2_tobii_glasses2/install/tobii_glasses_pkg/include/tobii_glasses_pkg/msg/detail/gaze_position__struct.hpp
[1.934s] -- Up-to-date: /home/usr/workspaces/ros2_tobii_glasses2/install/tobii_glasses_pkg/include/tobii_glasses_pkg/msg/detail/eye_data__builder.hpp
[1.934s] -- Up-to-date: /home/usr/workspaces/ros2_tobii_glasses2/install/tobii_glasses_pkg/include/tobii_glasses_pkg/msg/detail/gaze_position3_d__builder.hpp
[1.935s] -- Up-to-date: /home/usr/workspaces/ros2_tobii_glasses2/install/tobii_glasses_pkg/include/tobii_glasses_pkg/msg/gaze_position.hpp
[1.935s] -- Up-to-date: /home/usr/workspaces/ros2_tobii_glasses2/install/tobii_glasses_pkg/include/tobii_glasses_pkg/msg/gaze_position3_d.hpp
[1.935s] -- Up-to-date: /home/usr/workspaces/ros2_tobii_glasses2/install/tobii_glasses_pkg/include/tobii_glasses_pkg/msg/tobii_glasses.hpp
[1.935s] -- Up-to-date: /home/usr/workspaces/ros2_tobii_glasses2/install/tobii_glasses_pkg/include/tobii_glasses_pkg/msg/eye_data.hpp
[1.935s] -- Up-to-date: /home/usr/workspaces/ros2_tobii_glasses2/install/tobii_glasses_pkg/include/tobii_glasses_pkg
[1.935s] -- Up-to-date: /home/usr/workspaces/ros2_tobii_glasses2/install/tobii_glasses_pkg/include/tobii_glasses_pkg/msg
[1.935s] -- Up-to-date: /home/usr/workspaces/ros2_tobii_glasses2/install/tobii_glasses_pkg/include/tobii_glasses_pkg/msg/detail
[1.936s] -- Up-to-date: /home/usr/workspaces/ros2_tobii_glasses2/install/tobii_glasses_pkg/include/tobii_glasses_pkg/msg/detail/gaze_position__rosidl_typesupport_introspection_cpp.hpp
[1.936s] -- Up-to-date: /home/usr/workspaces/ros2_tobii_glasses2/install/tobii_glasses_pkg/include/tobii_glasses_pkg/msg/detail/tobii_glasses__type_support.cpp
[1.936s] -- Up-to-date: /home/usr/workspaces/ros2_tobii_glasses2/install/tobii_glasses_pkg/include/tobii_glasses_pkg/msg/detail/gaze_position3_d__type_support.cpp
[1.936s] -- Up-to-date: /home/usr/workspaces/ros2_tobii_glasses2/install/tobii_glasses_pkg/include/tobii_glasses_pkg/msg/detail/eye_data__rosidl_typesupport_introspection_cpp.hpp
[1.936s] -- Up-to-date: /home/usr/workspaces/ros2_tobii_glasses2/install/tobii_glasses_pkg/include/tobii_glasses_pkg/msg/detail/eye_data__type_support.cpp
[1.936s] -- Up-to-date: /home/usr/workspaces/ros2_tobii_glasses2/install/tobii_glasses_pkg/include/tobii_glasses_pkg/msg/detail/gaze_position__type_support.cpp
[1.936s] -- Up-to-date: /home/usr/workspaces/ros2_tobii_glasses2/install/tobii_glasses_pkg/include/tobii_glasses_pkg/msg/detail/gaze_position3_d__rosidl_typesupport_introspection_cpp.hpp
[1.936s] -- Up-to-date: /home/usr/workspaces/ros2_tobii_glasses2/install/tobii_glasses_pkg/include/tobii_glasses_pkg/msg/detail/tobii_glasses__rosidl_typesupport_introspection_cpp.hpp
[1.937s] -- Up-to-date: /home/usr/workspaces/ros2_tobii_glasses2/install/tobii_glasses_pkg/lib/libtobii_glasses_pkg__rosidl_typesupport_introspection_cpp.so
[1.937s] -- Up-to-date: /home/usr/workspaces/ros2_tobii_glasses2/install/tobii_glasses_pkg/lib/libtobii_glasses_pkg__rosidl_typesupport_cpp.so
[1.937s] -- Installing: /home/usr/workspaces/ros2_tobii_glasses2/install/tobii_glasses_pkg/lib/python3.8/site-packages/tobii_glasses_pkg/__init__.py
[1.959s] Compiling '/home/usr/workspaces/ros2_tobii_glasses2/install/tobii_glasses_pkg/lib/python3.8/site-packages/tobii_glasses_pkg/__init__.py'...
[1.964s] -- Up-to-date: /home/usr/workspaces/ros2_tobii_glasses2/install/tobii_glasses_pkg/lib/python3.8/site-packages/tobii_glasses_pkg/msg
[1.964s] -- Up-to-date: /home/usr/workspaces/ros2_tobii_glasses2/install/tobii_glasses_pkg/lib/python3.8/site-packages/tobii_glasses_pkg/msg/_eye_data_s.c
[1.964s] -- Up-to-date: /home/usr/workspaces/ros2_tobii_glasses2/install/tobii_glasses_pkg/lib/python3.8/site-packages/tobii_glasses_pkg/msg/_gaze_position_s.c
[1.964s] -- Up-to-date: /home/usr/workspaces/ros2_tobii_glasses2/install/tobii_glasses_pkg/lib/python3.8/site-packages/tobii_glasses_pkg/msg/_tobii_glasses.py
[1.965s] -- Up-to-date: /home/usr/workspaces/ros2_tobii_glasses2/install/tobii_glasses_pkg/lib/python3.8/site-packages/tobii_glasses_pkg/msg/_eye_data.py
[1.965s] -- Up-to-date: /home/usr/workspaces/ros2_tobii_glasses2/install/tobii_glasses_pkg/lib/python3.8/site-packages/tobii_glasses_pkg/msg/__init__.py
[1.965s] -- Up-to-date: /home/usr/workspaces/ros2_tobii_glasses2/install/tobii_glasses_pkg/lib/python3.8/site-packages/tobii_glasses_pkg/msg/_tobii_glasses_s.c
[1.965s] -- Up-to-date: /home/usr/workspaces/ros2_tobii_glasses2/install/tobii_glasses_pkg/lib/python3.8/site-packages/tobii_glasses_pkg/msg/_gaze_position.py
[1.965s] -- Up-to-date: /home/usr/workspaces/ros2_tobii_glasses2/install/tobii_glasses_pkg/lib/python3.8/site-packages/tobii_glasses_pkg/msg/_gaze_position3_d_s.c
[1.965s] -- Up-to-date: /home/usr/workspaces/ros2_tobii_glasses2/install/tobii_glasses_pkg/lib/python3.8/site-packages/tobii_glasses_pkg/msg/_gaze_position3_d.py
[1.965s] -- Up-to-date: /home/usr/workspaces/ros2_tobii_glasses2/install/tobii_glasses_pkg/lib/python3.8/site-packages/tobii_glasses_pkg/tobii_glasses_pkg_s__rosidl_typesupport_fastrtps_c.cpython-38-x86_64-linux-gnu.so
[1.965s] -- Up-to-date: /home/usr/workspaces/ros2_tobii_glasses2/install/tobii_glasses_pkg/lib/python3.8/site-packages/tobii_glasses_pkg/tobii_glasses_pkg_s__rosidl_typesupport_introspection_c.cpython-38-x86_64-linux-gnu.so
[1.966s] -- Up-to-date: /home/usr/workspaces/ros2_tobii_glasses2/install/tobii_glasses_pkg/lib/python3.8/site-packages/tobii_glasses_pkg/tobii_glasses_pkg_s__rosidl_typesupport_c.cpython-38-x86_64-linux-gnu.so
[1.967s] -- Up-to-date: /home/usr/workspaces/ros2_tobii_glasses2/install/tobii_glasses_pkg/lib/libtobii_glasses_pkg__python.so
[1.967s] -- Up-to-date: /home/usr/workspaces/ros2_tobii_glasses2/install/tobii_glasses_pkg/share/tobii_glasses_pkg/msg/TobiiGlasses.idl
[1.967s] -- Up-to-date: /home/usr/workspaces/ros2_tobii_glasses2/install/tobii_glasses_pkg/share/tobii_glasses_pkg/msg/GazePosition.idl
[1.967s] -- Up-to-date: /home/usr/workspaces/ros2_tobii_glasses2/install/tobii_glasses_pkg/share/tobii_glasses_pkg/msg/GazePosition3D.idl
[1.968s] -- Up-to-date: /home/usr/workspaces/ros2_tobii_glasses2/install/tobii_glasses_pkg/share/tobii_glasses_pkg/msg/EyeData.idl
[1.968s] -- Up-to-date: /home/usr/workspaces/ros2_tobii_glasses2/install/tobii_glasses_pkg/share/tobii_glasses_pkg/msg/TobiiGlasses.msg
[1.968s] -- Up-to-date: /home/usr/workspaces/ros2_tobii_glasses2/install/tobii_glasses_pkg/share/tobii_glasses_pkg/msg/GazePosition.msg
[1.968s] -- Up-to-date: /home/usr/workspaces/ros2_tobii_glasses2/install/tobii_glasses_pkg/share/tobii_glasses_pkg/msg/GazePosition3D.msg
[1.968s] -- Up-to-date: /home/usr/workspaces/ros2_tobii_glasses2/install/tobii_glasses_pkg/share/tobii_glasses_pkg/msg/EyeData.msg
[1.968s] -- Up-to-date: /home/usr/workspaces/ros2_tobii_glasses2/install/tobii_glasses_pkg/share/ament_index/resource_index/package_run_dependencies/tobii_glasses_pkg
[1.969s] -- Up-to-date: /home/usr/workspaces/ros2_tobii_glasses2/install/tobii_glasses_pkg/share/ament_index/resource_index/parent_prefix_path/tobii_glasses_pkg
[1.969s] -- Up-to-date: /home/usr/workspaces/ros2_tobii_glasses2/install/tobii_glasses_pkg/share/tobii_glasses_pkg/environment/ament_prefix_path.sh
[1.969s] -- Installing: /home/usr/workspaces/ros2_tobii_glasses2/install/tobii_glasses_pkg/share/tobii_glasses_pkg/environment/ament_prefix_path.dsv
[1.969s] -- Up-to-date: /home/usr/workspaces/ros2_tobii_glasses2/install/tobii_glasses_pkg/share/tobii_glasses_pkg/environment/path.sh
[1.969s] -- Installing: /home/usr/workspaces/ros2_tobii_glasses2/install/tobii_glasses_pkg/share/tobii_glasses_pkg/environment/path.dsv
[1.969s] -- Up-to-date: /home/usr/workspaces/ros2_tobii_glasses2/install/tobii_glasses_pkg/share/tobii_glasses_pkg/local_setup.bash
[1.969s] -- Up-to-date: /home/usr/workspaces/ros2_tobii_glasses2/install/tobii_glasses_pkg/share/tobii_glasses_pkg/local_setup.sh
[1.970s] -- Up-to-date: /home/usr/workspaces/ros2_tobii_glasses2/install/tobii_glasses_pkg/share/tobii_glasses_pkg/local_setup.zsh
[1.970s] -- Installing: /home/usr/workspaces/ros2_tobii_glasses2/install/tobii_glasses_pkg/share/tobii_glasses_pkg/local_setup.dsv
[1.970s] -- Installing: /home/usr/workspaces/ros2_tobii_glasses2/install/tobii_glasses_pkg/share/tobii_glasses_pkg/package.dsv
[1.970s] -- Up-to-date: /home/usr/workspaces/ros2_tobii_glasses2/install/tobii_glasses_pkg/share/ament_index/resource_index/packages/tobii_glasses_pkg
[1.970s] -- Up-to-date: /home/usr/workspaces/ros2_tobii_glasses2/install/tobii_glasses_pkg/share/tobii_glasses_pkg/cmake/tobii_glasses_pkg__rosidl_generator_cExport.cmake
[1.971s] -- Installing: /home/usr/workspaces/ros2_tobii_glasses2/install/tobii_glasses_pkg/share/tobii_glasses_pkg/cmake/tobii_glasses_pkg__rosidl_generator_cExport-noconfig.cmake
[1.971s] -- Up-to-date: /home/usr/workspaces/ros2_tobii_glasses2/install/tobii_glasses_pkg/share/tobii_glasses_pkg/cmake/tobii_glasses_pkg__rosidl_typesupport_introspection_cExport.cmake
[1.971s] -- Installing: /home/usr/workspaces/ros2_tobii_glasses2/install/tobii_glasses_pkg/share/tobii_glasses_pkg/cmake/tobii_glasses_pkg__rosidl_typesupport_introspection_cExport-noconfig.cmake
[1.971s] -- Up-to-date: /home/usr/workspaces/ros2_tobii_glasses2/install/tobii_glasses_pkg/share/tobii_glasses_pkg/cmake/tobii_glasses_pkg__rosidl_typesupport_cExport.cmake
[1.971s] -- Installing: /home/usr/workspaces/ros2_tobii_glasses2/install/tobii_glasses_pkg/share/tobii_glasses_pkg/cmake/tobii_glasses_pkg__rosidl_typesupport_cExport-noconfig.cmake
[1.971s] -- Up-to-date: /home/usr/workspaces/ros2_tobii_glasses2/install/tobii_glasses_pkg/share/tobii_glasses_pkg/cmake/tobii_glasses_pkg__rosidl_generator_cppExport.cmake
[1.972s] -- Up-to-date: /home/usr/workspaces/ros2_tobii_glasses2/install/tobii_glasses_pkg/share/tobii_glasses_pkg/cmake/tobii_glasses_pkg__rosidl_typesupport_introspection_cppExport.cmake
[1.972s] -- Installing: /home/usr/workspaces/ros2_tobii_glasses2/install/tobii_glasses_pkg/share/tobii_glasses_pkg/cmake/tobii_glasses_pkg__rosidl_typesupport_introspection_cppExport-noconfig.cmake
[1.972s] -- Up-to-date: /home/usr/workspaces/ros2_tobii_glasses2/install/tobii_glasses_pkg/share/tobii_glasses_pkg/cmake/tobii_glasses_pkg__rosidl_typesupport_cppExport.cmake
[1.972s] -- Installing: /home/usr/workspaces/ros2_tobii_glasses2/install/tobii_glasses_pkg/share/tobii_glasses_pkg/cmake/tobii_glasses_pkg__rosidl_typesupport_cppExport-noconfig.cmake
[1.972s] -- Up-to-date: /home/usr/workspaces/ros2_tobii_glasses2/install/tobii_glasses_pkg/share/tobii_glasses_pkg/cmake/rosidl_cmake-extras.cmake
[1.972s] -- Up-to-date: /home/usr/workspaces/ros2_tobii_glasses2/install/tobii_glasses_pkg/share/tobii_glasses_pkg/cmake/ament_cmake_export_dependencies-extras.cmake
[1.973s] -- Up-to-date: /home/usr/workspaces/ros2_tobii_glasses2/install/tobii_glasses_pkg/share/tobii_glasses_pkg/cmake/ament_cmake_export_libraries-extras.cmake
[1.973s] -- Up-to-date: /home/usr/workspaces/ros2_tobii_glasses2/install/tobii_glasses_pkg/share/tobii_glasses_pkg/cmake/ament_cmake_export_targets-extras.cmake
[1.973s] -- Up-to-date: /home/usr/workspaces/ros2_tobii_glasses2/install/tobii_glasses_pkg/share/tobii_glasses_pkg/cmake/ament_cmake_export_include_directories-extras.cmake
[1.973s] -- Up-to-date: /home/usr/workspaces/ros2_tobii_glasses2/install/tobii_glasses_pkg/share/tobii_glasses_pkg/cmake/rosidl_cmake_export_typesupport_libraries-extras.cmake
[1.973s] -- Up-to-date: /home/usr/workspaces/ros2_tobii_glasses2/install/tobii_glasses_pkg/share/tobii_glasses_pkg/cmake/rosidl_cmake_export_typesupport_targets-extras.cmake
[1.973s] -- Up-to-date: /home/usr/workspaces/ros2_tobii_glasses2/install/tobii_glasses_pkg/share/tobii_glasses_pkg/cmake/tobii_glasses_pkgConfig.cmake
[1.973s] -- Up-to-date: /home/usr/workspaces/ros2_tobii_glasses2/install/tobii_glasses_pkg/share/tobii_glasses_pkg/cmake/tobii_glasses_pkgConfig-version.cmake
[1.974s] -- Up-to-date: /home/usr/workspaces/ros2_tobii_glasses2/install/tobii_glasses_pkg/share/tobii_glasses_pkg/package.xml
[1.975s] Invoked command in '/home/usr/workspaces/ros2_tobii_glasses2/build/tobii_glasses_pkg' returned '0': CMAKE_PREFIX_PATH=${CMAKE_PREFIX_PATH}:/opt/ros/foxy /usr/bin/cmake --install /home/usr/workspaces/ros2_tobii_glasses2/build/tobii_glasses_pkg
