-- Found ament_cmake: 0.9.9 (/opt/ros/foxy/share/ament_cmake/cmake)
-- Found PythonInterp: /usr/bin/python3 (found suitable version "3.8.10", minimum required is "3") 
-- Using PYTHON_EXECUTABLE: /usr/bin/python3
-- Found rclpy: 1.0.8 (/opt/ros/foxy/share/rclpy/cmake)
-- Found std_msgs: 2.0.5 (/opt/ros/foxy/share/std_msgs/cmake)
-- Using all available rosidl_typesupport_c: rosidl_typesupport_fastrtps_c;rosidl_typesupport_introspection_c
-- Found rosidl_adapter: 1.2.1 (/opt/ros/foxy/share/rosidl_adapter/cmake)
-- Using all available rosidl_typesupport_cpp: rosidl_typesupport_fastrtps_cpp;rosidl_typesupport_introspection_cpp
-- Found sensor_msgs: 2.0.5 (/opt/ros/foxy/share/sensor_msgs/cmake)
-- Found cv_bridge: 2.2.1 (/opt/ros/foxy/share/cv_bridge/cmake)
-- Found rosidl_default_generators: 1.0.1 (/opt/ros/foxy/share/rosidl_default_generators/cmake)
CMake Error at CMakeLists.txt:45 (install):
  install DIRECTORY given non-directory "scripts/video_capture.py" to
  install.


-- Found PythonInterp: /usr/bin/python3 (found version "3.8.10") 
-- Found ament_cmake_ros: 0.9.2 (/opt/ros/foxy/share/ament_cmake_ros/cmake)
-- Using all available rosidl_typesupport_c: rosidl_typesupport_fastrtps_c;rosidl_typesupport_introspection_c
-- Using all available rosidl_typesupport_cpp: rosidl_typesupport_fastrtps_cpp;rosidl_typesupport_introspection_cpp
-- Found PythonInterp: /usr/bin/python3 (found suitable version "3.8.10", minimum required is "3.5") 
-- Found python_cmake_module: 0.8.1 (/opt/ros/foxy/share/python_cmake_module/cmake)
-- Using PYTHON_EXECUTABLE: /usr/bin/python3
-- Using PYTHON_INCLUDE_DIRS: /usr/include/python3.8
-- Using PYTHON_LIBRARIES: /usr/lib/x86_64-linux-gnu/libpython3.8.so
-- Found ament_lint_auto: 0.9.6 (/opt/ros/foxy/share/ament_lint_auto/cmake)
-- Added test 'copyright' to check source files copyright and LICENSE
-- Added test 'cppcheck' to perform static code analysis on C / C++ code
-- Configured cppcheck include dirs: $<BUILD_INTERFACE:/home/usr/workspaces/ros2_tobii_glasses2/build/tobii_glasses_pkg/rosidl_generator_c>;/home/usr/workspaces/ros2_tobii_glasses2/build/tobii_glasses_pkg/rosidl_generator_c;/home/usr/workspaces/ros2_tobii_glasses2/build/tobii_glasses_pkg/rosidl_generator_cpp;/home/usr/workspaces/ros2_tobii_glasses2/build/tobii_glasses_pkg/rosidl_typesupport_fastrtps_c;/home/usr/workspaces/ros2_tobii_glasses2/build/tobii_glasses_pkg/rosidl_typesupport_fastrtps_cpp;$<BUILD_INTERFACE:/home/usr/workspaces/ros2_tobii_glasses2/build/tobii_glasses_pkg/rosidl_typesupport_introspection_c>;$<BUILD_INTERFACE:/home/usr/workspaces/ros2_tobii_glasses2/build/tobii_glasses_pkg/rosidl_typesupport_c>;$<BUILD_INTERFACE:/home/usr/workspaces/ros2_tobii_glasses2/build/tobii_glasses_pkg/rosidl_generator_cpp>;/home/usr/workspaces/ros2_tobii_glasses2/build/tobii_glasses_pkg/rosidl_generator_py
-- Configured cppcheck exclude dirs and/or files: 
-- Added test 'cpplint' to check C / C++ code against the Google style
-- Configured cpplint exclude dirs and/or files: 
-- Added test 'flake8' to check Python code syntax and style conventions
-- Added test 'lint_cmake' to check CMake code style
-- Added test 'pep257' to check Python code against some of the style conventions in PEP 257
-- Added test 'uncrustify' to check C / C++ code style
-- Configured uncrustify additional arguments: 
-- Added test 'xmllint' to check XML markup files
-- Configuring incomplete, errors occurred!
See also "/home/usr/workspaces/ros2_tobii_glasses2/build/tobii_glasses_pkg/CMakeFiles/CMakeOutput.log".
make: *** [Makefile:1468: cmake_check_build_system] Error 1
