[0.010s] Invoking command in '/home/ema/workspaces/ros2_tobii_glasses2/build/tobii_glasses_pkg': CMAKE_PREFIX_PATH=/opt/ros/foxy /usr/bin/cmake /home/ema/workspaces/ros2_tobii_glasses2 -DCMAKE_INSTALL_PREFIX=/home/ema/workspaces/ros2_tobii_glasses2/install/tobii_glasses_pkg
[0.058s] -- The C compiler identification is GNU 9.4.0
[0.105s] -- The CXX compiler identification is GNU 9.4.0
[0.108s] -- Check for working C compiler: /usr/bin/cc
[0.167s] -- Check for working C compiler: /usr/bin/cc -- works
[0.168s] -- Detecting C compiler ABI info
[0.231s] -- Detecting C compiler ABI info - done
[0.242s] -- Detecting C compile features
[0.242s] -- Detecting C compile features - done
[0.245s] -- Check for working CXX compiler: /usr/bin/c++
[0.307s] -- Check for working CXX compiler: /usr/bin/c++ -- works
[0.308s] -- Detecting CXX compiler ABI info
[0.370s] -- Detecting CXX compiler ABI info - done
[0.379s] -- Detecting CXX compile features
[0.379s] -- Detecting CXX compile features - done
[0.381s] -- Found ament_cmake: 0.9.9 (/opt/ros/foxy/share/ament_cmake/cmake)
[0.395s] -- Found PythonInterp: /usr/bin/python3 (found suitable version "3.8.10", minimum required is "3") 
[0.395s] -- Using PYTHON_EXECUTABLE: /usr/bin/python3
[0.506s] -- Found rclpy: 1.0.8 (/opt/ros/foxy/share/rclpy/cmake)
[0.507s] -- Found sensor_msgs: 2.0.5 (/opt/ros/foxy/share/sensor_msgs/cmake)
[0.527s] -- Using all available rosidl_typesupport_c: rosidl_typesupport_fastrtps_c;rosidl_typesupport_introspection_c
[0.532s] -- Found rosidl_adapter: 1.2.1 (/opt/ros/foxy/share/rosidl_adapter/cmake)
[0.582s] -- Found OpenSSL: /usr/lib/x86_64-linux-gnu/libcrypto.so (found version "1.1.1f")  
[0.600s] -- Found FastRTPS: /opt/ros/foxy/include  
[0.656s] -- Using all available rosidl_typesupport_cpp: rosidl_typesupport_fastrtps_cpp;rosidl_typesupport_introspection_cpp
[0.790s] -- Found rosidl_default_generators: 1.0.1 (/opt/ros/foxy/share/rosidl_default_generators/cmake)
[0.828s] -- Found PythonInterp: /usr/bin/python3 (found version "3.8.10") 
[0.982s] -- Found ament_cmake_ros: 0.9.2 (/opt/ros/foxy/share/ament_cmake_ros/cmake)
[1.215s] -- Using all available rosidl_typesupport_c: rosidl_typesupport_fastrtps_c;rosidl_typesupport_introspection_c
[1.340s] -- Using all available rosidl_typesupport_cpp: rosidl_typesupport_fastrtps_cpp;rosidl_typesupport_introspection_cpp
[1.355s] -- Found PythonInterp: /usr/bin/python3 (found suitable version "3.8.10", minimum required is "3.5") 
[1.356s] -- Found python_cmake_module: 0.8.1 (/opt/ros/foxy/share/python_cmake_module/cmake)
[1.370s] -- Found PythonLibs: /usr/lib/x86_64-linux-gnu/libpython3.8.so (found suitable version "3.8.10", minimum required is "3.5") 
[1.370s] -- Using PYTHON_EXECUTABLE: /usr/bin/python3
[1.370s] -- Using PYTHON_INCLUDE_DIRS: /usr/include/python3.8
[1.370s] -- Using PYTHON_LIBRARIES: /usr/lib/x86_64-linux-gnu/libpython3.8.so
[1.381s] -- Found PythonExtra: .so  
[1.437s] -- Found ament_lint_auto: 0.9.6 (/opt/ros/foxy/share/ament_lint_auto/cmake)
[1.454s] -- Added test 'copyright' to check source files copyright and LICENSE
[1.464s] -- Added test 'cppcheck' to perform static code analysis on C / C++ code
[1.465s] -- Configured cppcheck include dirs: $<BUILD_INTERFACE:/home/ema/workspaces/ros2_tobii_glasses2/build/tobii_glasses_pkg/rosidl_generator_c>;/home/ema/workspaces/ros2_tobii_glasses2/build/tobii_glasses_pkg/rosidl_generator_c;/home/ema/workspaces/ros2_tobii_glasses2/build/tobii_glasses_pkg/rosidl_generator_cpp;/home/ema/workspaces/ros2_tobii_glasses2/build/tobii_glasses_pkg/rosidl_typesupport_fastrtps_c;/home/ema/workspaces/ros2_tobii_glasses2/build/tobii_glasses_pkg/rosidl_typesupport_fastrtps_cpp;$<BUILD_INTERFACE:/home/ema/workspaces/ros2_tobii_glasses2/build/tobii_glasses_pkg/rosidl_typesupport_introspection_c>;$<BUILD_INTERFACE:/home/ema/workspaces/ros2_tobii_glasses2/build/tobii_glasses_pkg/rosidl_typesupport_c>;$<BUILD_INTERFACE:/home/ema/workspaces/ros2_tobii_glasses2/build/tobii_glasses_pkg/rosidl_generator_cpp>;/home/ema/workspaces/ros2_tobii_glasses2/build/tobii_glasses_pkg/rosidl_generator_py
[1.465s] -- Configured cppcheck exclude dirs and/or files: 
[1.475s] -- Added test 'cpplint' to check C / C++ code against the Google style
[1.475s] -- Configured cpplint exclude dirs and/or files: 
[1.477s] -- Added test 'flake8' to check Python code syntax and style conventions
[1.479s] -- Added test 'lint_cmake' to check CMake code style
[1.481s] -- Added test 'pep257' to check Python code against some of the style conventions in PEP 257
[1.491s] -- Added test 'uncrustify' to check C / C++ code style
[1.491s] -- Configured uncrustify additional arguments: 
[1.493s] -- Added test 'xmllint' to check XML markup files
[1.498s] -- Configuring done
[1.560s] -- Generating done
[1.563s] -- Build files have been written to: /home/ema/workspaces/ros2_tobii_glasses2/build/tobii_glasses_pkg
[1.568s] Invoked command in '/home/ema/workspaces/ros2_tobii_glasses2/build/tobii_glasses_pkg' returned '0': CMAKE_PREFIX_PATH=/opt/ros/foxy /usr/bin/cmake /home/ema/workspaces/ros2_tobii_glasses2 -DCMAKE_INSTALL_PREFIX=/home/ema/workspaces/ros2_tobii_glasses2/install/tobii_glasses_pkg
[1.570s] Invoking command in '/home/ema/workspaces/ros2_tobii_glasses2/build/tobii_glasses_pkg': CMAKE_PREFIX_PATH=/opt/ros/foxy /usr/bin/cmake --build /home/ema/workspaces/ros2_tobii_glasses2/build/tobii_glasses_pkg -- -j12 -l12
[1.603s] [35m[1mScanning dependencies of target tobii_glasses_pkg__cpp[0m
[1.604s] [  1%] [34m[1mGenerating C code for ROS interfaces[0m
[1.613s] [  3%] [34m[1mGenerating C++ code for ROS interfaces[0m
[1.977s] [  3%] Built target tobii_glasses_pkg__cpp
[1.991s] [  5%] [34m[1mGenerating C++ type support dispatch for ROS interfaces[0m
[1.995s] [  7%] [34m[1mGenerating C++ type support for eProsima Fast-RTPS[0m
[1.995s] [  9%] [34m[1mGenerating C++ introspection for ROS interfaces[0m
[2.000s] [35m[1mScanning dependencies of target tobii_glasses_pkg__rosidl_generator_c[0m
[2.012s] [ 12%] [32mBuilding C object CMakeFiles/tobii_glasses_pkg__rosidl_generator_c.dir/rosidl_generator_c/tobii_glasses_pkg/msg/detail/gaze_position__functions.c.o[0m
[2.013s] [ 12%] [32mBuilding C object CMakeFiles/tobii_glasses_pkg__rosidl_generator_c.dir/rosidl_generator_c/tobii_glasses_pkg/msg/detail/tobii_glasses__functions.c.o[0m
[2.015s] [ 14%] [32mBuilding C object CMakeFiles/tobii_glasses_pkg__rosidl_generator_c.dir/rosidl_generator_c/tobii_glasses_pkg/msg/detail/gaze_position3_d__functions.c.o[0m
[2.015s] [ 16%] [32mBuilding C object CMakeFiles/tobii_glasses_pkg__rosidl_generator_c.dir/rosidl_generator_c/tobii_glasses_pkg/msg/detail/eye_data__functions.c.o[0m
[2.058s] [ 18%] [32m[1mLinking C shared library libtobii_glasses_pkg__rosidl_generator_c.so[0m
[2.091s] [ 18%] Built target tobii_glasses_pkg__rosidl_generator_c
[2.101s] [ 21%] [34m[1mGenerating C introspection for ROS interfaces[0m
[2.101s] [ 21%] [34m[1mGenerating C type support dispatch for ROS interfaces[0m
[2.323s] [35m[1mScanning dependencies of target tobii_glasses_pkg__rosidl_typesupport_cpp[0m
[2.332s] [35m[1mScanning dependencies of target tobii_glasses_pkg__rosidl_typesupport_introspection_cpp[0m
[2.336s] [ 23%] [32mBuilding CXX object CMakeFiles/tobii_glasses_pkg__rosidl_typesupport_cpp.dir/rosidl_typesupport_cpp/tobii_glasses_pkg/msg/tobii_glasses__type_support.cpp.o[0m
[2.337s] [ 25%] [32mBuilding CXX object CMakeFiles/tobii_glasses_pkg__rosidl_typesupport_cpp.dir/rosidl_typesupport_cpp/tobii_glasses_pkg/msg/eye_data__type_support.cpp.o[0m
[2.339s] [ 29%] [32mBuilding CXX object CMakeFiles/tobii_glasses_pkg__rosidl_typesupport_cpp.dir/rosidl_typesupport_cpp/tobii_glasses_pkg/msg/gaze_position3_d__type_support.cpp.o[0m
[2.339s] [ 29%] [32mBuilding CXX object CMakeFiles/tobii_glasses_pkg__rosidl_typesupport_cpp.dir/rosidl_typesupport_cpp/tobii_glasses_pkg/msg/gaze_position__type_support.cpp.o[0m
[2.347s] [ 34%] [32mBuilding CXX object CMakeFiles/tobii_glasses_pkg__rosidl_typesupport_introspection_cpp.dir/rosidl_typesupport_introspection_cpp/tobii_glasses_pkg/msg/detail/gaze_position__type_support.cpp.o[0m
[2.348s] [ 34%] [32mBuilding CXX object CMakeFiles/tobii_glasses_pkg__rosidl_typesupport_introspection_cpp.dir/rosidl_typesupport_introspection_cpp/tobii_glasses_pkg/msg/detail/eye_data__type_support.cpp.o[0m
[2.348s] [ 36%] [32mBuilding CXX object CMakeFiles/tobii_glasses_pkg__rosidl_typesupport_introspection_cpp.dir/rosidl_typesupport_introspection_cpp/tobii_glasses_pkg/msg/detail/tobii_glasses__type_support.cpp.o[0m
[2.348s] [ 36%] [32mBuilding CXX object CMakeFiles/tobii_glasses_pkg__rosidl_typesupport_introspection_cpp.dir/rosidl_typesupport_introspection_cpp/tobii_glasses_pkg/msg/detail/gaze_position3_d__type_support.cpp.o[0m
[2.415s] [35m[1mScanning dependencies of target tobii_glasses_pkg__rosidl_typesupport_fastrtps_cpp[0m
[2.438s] [ 40%] [32mBuilding CXX object CMakeFiles/tobii_glasses_pkg__rosidl_typesupport_fastrtps_cpp.dir/rosidl_typesupport_fastrtps_cpp/tobii_glasses_pkg/msg/detail/dds_fastrtps/tobii_glasses__type_support.cpp.o[0m
[2.438s] [ 40%] [32mBuilding CXX object CMakeFiles/tobii_glasses_pkg__rosidl_typesupport_fastrtps_cpp.dir/rosidl_typesupport_fastrtps_cpp/tobii_glasses_pkg/msg/detail/dds_fastrtps/gaze_position__type_support.cpp.o[0m
[2.494s] [35m[1mScanning dependencies of target tobii_glasses_pkg__rosidl_typesupport_c[0m
[2.513s] [ 41%] [32mBuilding CXX object CMakeFiles/tobii_glasses_pkg__rosidl_typesupport_c.dir/rosidl_typesupport_c/tobii_glasses_pkg/msg/tobii_glasses__type_support.cpp.o[0m
[2.553s] [ 43%] [32mBuilding CXX object CMakeFiles/tobii_glasses_pkg__rosidl_typesupport_c.dir/rosidl_typesupport_c/tobii_glasses_pkg/msg/gaze_position__type_support.cpp.o[0m
[2.594s] [ 45%] [32mBuilding CXX object CMakeFiles/tobii_glasses_pkg__rosidl_typesupport_c.dir/rosidl_typesupport_c/tobii_glasses_pkg/msg/gaze_position3_d__type_support.cpp.o[0m
[2.608s] [35m[1mScanning dependencies of target tobii_glasses_pkg__rosidl_typesupport_introspection_c[0m
[2.630s] [ 47%] [32mBuilding C object CMakeFiles/tobii_glasses_pkg__rosidl_typesupport_introspection_c.dir/rosidl_typesupport_introspection_c/tobii_glasses_pkg/msg/detail/tobii_glasses__type_support.c.o[0m
[2.633s] [ 49%] [32mBuilding CXX object CMakeFiles/tobii_glasses_pkg__rosidl_typesupport_c.dir/rosidl_typesupport_c/tobii_glasses_pkg/msg/eye_data__type_support.cpp.o[0m
[2.671s] [ 50%] [32m[1mLinking CXX shared library libtobii_glasses_pkg__rosidl_typesupport_c.so[0m
[2.677s] [ 52%] [32mBuilding C object CMakeFiles/tobii_glasses_pkg__rosidl_typesupport_introspection_c.dir/rosidl_typesupport_introspection_c/tobii_glasses_pkg/msg/detail/gaze_position__type_support.c.o[0m
[2.698s] [ 54%] [32mBuilding C object CMakeFiles/tobii_glasses_pkg__rosidl_typesupport_introspection_c.dir/rosidl_typesupport_introspection_c/tobii_glasses_pkg/msg/detail/gaze_position3_d__type_support.c.o[0m
[2.711s] [ 56%] [32mBuilding C object CMakeFiles/tobii_glasses_pkg__rosidl_typesupport_introspection_c.dir/rosidl_typesupport_introspection_c/tobii_glasses_pkg/msg/detail/eye_data__type_support.c.o[0m
[2.719s] [ 58%] [32mBuilding CXX object CMakeFiles/tobii_glasses_pkg__rosidl_typesupport_fastrtps_cpp.dir/rosidl_typesupport_fastrtps_cpp/tobii_glasses_pkg/msg/detail/dds_fastrtps/gaze_position3_d__type_support.cpp.o[0m
[2.724s] [ 60%] [32m[1mLinking CXX shared library libtobii_glasses_pkg__rosidl_typesupport_cpp.so[0m
[2.724s] [ 61%] [32mBuilding CXX object CMakeFiles/tobii_glasses_pkg__rosidl_typesupport_fastrtps_cpp.dir/rosidl_typesupport_fastrtps_cpp/tobii_glasses_pkg/msg/detail/dds_fastrtps/eye_data__type_support.cpp.o[0m
[2.730s] [ 61%] Built target tobii_glasses_pkg__rosidl_typesupport_c
[2.754s] [ 63%] [32m[1mLinking C shared library libtobii_glasses_pkg__rosidl_typesupport_introspection_c.so[0m
[2.755s] [ 65%] [32m[1mLinking CXX shared library libtobii_glasses_pkg__rosidl_typesupport_introspection_cpp.so[0m
[2.763s] [ 65%] Built target tobii_glasses_pkg__rosidl_typesupport_cpp
[2.787s] [ 65%] Built target tobii_glasses_pkg__rosidl_typesupport_introspection_c
[2.823s] [ 65%] Built target tobii_glasses_pkg__rosidl_typesupport_introspection_cpp
[3.059s] [ 67%] [32m[1mLinking CXX shared library libtobii_glasses_pkg__rosidl_typesupport_fastrtps_cpp.so[0m
[3.129s] [ 67%] Built target tobii_glasses_pkg__rosidl_typesupport_fastrtps_cpp
[3.138s] [ 69%] [34m[1mGenerating C type support for eProsima Fast-RTPS[0m
[3.480s] [35m[1mScanning dependencies of target tobii_glasses_pkg__rosidl_typesupport_fastrtps_c[0m
[3.497s] [ 76%] [32mBuilding CXX object CMakeFiles/tobii_glasses_pkg__rosidl_typesupport_fastrtps_c.dir/rosidl_typesupport_fastrtps_c/tobii_glasses_pkg/msg/detail/gaze_position__type_support_c.cpp.o[0m
[3.498s] [ 76%] [32mBuilding CXX object CMakeFiles/tobii_glasses_pkg__rosidl_typesupport_fastrtps_c.dir/rosidl_typesupport_fastrtps_c/tobii_glasses_pkg/msg/detail/eye_data__type_support_c.cpp.o[0m
[3.498s] [ 76%] [32mBuilding CXX object CMakeFiles/tobii_glasses_pkg__rosidl_typesupport_fastrtps_c.dir/rosidl_typesupport_fastrtps_c/tobii_glasses_pkg/msg/detail/tobii_glasses__type_support_c.cpp.o[0m
[3.498s] [ 76%] [32mBuilding CXX object CMakeFiles/tobii_glasses_pkg__rosidl_typesupport_fastrtps_c.dir/rosidl_typesupport_fastrtps_c/tobii_glasses_pkg/msg/detail/gaze_position3_d__type_support_c.cpp.o[0m
[3.777s] [ 78%] [32m[1mLinking CXX shared library libtobii_glasses_pkg__rosidl_typesupport_fastrtps_c.so[0m
[3.849s] [ 78%] Built target tobii_glasses_pkg__rosidl_typesupport_fastrtps_c
[3.857s] [35m[1mScanning dependencies of target tobii_glasses_pkg[0m
[3.865s] [ 78%] Built target tobii_glasses_pkg
[3.873s] [35m[1mScanning dependencies of target tobii_glasses_pkg__py[0m
[3.882s] [ 80%] [34m[1mGenerating Python code for ROS interfaces[0m
[4.566s] [ 80%] Built target tobii_glasses_pkg__py
[4.574s] [35m[1mScanning dependencies of target tobii_glasses_pkg__python[0m
[4.595s] [ 83%] [32mBuilding C object CMakeFiles/tobii_glasses_pkg__python.dir/rosidl_generator_py/tobii_glasses_pkg/msg/_tobii_glasses_s.c.o[0m
[4.595s] [ 83%] [32mBuilding C object CMakeFiles/tobii_glasses_pkg__python.dir/rosidl_generator_py/tobii_glasses_pkg/msg/_gaze_position_s.c.o[0m
[4.595s] [ 85%] [32mBuilding C object CMakeFiles/tobii_glasses_pkg__python.dir/rosidl_generator_py/tobii_glasses_pkg/msg/_gaze_position3_d_s.c.o[0m
[4.595s] [ 87%] [32mBuilding C object CMakeFiles/tobii_glasses_pkg__python.dir/rosidl_generator_py/tobii_glasses_pkg/msg/_eye_data_s.c.o[0m
[4.673s] [ 89%] [32m[1mLinking C shared library rosidl_generator_py/tobii_glasses_pkg/libtobii_glasses_pkg__python.so[0m
[4.712s] [ 89%] Built target tobii_glasses_pkg__python
[4.721s] [35m[1mScanning dependencies of target tobii_glasses_pkg__rosidl_typesupport_c__pyext[0m
[4.721s] [35m[1mScanning dependencies of target tobii_glasses_pkg__rosidl_typesupport_introspection_c__pyext[0m
[4.721s] [35m[1mScanning dependencies of target tobii_glasses_pkg__rosidl_typesupport_fastrtps_c__pyext[0m
[4.736s] [ 92%] [32mBuilding C object CMakeFiles/tobii_glasses_pkg__rosidl_typesupport_introspection_c__pyext.dir/rosidl_generator_py/tobii_glasses_pkg/_tobii_glasses_pkg_s.ep.rosidl_typesupport_introspection_c.c.o[0m
[4.736s] [ 92%] [32mBuilding C object CMakeFiles/tobii_glasses_pkg__rosidl_typesupport_c__pyext.dir/rosidl_generator_py/tobii_glasses_pkg/_tobii_glasses_pkg_s.ep.rosidl_typesupport_c.c.o[0m
[4.738s] [ 94%] [32mBuilding C object CMakeFiles/tobii_glasses_pkg__rosidl_typesupport_fastrtps_c__pyext.dir/rosidl_generator_py/tobii_glasses_pkg/_tobii_glasses_pkg_s.ep.rosidl_typesupport_fastrtps_c.c.o[0m
[4.807s] [ 98%] [32m[1mLinking C shared library rosidl_generator_py/tobii_glasses_pkg/tobii_glasses_pkg_s__rosidl_typesupport_c.cpython-38-x86_64-linux-gnu.so[0m
[4.807s] [ 98%] [32m[1mLinking C shared library rosidl_generator_py/tobii_glasses_pkg/tobii_glasses_pkg_s__rosidl_typesupport_introspection_c.cpython-38-x86_64-linux-gnu.so[0m
[4.811s] [100%] [32m[1mLinking CXX shared library rosidl_generator_py/tobii_glasses_pkg/tobii_glasses_pkg_s__rosidl_typesupport_fastrtps_c.cpython-38-x86_64-linux-gnu.so[0m
[4.843s] [100%] Built target tobii_glasses_pkg__rosidl_typesupport_c__pyext
[4.844s] [100%] Built target tobii_glasses_pkg__rosidl_typesupport_introspection_c__pyext
[4.874s] [100%] Built target tobii_glasses_pkg__rosidl_typesupport_fastrtps_c__pyext
[4.884s] Invoked command in '/home/ema/workspaces/ros2_tobii_glasses2/build/tobii_glasses_pkg' returned '0': CMAKE_PREFIX_PATH=/opt/ros/foxy /usr/bin/cmake --build /home/ema/workspaces/ros2_tobii_glasses2/build/tobii_glasses_pkg -- -j12 -l12
[5.028s] Invoking command in '/home/ema/workspaces/ros2_tobii_glasses2/build/tobii_glasses_pkg': CMAKE_PREFIX_PATH=/opt/ros/foxy /usr/bin/cmake --install /home/ema/workspaces/ros2_tobii_glasses2/build/tobii_glasses_pkg
[5.040s] -- Install configuration: ""
[5.040s] -- Installing: /home/ema/workspaces/ros2_tobii_glasses2/install/tobii_glasses_pkg/share/tobii_glasses_pkg/environment/pythonpath.sh
[5.041s] -- Installing: /home/ema/workspaces/ros2_tobii_glasses2/install/tobii_glasses_pkg/share/tobii_glasses_pkg/environment/pythonpath.dsv
[5.041s] -- Installing: /home/ema/workspaces/ros2_tobii_glasses2/install/tobii_glasses_pkg/lib/python3.8/site-packages/scripts/
[5.041s] -- Installing: /home/ema/workspaces/ros2_tobii_glasses2/install/tobii_glasses_pkg/lib/python3.8/site-packages/scripts//tobii_glasses_buffer.py
[5.041s] -- Installing: /home/ema/workspaces/ros2_tobii_glasses2/install/tobii_glasses_pkg/lib/python3.8/site-packages/scripts//calibrate_glasses.py
[5.041s] -- Installing: /home/ema/workspaces/ros2_tobii_glasses2/install/tobii_glasses_pkg/lib/python3.8/site-packages/scripts//tobii_glasses.py
[5.041s] -- Installing: /home/ema/workspaces/ros2_tobii_glasses2/install/tobii_glasses_pkg/lib/python3.8/site-packages/scripts//video_capture.py
[5.041s] -- Installing: /home/ema/workspaces/ros2_tobii_glasses2/install/tobii_glasses_pkg/lib/python3.8/site-packages/scripts//__init__.py
[5.074s] Listing '/home/ema/workspaces/ros2_tobii_glasses2/install/tobii_glasses_pkg/lib/python3.8/site-packages/scripts/'...
[5.074s] Compiling '/home/ema/workspaces/ros2_tobii_glasses2/install/tobii_glasses_pkg/lib/python3.8/site-packages/scripts/__init__.py'...
[5.074s] Compiling '/home/ema/workspaces/ros2_tobii_glasses2/install/tobii_glasses_pkg/lib/python3.8/site-packages/scripts/calibrate_glasses.py'...
[5.074s] Compiling '/home/ema/workspaces/ros2_tobii_glasses2/install/tobii_glasses_pkg/lib/python3.8/site-packages/scripts/tobii_glasses.py'...
[5.074s] Compiling '/home/ema/workspaces/ros2_tobii_glasses2/install/tobii_glasses_pkg/lib/python3.8/site-packages/scripts/tobii_glasses_buffer.py'...
[5.074s] Compiling '/home/ema/workspaces/ros2_tobii_glasses2/install/tobii_glasses_pkg/lib/python3.8/site-packages/scripts/video_capture.py'...
[5.077s] -- Installing: /home/ema/workspaces/ros2_tobii_glasses2/install/tobii_glasses_pkg/lib/tobii_glasses_pkg/tobii_glasses.py
[5.077s] -- Installing: /home/ema/workspaces/ros2_tobii_glasses2/install/tobii_glasses_pkg/share/tobii_glasses_pkg//launch
[5.077s] -- Installing: /home/ema/workspaces/ros2_tobii_glasses2/install/tobii_glasses_pkg/share/tobii_glasses_pkg//launch/piano_demo.launch.py
[5.077s] -- Installing: /home/ema/workspaces/ros2_tobii_glasses2/install/tobii_glasses_pkg/share/tobii_glasses_pkg//launch/pupil.launch.py
[5.077s] -- Installing: /home/ema/workspaces/ros2_tobii_glasses2/install/tobii_glasses_pkg/share/tobii_glasses_pkg//launch/pupil_devel.launch.py
[5.078s] -- Installing: /home/ema/workspaces/ros2_tobii_glasses2/install/tobii_glasses_pkg/share/ament_index/resource_index/rosidl_interfaces/tobii_glasses_pkg
[5.078s] -- Installing: /home/ema/workspaces/ros2_tobii_glasses2/install/tobii_glasses_pkg/include/tobii_glasses_pkg
[5.078s] -- Installing: /home/ema/workspaces/ros2_tobii_glasses2/install/tobii_glasses_pkg/include/tobii_glasses_pkg/msg
[5.078s] -- Installing: /home/ema/workspaces/ros2_tobii_glasses2/install/tobii_glasses_pkg/include/tobii_glasses_pkg/msg/eye_data.h
[5.078s] -- Installing: /home/ema/workspaces/ros2_tobii_glasses2/install/tobii_glasses_pkg/include/tobii_glasses_pkg/msg/tobii_glasses.h
[5.078s] -- Installing: /home/ema/workspaces/ros2_tobii_glasses2/install/tobii_glasses_pkg/include/tobii_glasses_pkg/msg/rosidl_generator_c__visibility_control.h
[5.078s] -- Installing: /home/ema/workspaces/ros2_tobii_glasses2/install/tobii_glasses_pkg/include/tobii_glasses_pkg/msg/detail
[5.078s] -- Installing: /home/ema/workspaces/ros2_tobii_glasses2/install/tobii_glasses_pkg/include/tobii_glasses_pkg/msg/detail/eye_data__struct.h
[5.078s] -- Installing: /home/ema/workspaces/ros2_tobii_glasses2/install/tobii_glasses_pkg/include/tobii_glasses_pkg/msg/detail/gaze_position__type_support.h
[5.078s] -- Installing: /home/ema/workspaces/ros2_tobii_glasses2/install/tobii_glasses_pkg/include/tobii_glasses_pkg/msg/detail/gaze_position3_d__functions.c
[5.079s] -- Installing: /home/ema/workspaces/ros2_tobii_glasses2/install/tobii_glasses_pkg/include/tobii_glasses_pkg/msg/detail/gaze_position__struct.h
[5.079s] -- Installing: /home/ema/workspaces/ros2_tobii_glasses2/install/tobii_glasses_pkg/include/tobii_glasses_pkg/msg/detail/eye_data__type_support.h
[5.079s] -- Installing: /home/ema/workspaces/ros2_tobii_glasses2/install/tobii_glasses_pkg/include/tobii_glasses_pkg/msg/detail/gaze_position3_d__functions.h
[5.079s] -- Installing: /home/ema/workspaces/ros2_tobii_glasses2/install/tobii_glasses_pkg/include/tobii_glasses_pkg/msg/detail/tobii_glasses__functions.h
[5.079s] -- Installing: /home/ema/workspaces/ros2_tobii_glasses2/install/tobii_glasses_pkg/include/tobii_glasses_pkg/msg/detail/tobii_glasses__type_support.h
[5.079s] -- Installing: /home/ema/workspaces/ros2_tobii_glasses2/install/tobii_glasses_pkg/include/tobii_glasses_pkg/msg/detail/gaze_position3_d__type_support.h
[5.079s] -- Installing: /home/ema/workspaces/ros2_tobii_glasses2/install/tobii_glasses_pkg/include/tobii_glasses_pkg/msg/detail/gaze_position3_d__struct.h
[5.079s] -- Installing: /home/ema/workspaces/ros2_tobii_glasses2/install/tobii_glasses_pkg/include/tobii_glasses_pkg/msg/detail/tobii_glasses__functions.c
[5.079s] -- Installing: /home/ema/workspaces/ros2_tobii_glasses2/install/tobii_glasses_pkg/include/tobii_glasses_pkg/msg/detail/tobii_glasses__struct.h
[5.079s] -- Installing: /home/ema/workspaces/ros2_tobii_glasses2/install/tobii_glasses_pkg/include/tobii_glasses_pkg/msg/detail/gaze_position__functions.c
[5.080s] -- Installing: /home/ema/workspaces/ros2_tobii_glasses2/install/tobii_glasses_pkg/include/tobii_glasses_pkg/msg/detail/eye_data__functions.c
[5.080s] -- Installing: /home/ema/workspaces/ros2_tobii_glasses2/install/tobii_glasses_pkg/include/tobii_glasses_pkg/msg/detail/eye_data__functions.h
[5.080s] -- Installing: /home/ema/workspaces/ros2_tobii_glasses2/install/tobii_glasses_pkg/include/tobii_glasses_pkg/msg/detail/gaze_position__functions.h
[5.080s] -- Installing: /home/ema/workspaces/ros2_tobii_glasses2/install/tobii_glasses_pkg/include/tobii_glasses_pkg/msg/gaze_position.h
[5.080s] -- Installing: /home/ema/workspaces/ros2_tobii_glasses2/install/tobii_glasses_pkg/include/tobii_glasses_pkg/msg/gaze_position3_d.h
[5.080s] -- Installing: /home/ema/workspaces/ros2_tobii_glasses2/install/tobii_glasses_pkg/share/tobii_glasses_pkg/environment/library_path.sh
[5.080s] -- Installing: /home/ema/workspaces/ros2_tobii_glasses2/install/tobii_glasses_pkg/share/tobii_glasses_pkg/environment/library_path.dsv
[5.081s] -- Installing: /home/ema/workspaces/ros2_tobii_glasses2/install/tobii_glasses_pkg/lib/libtobii_glasses_pkg__rosidl_generator_c.so
[5.081s] -- Set runtime path of "/home/ema/workspaces/ros2_tobii_glasses2/install/tobii_glasses_pkg/lib/libtobii_glasses_pkg__rosidl_generator_c.so" to ""
[5.081s] -- Up-to-date: /home/ema/workspaces/ros2_tobii_glasses2/install/tobii_glasses_pkg/include/tobii_glasses_pkg
[5.081s] -- Up-to-date: /home/ema/workspaces/ros2_tobii_glasses2/install/tobii_glasses_pkg/include/tobii_glasses_pkg/msg
[5.081s] -- Installing: /home/ema/workspaces/ros2_tobii_glasses2/install/tobii_glasses_pkg/include/tobii_glasses_pkg/msg/rosidl_typesupport_fastrtps_c__visibility_control.h
[5.081s] -- Up-to-date: /home/ema/workspaces/ros2_tobii_glasses2/install/tobii_glasses_pkg/include/tobii_glasses_pkg/msg/detail
[5.082s] -- Installing: /home/ema/workspaces/ros2_tobii_glasses2/install/tobii_glasses_pkg/include/tobii_glasses_pkg/msg/detail/gaze_position3_d__rosidl_typesupport_fastrtps_c.h
[5.082s] -- Installing: /home/ema/workspaces/ros2_tobii_glasses2/install/tobii_glasses_pkg/include/tobii_glasses_pkg/msg/detail/eye_data__rosidl_typesupport_fastrtps_c.h
[5.082s] -- Installing: /home/ema/workspaces/ros2_tobii_glasses2/install/tobii_glasses_pkg/include/tobii_glasses_pkg/msg/detail/gaze_position__rosidl_typesupport_fastrtps_c.h
[5.082s] -- Installing: /home/ema/workspaces/ros2_tobii_glasses2/install/tobii_glasses_pkg/include/tobii_glasses_pkg/msg/detail/tobii_glasses__rosidl_typesupport_fastrtps_c.h
[5.082s] -- Installing: /home/ema/workspaces/ros2_tobii_glasses2/install/tobii_glasses_pkg/lib/libtobii_glasses_pkg__rosidl_typesupport_fastrtps_c.so
[5.082s] -- Set runtime path of "/home/ema/workspaces/ros2_tobii_glasses2/install/tobii_glasses_pkg/lib/libtobii_glasses_pkg__rosidl_typesupport_fastrtps_c.so" to ""
[5.082s] -- Up-to-date: /home/ema/workspaces/ros2_tobii_glasses2/install/tobii_glasses_pkg/include/tobii_glasses_pkg
[5.082s] -- Up-to-date: /home/ema/workspaces/ros2_tobii_glasses2/install/tobii_glasses_pkg/include/tobii_glasses_pkg/msg
[5.082s] -- Installing: /home/ema/workspaces/ros2_tobii_glasses2/install/tobii_glasses_pkg/include/tobii_glasses_pkg/msg/rosidl_typesupport_fastrtps_cpp__visibility_control.h
[5.083s] -- Up-to-date: /home/ema/workspaces/ros2_tobii_glasses2/install/tobii_glasses_pkg/include/tobii_glasses_pkg/msg/detail
[5.083s] -- Installing: /home/ema/workspaces/ros2_tobii_glasses2/install/tobii_glasses_pkg/include/tobii_glasses_pkg/msg/detail/gaze_position__rosidl_typesupport_fastrtps_cpp.hpp
[5.083s] -- Installing: /home/ema/workspaces/ros2_tobii_glasses2/install/tobii_glasses_pkg/include/tobii_glasses_pkg/msg/detail/tobii_glasses__rosidl_typesupport_fastrtps_cpp.hpp
[5.083s] -- Installing: /home/ema/workspaces/ros2_tobii_glasses2/install/tobii_glasses_pkg/include/tobii_glasses_pkg/msg/detail/eye_data__rosidl_typesupport_fastrtps_cpp.hpp
[5.083s] -- Installing: /home/ema/workspaces/ros2_tobii_glasses2/install/tobii_glasses_pkg/include/tobii_glasses_pkg/msg/detail/gaze_position3_d__rosidl_typesupport_fastrtps_cpp.hpp
[5.083s] -- Installing: /home/ema/workspaces/ros2_tobii_glasses2/install/tobii_glasses_pkg/include/tobii_glasses_pkg/msg/detail/dds_fastrtps
[5.083s] -- Installing: /home/ema/workspaces/ros2_tobii_glasses2/install/tobii_glasses_pkg/lib/libtobii_glasses_pkg__rosidl_typesupport_fastrtps_cpp.so
[5.084s] -- Set runtime path of "/home/ema/workspaces/ros2_tobii_glasses2/install/tobii_glasses_pkg/lib/libtobii_glasses_pkg__rosidl_typesupport_fastrtps_cpp.so" to ""
[5.084s] -- Up-to-date: /home/ema/workspaces/ros2_tobii_glasses2/install/tobii_glasses_pkg/include/tobii_glasses_pkg
[5.084s] -- Up-to-date: /home/ema/workspaces/ros2_tobii_glasses2/install/tobii_glasses_pkg/include/tobii_glasses_pkg/msg
[5.084s] -- Installing: /home/ema/workspaces/ros2_tobii_glasses2/install/tobii_glasses_pkg/include/tobii_glasses_pkg/msg/rosidl_typesupport_introspection_c__visibility_control.h
[5.084s] -- Up-to-date: /home/ema/workspaces/ros2_tobii_glasses2/install/tobii_glasses_pkg/include/tobii_glasses_pkg/msg/detail
[5.084s] -- Installing: /home/ema/workspaces/ros2_tobii_glasses2/install/tobii_glasses_pkg/include/tobii_glasses_pkg/msg/detail/gaze_position__type_support.c
[5.084s] -- Installing: /home/ema/workspaces/ros2_tobii_glasses2/install/tobii_glasses_pkg/include/tobii_glasses_pkg/msg/detail/eye_data__rosidl_typesupport_introspection_c.h
[5.084s] -- Installing: /home/ema/workspaces/ros2_tobii_glasses2/install/tobii_glasses_pkg/include/tobii_glasses_pkg/msg/detail/gaze_position3_d__type_support.c
[5.084s] -- Installing: /home/ema/workspaces/ros2_tobii_glasses2/install/tobii_glasses_pkg/include/tobii_glasses_pkg/msg/detail/tobii_glasses__type_support.c
[5.084s] -- Installing: /home/ema/workspaces/ros2_tobii_glasses2/install/tobii_glasses_pkg/include/tobii_glasses_pkg/msg/detail/tobii_glasses__rosidl_typesupport_introspection_c.h
[5.084s] -- Installing: /home/ema/workspaces/ros2_tobii_glasses2/install/tobii_glasses_pkg/include/tobii_glasses_pkg/msg/detail/eye_data__type_support.c
[5.085s] -- Installing: /home/ema/workspaces/ros2_tobii_glasses2/install/tobii_glasses_pkg/include/tobii_glasses_pkg/msg/detail/gaze_position__rosidl_typesupport_introspection_c.h
[5.085s] -- Installing: /home/ema/workspaces/ros2_tobii_glasses2/install/tobii_glasses_pkg/include/tobii_glasses_pkg/msg/detail/gaze_position3_d__rosidl_typesupport_introspection_c.h
[5.085s] -- Installing: /home/ema/workspaces/ros2_tobii_glasses2/install/tobii_glasses_pkg/lib/libtobii_glasses_pkg__rosidl_typesupport_introspection_c.so
[5.085s] -- Set runtime path of "/home/ema/workspaces/ros2_tobii_glasses2/install/tobii_glasses_pkg/lib/libtobii_glasses_pkg__rosidl_typesupport_introspection_c.so" to ""
[5.085s] -- Installing: /home/ema/workspaces/ros2_tobii_glasses2/install/tobii_glasses_pkg/lib/libtobii_glasses_pkg__rosidl_typesupport_c.so
[5.086s] -- Set runtime path of "/home/ema/workspaces/ros2_tobii_glasses2/install/tobii_glasses_pkg/lib/libtobii_glasses_pkg__rosidl_typesupport_c.so" to ""
[5.086s] -- Up-to-date: /home/ema/workspaces/ros2_tobii_glasses2/install/tobii_glasses_pkg/include/tobii_glasses_pkg
[5.086s] -- Up-to-date: /home/ema/workspaces/ros2_tobii_glasses2/install/tobii_glasses_pkg/include/tobii_glasses_pkg/msg
[5.086s] -- Installing: /home/ema/workspaces/ros2_tobii_glasses2/install/tobii_glasses_pkg/include/tobii_glasses_pkg/msg/gaze_position.hpp
[5.086s] -- Installing: /home/ema/workspaces/ros2_tobii_glasses2/install/tobii_glasses_pkg/include/tobii_glasses_pkg/msg/tobii_glasses.hpp
[5.086s] -- Installing: /home/ema/workspaces/ros2_tobii_glasses2/install/tobii_glasses_pkg/include/tobii_glasses_pkg/msg/eye_data.hpp
[5.086s] -- Installing: /home/ema/workspaces/ros2_tobii_glasses2/install/tobii_glasses_pkg/include/tobii_glasses_pkg/msg/gaze_position3_d.hpp
[5.086s] -- Up-to-date: /home/ema/workspaces/ros2_tobii_glasses2/install/tobii_glasses_pkg/include/tobii_glasses_pkg/msg/detail
[5.086s] -- Installing: /home/ema/workspaces/ros2_tobii_glasses2/install/tobii_glasses_pkg/include/tobii_glasses_pkg/msg/detail/gaze_position3_d__traits.hpp
[5.087s] -- Installing: /home/ema/workspaces/ros2_tobii_glasses2/install/tobii_glasses_pkg/include/tobii_glasses_pkg/msg/detail/tobii_glasses__builder.hpp
[5.087s] -- Installing: /home/ema/workspaces/ros2_tobii_glasses2/install/tobii_glasses_pkg/include/tobii_glasses_pkg/msg/detail/eye_data__builder.hpp
[5.087s] -- Installing: /home/ema/workspaces/ros2_tobii_glasses2/install/tobii_glasses_pkg/include/tobii_glasses_pkg/msg/detail/gaze_position3_d__struct.hpp
[5.087s] -- Installing: /home/ema/workspaces/ros2_tobii_glasses2/install/tobii_glasses_pkg/include/tobii_glasses_pkg/msg/detail/tobii_glasses__traits.hpp
[5.087s] -- Installing: /home/ema/workspaces/ros2_tobii_glasses2/install/tobii_glasses_pkg/include/tobii_glasses_pkg/msg/detail/gaze_position3_d__builder.hpp
[5.087s] -- Installing: /home/ema/workspaces/ros2_tobii_glasses2/install/tobii_glasses_pkg/include/tobii_glasses_pkg/msg/detail/eye_data__traits.hpp
[5.087s] -- Installing: /home/ema/workspaces/ros2_tobii_glasses2/install/tobii_glasses_pkg/include/tobii_glasses_pkg/msg/detail/gaze_position__builder.hpp
[5.087s] -- Installing: /home/ema/workspaces/ros2_tobii_glasses2/install/tobii_glasses_pkg/include/tobii_glasses_pkg/msg/detail/gaze_position__traits.hpp
[5.087s] -- Installing: /home/ema/workspaces/ros2_tobii_glasses2/install/tobii_glasses_pkg/include/tobii_glasses_pkg/msg/detail/eye_data__struct.hpp
[5.088s] -- Installing: /home/ema/workspaces/ros2_tobii_glasses2/install/tobii_glasses_pkg/include/tobii_glasses_pkg/msg/detail/tobii_glasses__struct.hpp
[5.088s] -- Installing: /home/ema/workspaces/ros2_tobii_glasses2/install/tobii_glasses_pkg/include/tobii_glasses_pkg/msg/detail/gaze_position__struct.hpp
[5.088s] -- Up-to-date: /home/ema/workspaces/ros2_tobii_glasses2/install/tobii_glasses_pkg/include/tobii_glasses_pkg
[5.088s] -- Up-to-date: /home/ema/workspaces/ros2_tobii_glasses2/install/tobii_glasses_pkg/include/tobii_glasses_pkg/msg
[5.088s] -- Up-to-date: /home/ema/workspaces/ros2_tobii_glasses2/install/tobii_glasses_pkg/include/tobii_glasses_pkg/msg/detail
[5.088s] -- Installing: /home/ema/workspaces/ros2_tobii_glasses2/install/tobii_glasses_pkg/include/tobii_glasses_pkg/msg/detail/gaze_position__rosidl_typesupport_introspection_cpp.hpp
[5.088s] -- Installing: /home/ema/workspaces/ros2_tobii_glasses2/install/tobii_glasses_pkg/include/tobii_glasses_pkg/msg/detail/gaze_position3_d__type_support.cpp
[5.088s] -- Installing: /home/ema/workspaces/ros2_tobii_glasses2/install/tobii_glasses_pkg/include/tobii_glasses_pkg/msg/detail/gaze_position__type_support.cpp
[5.088s] -- Installing: /home/ema/workspaces/ros2_tobii_glasses2/install/tobii_glasses_pkg/include/tobii_glasses_pkg/msg/detail/tobii_glasses__rosidl_typesupport_introspection_cpp.hpp
[5.088s] -- Installing: /home/ema/workspaces/ros2_tobii_glasses2/install/tobii_glasses_pkg/include/tobii_glasses_pkg/msg/detail/eye_data__rosidl_typesupport_introspection_cpp.hpp
[5.089s] -- Installing: /home/ema/workspaces/ros2_tobii_glasses2/install/tobii_glasses_pkg/include/tobii_glasses_pkg/msg/detail/gaze_position3_d__rosidl_typesupport_introspection_cpp.hpp
[5.089s] -- Installing: /home/ema/workspaces/ros2_tobii_glasses2/install/tobii_glasses_pkg/include/tobii_glasses_pkg/msg/detail/eye_data__type_support.cpp
[5.089s] -- Installing: /home/ema/workspaces/ros2_tobii_glasses2/install/tobii_glasses_pkg/include/tobii_glasses_pkg/msg/detail/tobii_glasses__type_support.cpp
[5.089s] -- Installing: /home/ema/workspaces/ros2_tobii_glasses2/install/tobii_glasses_pkg/lib/libtobii_glasses_pkg__rosidl_typesupport_introspection_cpp.so
[5.089s] -- Set runtime path of "/home/ema/workspaces/ros2_tobii_glasses2/install/tobii_glasses_pkg/lib/libtobii_glasses_pkg__rosidl_typesupport_introspection_cpp.so" to ""
[5.090s] -- Installing: /home/ema/workspaces/ros2_tobii_glasses2/install/tobii_glasses_pkg/lib/libtobii_glasses_pkg__rosidl_typesupport_cpp.so
[5.090s] -- Set runtime path of "/home/ema/workspaces/ros2_tobii_glasses2/install/tobii_glasses_pkg/lib/libtobii_glasses_pkg__rosidl_typesupport_cpp.so" to ""
[5.090s] -- Installing: /home/ema/workspaces/ros2_tobii_glasses2/install/tobii_glasses_pkg/lib/python3.8/site-packages/tobii_glasses_pkg/__init__.py
[5.113s] Compiling '/home/ema/workspaces/ros2_tobii_glasses2/install/tobii_glasses_pkg/lib/python3.8/site-packages/tobii_glasses_pkg/__init__.py'...
[5.116s] -- Installing: /home/ema/workspaces/ros2_tobii_glasses2/install/tobii_glasses_pkg/lib/python3.8/site-packages/tobii_glasses_pkg/msg
[5.116s] -- Installing: /home/ema/workspaces/ros2_tobii_glasses2/install/tobii_glasses_pkg/lib/python3.8/site-packages/tobii_glasses_pkg/msg/_eye_data_s.c
[5.116s] -- Installing: /home/ema/workspaces/ros2_tobii_glasses2/install/tobii_glasses_pkg/lib/python3.8/site-packages/tobii_glasses_pkg/msg/_gaze_position3_d.py
[5.116s] -- Installing: /home/ema/workspaces/ros2_tobii_glasses2/install/tobii_glasses_pkg/lib/python3.8/site-packages/tobii_glasses_pkg/msg/_gaze_position_s.c
[5.116s] -- Installing: /home/ema/workspaces/ros2_tobii_glasses2/install/tobii_glasses_pkg/lib/python3.8/site-packages/tobii_glasses_pkg/msg/_tobii_glasses.py
[5.116s] -- Installing: /home/ema/workspaces/ros2_tobii_glasses2/install/tobii_glasses_pkg/lib/python3.8/site-packages/tobii_glasses_pkg/msg/__init__.py
[5.116s] -- Installing: /home/ema/workspaces/ros2_tobii_glasses2/install/tobii_glasses_pkg/lib/python3.8/site-packages/tobii_glasses_pkg/msg/_tobii_glasses_s.c
[5.116s] -- Installing: /home/ema/workspaces/ros2_tobii_glasses2/install/tobii_glasses_pkg/lib/python3.8/site-packages/tobii_glasses_pkg/msg/_eye_data.py
[5.116s] -- Installing: /home/ema/workspaces/ros2_tobii_glasses2/install/tobii_glasses_pkg/lib/python3.8/site-packages/tobii_glasses_pkg/msg/_gaze_position3_d_s.c
[5.116s] -- Installing: /home/ema/workspaces/ros2_tobii_glasses2/install/tobii_glasses_pkg/lib/python3.8/site-packages/tobii_glasses_pkg/msg/_gaze_position.py
[5.117s] -- Installing: /home/ema/workspaces/ros2_tobii_glasses2/install/tobii_glasses_pkg/lib/python3.8/site-packages/tobii_glasses_pkg/tobii_glasses_pkg_s__rosidl_typesupport_fastrtps_c.cpython-38-x86_64-linux-gnu.so
[5.117s] -- Set runtime path of "/home/ema/workspaces/ros2_tobii_glasses2/install/tobii_glasses_pkg/lib/python3.8/site-packages/tobii_glasses_pkg/tobii_glasses_pkg_s__rosidl_typesupport_fastrtps_c.cpython-38-x86_64-linux-gnu.so" to ""
[5.118s] -- Installing: /home/ema/workspaces/ros2_tobii_glasses2/install/tobii_glasses_pkg/lib/python3.8/site-packages/tobii_glasses_pkg/tobii_glasses_pkg_s__rosidl_typesupport_introspection_c.cpython-38-x86_64-linux-gnu.so
[5.118s] -- Set runtime path of "/home/ema/workspaces/ros2_tobii_glasses2/install/tobii_glasses_pkg/lib/python3.8/site-packages/tobii_glasses_pkg/tobii_glasses_pkg_s__rosidl_typesupport_introspection_c.cpython-38-x86_64-linux-gnu.so" to ""
[5.118s] -- Installing: /home/ema/workspaces/ros2_tobii_glasses2/install/tobii_glasses_pkg/lib/python3.8/site-packages/tobii_glasses_pkg/tobii_glasses_pkg_s__rosidl_typesupport_c.cpython-38-x86_64-linux-gnu.so
[5.119s] -- Set runtime path of "/home/ema/workspaces/ros2_tobii_glasses2/install/tobii_glasses_pkg/lib/python3.8/site-packages/tobii_glasses_pkg/tobii_glasses_pkg_s__rosidl_typesupport_c.cpython-38-x86_64-linux-gnu.so" to ""
[5.119s] -- Installing: /home/ema/workspaces/ros2_tobii_glasses2/install/tobii_glasses_pkg/lib/libtobii_glasses_pkg__python.so
[5.119s] -- Set runtime path of "/home/ema/workspaces/ros2_tobii_glasses2/install/tobii_glasses_pkg/lib/libtobii_glasses_pkg__python.so" to ""
[5.119s] -- Installing: /home/ema/workspaces/ros2_tobii_glasses2/install/tobii_glasses_pkg/share/tobii_glasses_pkg/msg/TobiiGlasses.idl
[5.119s] -- Installing: /home/ema/workspaces/ros2_tobii_glasses2/install/tobii_glasses_pkg/share/tobii_glasses_pkg/msg/GazePosition.idl
[5.119s] -- Installing: /home/ema/workspaces/ros2_tobii_glasses2/install/tobii_glasses_pkg/share/tobii_glasses_pkg/msg/GazePosition3D.idl
[5.120s] -- Installing: /home/ema/workspaces/ros2_tobii_glasses2/install/tobii_glasses_pkg/share/tobii_glasses_pkg/msg/EyeData.idl
[5.120s] -- Installing: /home/ema/workspaces/ros2_tobii_glasses2/install/tobii_glasses_pkg/share/tobii_glasses_pkg/msg/TobiiGlasses.msg
[5.120s] -- Installing: /home/ema/workspaces/ros2_tobii_glasses2/install/tobii_glasses_pkg/share/tobii_glasses_pkg/msg/GazePosition.msg
[5.120s] -- Installing: /home/ema/workspaces/ros2_tobii_glasses2/install/tobii_glasses_pkg/share/tobii_glasses_pkg/msg/GazePosition3D.msg
[5.120s] -- Installing: /home/ema/workspaces/ros2_tobii_glasses2/install/tobii_glasses_pkg/share/tobii_glasses_pkg/msg/EyeData.msg
[5.120s] -- Installing: /home/ema/workspaces/ros2_tobii_glasses2/install/tobii_glasses_pkg/share/ament_index/resource_index/package_run_dependencies/tobii_glasses_pkg
[5.121s] -- Installing: /home/ema/workspaces/ros2_tobii_glasses2/install/tobii_glasses_pkg/share/ament_index/resource_index/parent_prefix_path/tobii_glasses_pkg
[5.121s] -- Installing: /home/ema/workspaces/ros2_tobii_glasses2/install/tobii_glasses_pkg/share/tobii_glasses_pkg/environment/ament_prefix_path.sh
[5.121s] -- Installing: /home/ema/workspaces/ros2_tobii_glasses2/install/tobii_glasses_pkg/share/tobii_glasses_pkg/environment/ament_prefix_path.dsv
[5.121s] -- Installing: /home/ema/workspaces/ros2_tobii_glasses2/install/tobii_glasses_pkg/share/tobii_glasses_pkg/environment/path.sh
[5.121s] -- Installing: /home/ema/workspaces/ros2_tobii_glasses2/install/tobii_glasses_pkg/share/tobii_glasses_pkg/environment/path.dsv
[5.121s] -- Installing: /home/ema/workspaces/ros2_tobii_glasses2/install/tobii_glasses_pkg/share/tobii_glasses_pkg/local_setup.bash
[5.121s] -- Installing: /home/ema/workspaces/ros2_tobii_glasses2/install/tobii_glasses_pkg/share/tobii_glasses_pkg/local_setup.sh
[5.121s] -- Installing: /home/ema/workspaces/ros2_tobii_glasses2/install/tobii_glasses_pkg/share/tobii_glasses_pkg/local_setup.zsh
[5.122s] -- Installing: /home/ema/workspaces/ros2_tobii_glasses2/install/tobii_glasses_pkg/share/tobii_glasses_pkg/local_setup.dsv
[5.122s] -- Installing: /home/ema/workspaces/ros2_tobii_glasses2/install/tobii_glasses_pkg/share/tobii_glasses_pkg/package.dsv
[5.122s] -- Installing: /home/ema/workspaces/ros2_tobii_glasses2/install/tobii_glasses_pkg/share/ament_index/resource_index/packages/tobii_glasses_pkg
[5.122s] -- Installing: /home/ema/workspaces/ros2_tobii_glasses2/install/tobii_glasses_pkg/share/tobii_glasses_pkg/cmake/tobii_glasses_pkg__rosidl_generator_cExport.cmake
[5.122s] -- Installing: /home/ema/workspaces/ros2_tobii_glasses2/install/tobii_glasses_pkg/share/tobii_glasses_pkg/cmake/tobii_glasses_pkg__rosidl_generator_cExport-noconfig.cmake
[5.122s] -- Installing: /home/ema/workspaces/ros2_tobii_glasses2/install/tobii_glasses_pkg/share/tobii_glasses_pkg/cmake/tobii_glasses_pkg__rosidl_typesupport_introspection_cExport.cmake
[5.122s] -- Installing: /home/ema/workspaces/ros2_tobii_glasses2/install/tobii_glasses_pkg/share/tobii_glasses_pkg/cmake/tobii_glasses_pkg__rosidl_typesupport_introspection_cExport-noconfig.cmake
[5.123s] -- Installing: /home/ema/workspaces/ros2_tobii_glasses2/install/tobii_glasses_pkg/share/tobii_glasses_pkg/cmake/tobii_glasses_pkg__rosidl_typesupport_cExport.cmake
[5.123s] -- Installing: /home/ema/workspaces/ros2_tobii_glasses2/install/tobii_glasses_pkg/share/tobii_glasses_pkg/cmake/tobii_glasses_pkg__rosidl_typesupport_cExport-noconfig.cmake
[5.123s] -- Installing: /home/ema/workspaces/ros2_tobii_glasses2/install/tobii_glasses_pkg/share/tobii_glasses_pkg/cmake/tobii_glasses_pkg__rosidl_generator_cppExport.cmake
[5.123s] -- Installing: /home/ema/workspaces/ros2_tobii_glasses2/install/tobii_glasses_pkg/share/tobii_glasses_pkg/cmake/tobii_glasses_pkg__rosidl_typesupport_introspection_cppExport.cmake
[5.123s] -- Installing: /home/ema/workspaces/ros2_tobii_glasses2/install/tobii_glasses_pkg/share/tobii_glasses_pkg/cmake/tobii_glasses_pkg__rosidl_typesupport_introspection_cppExport-noconfig.cmake
[5.124s] -- Installing: /home/ema/workspaces/ros2_tobii_glasses2/install/tobii_glasses_pkg/share/tobii_glasses_pkg/cmake/tobii_glasses_pkg__rosidl_typesupport_cppExport.cmake
[5.124s] -- Installing: /home/ema/workspaces/ros2_tobii_glasses2/install/tobii_glasses_pkg/share/tobii_glasses_pkg/cmake/tobii_glasses_pkg__rosidl_typesupport_cppExport-noconfig.cmake
[5.124s] -- Installing: /home/ema/workspaces/ros2_tobii_glasses2/install/tobii_glasses_pkg/share/tobii_glasses_pkg/cmake/rosidl_cmake-extras.cmake
[5.124s] -- Installing: /home/ema/workspaces/ros2_tobii_glasses2/install/tobii_glasses_pkg/share/tobii_glasses_pkg/cmake/ament_cmake_export_dependencies-extras.cmake
[5.124s] -- Installing: /home/ema/workspaces/ros2_tobii_glasses2/install/tobii_glasses_pkg/share/tobii_glasses_pkg/cmake/ament_cmake_export_libraries-extras.cmake
[5.124s] -- Installing: /home/ema/workspaces/ros2_tobii_glasses2/install/tobii_glasses_pkg/share/tobii_glasses_pkg/cmake/ament_cmake_export_targets-extras.cmake
[5.124s] -- Installing: /home/ema/workspaces/ros2_tobii_glasses2/install/tobii_glasses_pkg/share/tobii_glasses_pkg/cmake/ament_cmake_export_include_directories-extras.cmake
[5.124s] -- Installing: /home/ema/workspaces/ros2_tobii_glasses2/install/tobii_glasses_pkg/share/tobii_glasses_pkg/cmake/rosidl_cmake_export_typesupport_libraries-extras.cmake
[5.125s] -- Installing: /home/ema/workspaces/ros2_tobii_glasses2/install/tobii_glasses_pkg/share/tobii_glasses_pkg/cmake/rosidl_cmake_export_typesupport_targets-extras.cmake
[5.125s] -- Installing: /home/ema/workspaces/ros2_tobii_glasses2/install/tobii_glasses_pkg/share/tobii_glasses_pkg/cmake/tobii_glasses_pkgConfig.cmake
[5.125s] -- Installing: /home/ema/workspaces/ros2_tobii_glasses2/install/tobii_glasses_pkg/share/tobii_glasses_pkg/cmake/tobii_glasses_pkgConfig-version.cmake
[5.125s] -- Installing: /home/ema/workspaces/ros2_tobii_glasses2/install/tobii_glasses_pkg/share/tobii_glasses_pkg/package.xml
[5.127s] Invoked command in '/home/ema/workspaces/ros2_tobii_glasses2/build/tobii_glasses_pkg' returned '0': CMAKE_PREFIX_PATH=/opt/ros/foxy /usr/bin/cmake --install /home/ema/workspaces/ros2_tobii_glasses2/build/tobii_glasses_pkg
