[0.017s] Invoking command in '/home/usr/workspaces/ros2_tobii_glasses2/build/tobii_glasses_pkg': /usr/bin/cmake --build /home/usr/workspaces/ros2_tobii_glasses2/build/tobii_glasses_pkg -- -j8 -l8
[0.046s] -- Found ament_cmake: 0.9.9 (/opt/ros/foxy/share/ament_cmake/cmake)
[0.061s] -- Using PYTHON_EXECUTABLE: /usr/bin/python3
[0.194s] -- Found rclpy: 1.0.8 (/opt/ros/foxy/share/rclpy/cmake)
[0.194s] -- Found std_msgs: 2.0.5 (/opt/ros/foxy/share/std_msgs/cmake)
[0.212s] -- Using all available rosidl_typesupport_c: rosidl_typesupport_fastrtps_c;rosidl_typesupport_introspection_c
[0.215s] -- Found rosidl_adapter: 1.2.1 (/opt/ros/foxy/share/rosidl_adapter/cmake)
[0.318s] -- Using all available rosidl_typesupport_cpp: rosidl_typesupport_fastrtps_cpp;rosidl_typesupport_introspection_cpp
[0.363s] -- Found sensor_msgs: 2.0.5 (/opt/ros/foxy/share/sensor_msgs/cmake)
[0.482s] -- Found cv_bridge: 2.2.1 (/opt/ros/foxy/share/cv_bridge/cmake)
[0.508s] CMake Error at CMakeLists.txt:31 (find_package):
[0.508s]   By not providing "Findjson.cmake" in CMAKE_MODULE_PATH this project has
[0.508s]   asked CMake to find a package configuration file provided by "json", but
[0.509s]   CMake did not find one.
[0.509s] 
[0.509s]   Could not find a package configuration file provided by "json" with any of
[0.509s]   the following names:
[0.509s] 
[0.509s]     jsonConfig.cmake
[0.509s]     json-config.cmake
[0.509s] 
[0.509s]   Add the installation prefix of "json" to CMAKE_PREFIX_PATH or set
[0.509s]   "json_DIR" to a directory containing one of the above files.  If "json"
[0.509s]   provides a separate development package or SDK, be sure it has been
[0.510s]   installed.
[0.510s] 
[0.510s] 
[0.510s] -- Configuring incomplete, errors occurred!
[0.510s] See also "/home/usr/workspaces/ros2_tobii_glasses2/build/tobii_glasses_pkg/CMakeFiles/CMakeOutput.log".
[0.514s] make: *** [Makefile:1468: cmake_check_build_system] Error 1
[0.515s] Invoked command in '/home/usr/workspaces/ros2_tobii_glasses2/build/tobii_glasses_pkg' returned '2': /usr/bin/cmake --build /home/usr/workspaces/ros2_tobii_glasses2/build/tobii_glasses_pkg -- -j8 -l8
