[0.019s] Invoking command in '/home/usr/workspaces/ros2_tobii_glasses2/build/tobii_glasses_pkg': CMAKE_PREFIX_PATH=${CMAKE_PREFIX_PATH}:/opt/ros/foxy /usr/bin/cmake --build /home/usr/workspaces/ros2_tobii_glasses2/build/tobii_glasses_pkg -- -j8 -l8
[0.092s] -- Found ament_cmake: 0.9.9 (/opt/ros/foxy/share/ament_cmake/cmake)
[0.108s] -- Found PythonInterp: /usr/bin/python3 (found suitable version "3.8.10", minimum required is "3") 
[0.109s] -- Using PYTHON_EXECUTABLE: /usr/bin/python3
[0.251s] -- Found rclpy: 1.0.8 (/opt/ros/foxy/share/rclpy/cmake)
[0.252s] -- Found std_msgs: 2.0.5 (/opt/ros/foxy/share/std_msgs/cmake)
[0.273s] -- Using all available rosidl_typesupport_c: rosidl_typesupport_fastrtps_c;rosidl_typesupport_introspection_c
[0.277s] -- Found rosidl_adapter: 1.2.1 (/opt/ros/foxy/share/rosidl_adapter/cmake)
[0.391s] -- Using all available rosidl_typesupport_cpp: rosidl_typesupport_fastrtps_cpp;rosidl_typesupport_introspection_cpp
[0.439s] -- Found sensor_msgs: 2.0.5 (/opt/ros/foxy/share/sensor_msgs/cmake)
[0.564s] -- Found cv_bridge: 2.2.1 (/opt/ros/foxy/share/cv_bridge/cmake)
[0.582s] -- Found rosidl_default_generators: 1.0.1 (/opt/ros/foxy/share/rosidl_default_generators/cmake)
[0.594s] CMake Error at /opt/ros/foxy/share/ament_cmake_python/cmake/ament_python_install_package.cmake:46 (message):
[0.594s]   ament_python_install_package() the Python package folder
[0.594s]   '/home/usr/workspaces/ros2_tobii_glasses2/tobii_glasses_pkg' doesn't
[0.594s]   contain an '__init__.py' file
[0.594s] Call Stack (most recent call first):
[0.595s]   /opt/ros/foxy/share/ament_cmake_python/cmake/ament_python_install_package.cmake:28 (_ament_cmake_python_install_package)
[0.595s]   CMakeLists.txt:45 (ament_python_install_package)
[0.595s] 
[0.595s] 
[0.596s] -- Configuring incomplete, errors occurred!
[0.596s] See also "/home/usr/workspaces/ros2_tobii_glasses2/build/tobii_glasses_pkg/CMakeFiles/CMakeOutput.log".
[0.602s] make: *** [Makefile:1468: cmake_check_build_system] Error 1
[0.605s] Invoked command in '/home/usr/workspaces/ros2_tobii_glasses2/build/tobii_glasses_pkg' returned '2': CMAKE_PREFIX_PATH=${CMAKE_PREFIX_PATH}:/opt/ros/foxy /usr/bin/cmake --build /home/usr/workspaces/ros2_tobii_glasses2/build/tobii_glasses_pkg -- -j8 -l8
